{"numTotalTestSuites":512,"numPassedTestSuites":504,"numFailedTestSuites":8,"numPendingTestSuites":0,"numTotalTests":1188,"numPassedTests":1174,"numFailedTests":14,"numPendingTests":0,"numTodoTests":0,"snapshot":{"added":0,"failure":false,"filesAdded":0,"filesRemoved":0,"filesRemovedList":[],"filesUnmatched":0,"filesUpdated":0,"matched":0,"total":0,"unchecked":0,"uncheckedKeysByFile":[],"unmatched":0,"updated":0,"didUpdate":false},"startTime":1768804571101,"success":false,"testResults":[{"assertionResults":[{"ancestorTitles":["App","rendering"],"fullName":"App rendering renders the navigation","status":"passed","title":"renders the navigation","duration":42.68888500000003,"failureMessages":[],"meta":{}},{"ancestorTitles":["App","rendering"],"fullName":"App rendering renders the footer","status":"passed","title":"renders the footer","duration":11.791270000000168,"failureMessages":[],"meta":{}},{"ancestorTitles":["App","rendering"],"fullName":"App rendering renders the home page by default","status":"passed","title":"renders the home page by default","duration":7.997388000000001,"failureMessages":[],"meta":{}},{"ancestorTitles":["App","rendering"],"fullName":"App rendering renders back to top button","status":"passed","title":"renders back to top button","duration":12.463283000000047,"failureMessages":[],"meta":{}},{"ancestorTitles":["App","rendering"],"fullName":"App rendering renders floating contact button","status":"passed","title":"renders floating contact button","duration":10.493053999999802,"failureMessages":[],"meta":{}},{"ancestorTitles":["App","structure"],"fullName":"App structure has proper page structure","status":"passed","title":"has proper page structure","duration":6.41317499999991,"failureMessages":[],"meta":{}}],"startTime":1768804605066,"endTime":1768804605159.413,"status":"passed","message":"","name":"/workspaces/spark-template/src/__tests__/App.test.tsx"},{"assertionResults":[{"ancestorTitles":["useIsMobile"],"fullName":"useIsMobile returns false on desktop viewport","status":"passed","title":"returns false on desktop viewport","duration":25.83882499999993,"failureMessages":[],"meta":{}},{"ancestorTitles":["useIsMobile"],"fullName":"useIsMobile returns true on mobile viewport","status":"passed","title":"returns true on mobile viewport","duration":2.5196170000000393,"failureMessages":[],"meta":{}},{"ancestorTitles":["useIsMobile"],"fullName":"useIsMobile updates when viewport changes","status":"passed","title":"updates when viewport changes","duration":3.0146000000000868,"failureMessages":[],"meta":{}},{"ancestorTitles":["useIsMobile"],"fullName":"useIsMobile cleans up event listener on unmount","status":"passed","title":"cleans up event listener on unmount","duration":6.217449999999872,"failureMessages":[],"meta":{}}],"startTime":1768804607296,"endTime":1768804607334.2175,"status":"passed","message":"","name":"/workspaces/spark-template/src/hooks/__tests__/use-mobile.test.ts"},{"assertionResults":[{"ancestorTitles":["useTheme"],"fullName":"useTheme defaults to light theme when no preference stored","status":"passed","title":"defaults to light theme when no preference stored","duration":30.881136999999967,"failureMessages":[],"meta":{}},{"ancestorTitles":["useTheme"],"fullName":"useTheme defaults to dark theme when system prefers dark","status":"passed","title":"defaults to dark theme when system prefers dark","duration":2.435380000000009,"failureMessages":[],"meta":{}},{"ancestorTitles":["useTheme"],"fullName":"useTheme reads stored preference from localStorage","status":"passed","title":"reads stored preference from localStorage","duration":2.0749880000000758,"failureMessages":[],"meta":{}},{"ancestorTitles":["useTheme"],"fullName":"useTheme reads light preference from localStorage","status":"passed","title":"reads light preference from localStorage","duration":2.185754000000088,"failureMessages":[],"meta":{}},{"ancestorTitles":["useTheme"],"fullName":"useTheme toggles theme","status":"passed","title":"toggles theme","duration":4.718194999999923,"failureMessages":[],"meta":{}},{"ancestorTitles":["useTheme"],"fullName":"useTheme persists theme to localStorage","status":"passed","title":"persists theme to localStorage","duration":4.802712999999812,"failureMessages":[],"meta":{}},{"ancestorTitles":["useTheme"],"fullName":"useTheme sets data-appearance attribute on document","status":"passed","title":"sets data-appearance attribute on document","duration":4.06597899999997,"failureMessages":[],"meta":{}},{"ancestorTitles":["useTheme"],"fullName":"useTheme toggleTheme is stable across renders","status":"passed","title":"toggleTheme is stable across renders","duration":2.720249999999851,"failureMessages":[],"meta":{}}],"startTime":1768804606487,"endTime":1768804606540.7202,"status":"passed","message":"","name":"/workspaces/spark-template/src/hooks/__tests__/use-theme.test.ts"},{"assertionResults":[{"ancestorTitles":["AnalyticsProvider"],"fullName":"AnalyticsProvider renders children","status":"passed","title":"renders children","duration":63.7226740000001,"failureMessages":[],"meta":{}},{"ancestorTitles":["AnalyticsProvider"],"fullName":"AnalyticsProvider captures UTM parameters on mount","status":"passed","title":"captures UTM parameters on mount","duration":10.48434199999997,"failureMessages":[],"meta":{}},{"ancestorTitles":["AnalyticsProvider"],"fullName":"AnalyticsProvider initializes core analytics on mount","status":"passed","title":"initializes core analytics on mount","duration":3.9504839999999604,"failureMessages":[],"meta":{}},{"ancestorTitles":["AnalyticsProvider"],"fullName":"AnalyticsProvider initializes App Insights when connection string is provided","status":"passed","title":"initializes App Insights when connection string is provided","duration":8.610981000000038,"failureMessages":[],"meta":{}},{"ancestorTitles":["AnalyticsProvider"],"fullName":"AnalyticsProvider initializes GA4 when measurement ID is provided","status":"passed","title":"initializes GA4 when measurement ID is provided","duration":55.457899,"failureMessages":[],"meta":{}},{"ancestorTitles":["AnalyticsProvider"],"fullName":"AnalyticsProvider does not initialize App Insights without connection string","status":"passed","title":"does not initialize App Insights without connection string","duration":7.903493000000026,"failureMessages":[],"meta":{}},{"ancestorTitles":["AnalyticsProvider"],"fullName":"AnalyticsProvider does not initialize GA4 without measurement ID","status":"passed","title":"does not initialize GA4 without measurement ID","duration":12.972185999999965,"failureMessages":[],"meta":{}},{"ancestorTitles":["AnalyticsProvider"],"fullName":"AnalyticsProvider logs initialization in debug mode","status":"passed","title":"logs initialization in debug mode","duration":4.2872919999999795,"failureMessages":[],"meta":{}},{"ancestorTitles":["AnalyticsProvider"],"fullName":"AnalyticsProvider only initializes once even when re-rendered","status":"passed","title":"only initializes once even when re-rendered","duration":6.531435000000101,"failureMessages":[],"meta":{}},{"ancestorTitles":["AnalyticsProvider"],"fullName":"AnalyticsProvider initializes Clarity when enabled with project ID","status":"passed","title":"initializes Clarity when enabled with project ID","duration":2.90917300000001,"failureMessages":[],"meta":{}},{"ancestorTitles":["AnalyticsProvider"],"fullName":"AnalyticsProvider does not initialize Clarity when disabled","status":"passed","title":"does not initialize Clarity when disabled","duration":3.379599999999982,"failureMessages":[],"meta":{}},{"ancestorTitles":["AnalyticsProvider"],"fullName":"AnalyticsProvider handles Clarity initialization error gracefully","status":"passed","title":"handles Clarity initialization error gracefully","duration":3.6798190000001796,"failureMessages":[],"meta":{}},{"ancestorTitles":["AnalyticsProvider"],"fullName":"AnalyticsProvider handles data export initialization error gracefully","status":"passed","title":"handles data export initialization error gracefully","duration":3.6105039999999917,"failureMessages":[],"meta":{}},{"ancestorTitles":["AnalyticsProvider"],"fullName":"AnalyticsProvider handles overall initialization error gracefully","status":"passed","title":"handles overall initialization error gracefully","duration":3.1548700000000736,"failureMessages":[],"meta":{}}],"startTime":1768804596359,"endTime":1768804596552.1548,"status":"passed","message":"","name":"/workspaces/spark-template/src/components/__tests__/AnalyticsProvider.test.tsx"},{"assertionResults":[{"ancestorTitles":["ApplicationsPage","rendering"],"fullName":"ApplicationsPage rendering renders page hero with title","status":"passed","title":"renders page hero with title","duration":60.49008600000002,"failureMessages":[],"meta":{}},{"ancestorTitles":["ApplicationsPage","rendering"],"fullName":"ApplicationsPage rendering renders all application cards","status":"passed","title":"renders all application cards","duration":11.182726000000002,"failureMessages":[],"meta":{}},{"ancestorTitles":["ApplicationsPage","rendering"],"fullName":"ApplicationsPage rendering displays application descriptions","status":"passed","title":"displays application descriptions","duration":7.782112999999981,"failureMessages":[],"meta":{}},{"ancestorTitles":["ApplicationsPage","rendering"],"fullName":"ApplicationsPage rendering displays key benefits","status":"passed","title":"displays key benefits","duration":6.908948999999893,"failureMessages":[],"meta":{}},{"ancestorTitles":["ApplicationsPage","rendering"],"fullName":"ApplicationsPage rendering shows \"+X more benefits\" indicator","status":"passed","title":"shows \"+X more benefits\" indicator","duration":6.30323999999996,"failureMessages":[],"meta":{}},{"ancestorTitles":["ApplicationsPage","rendering"],"fullName":"ApplicationsPage rendering renders explore buttons","status":"passed","title":"renders explore buttons","duration":12.328160000000025,"failureMessages":[],"meta":{}},{"ancestorTitles":["ApplicationsPage","images"],"fullName":"ApplicationsPage images renders application images when available","status":"passed","title":"renders application images when available","duration":19.30823199999986,"failureMessages":[],"meta":{}},{"ancestorTitles":["ApplicationsPage","images"],"fullName":"ApplicationsPage images uses lazy loading for images","status":"passed","title":"uses lazy loading for images","duration":10.099375999999893,"failureMessages":[],"meta":{}},{"ancestorTitles":["ApplicationsPage","accessibility"],"fullName":"ApplicationsPage accessibility all application cards have aria labels","status":"passed","title":"all application cards have aria labels","duration":19.333249000000023,"failureMessages":[],"meta":{}},{"ancestorTitles":["ApplicationsPage","accessibility"],"fullName":"ApplicationsPage accessibility application cards have button role","status":"passed","title":"application cards have button role","duration":11.948532999999998,"failureMessages":[],"meta":{}},{"ancestorTitles":["ApplicationsPage","navigation"],"fullName":"ApplicationsPage navigation calls onNavigate when navigation button is clicked","status":"passed","title":"calls onNavigate when navigation button is clicked","duration":57.290723999999955,"failureMessages":[],"meta":{}}],"startTime":1768804589976,"endTime":1768804590199.2908,"status":"passed","message":"","name":"/workspaces/spark-template/src/components/__tests__/ApplicationsPage.test.tsx"},{"assertionResults":[{"ancestorTitles":["BackToTopButton","visibility"],"fullName":"BackToTopButton visibility is hidden by default when not scrolled","status":"passed","title":"is hidden by default when not scrolled","duration":28.723723000000064,"failureMessages":[],"meta":{}},{"ancestorTitles":["BackToTopButton","visibility"],"fullName":"BackToTopButton visibility shows when scrollY is greater than 400","status":"passed","title":"shows when scrollY is greater than 400","duration":79.62416099999973,"failureMessages":[],"meta":{}},{"ancestorTitles":["BackToTopButton","visibility"],"fullName":"BackToTopButton visibility hides when scrolling back up below threshold","status":"passed","title":"hides when scrolling back up below threshold","duration":8.332992999999988,"failureMessages":[],"meta":{}},{"ancestorTitles":["BackToTopButton","visibility"],"fullName":"BackToTopButton visibility shows when scrollY equals exactly 401","status":"passed","title":"shows when scrollY equals exactly 401","duration":5.506765000000087,"failureMessages":[],"meta":{}},{"ancestorTitles":["BackToTopButton","visibility"],"fullName":"BackToTopButton visibility hides when scrollY equals exactly 400","status":"passed","title":"hides when scrollY equals exactly 400","duration":2.5530790000002526,"failureMessages":[],"meta":{}},{"ancestorTitles":["BackToTopButton","scroll to top functionality"],"fullName":"BackToTopButton scroll to top functionality scrolls to top when clicked","status":"passed","title":"scrolls to top when clicked","duration":11.78279400000065,"failureMessages":[],"meta":{}},{"ancestorTitles":["BackToTopButton","accessibility"],"fullName":"BackToTopButton accessibility has accessible label","status":"passed","title":"has accessible label","duration":5.554874999999811,"failureMessages":[],"meta":{}},{"ancestorTitles":["BackToTopButton","cleanup"],"fullName":"BackToTopButton cleanup removes scroll listener on unmount","status":"passed","title":"removes scroll listener on unmount","duration":3.463426000000254,"failureMessages":[],"meta":{}}],"startTime":1768804598460,"endTime":1768804598606.4634,"status":"passed","message":"","name":"/workspaces/spark-template/src/components/__tests__/BackToTopButton.test.tsx"},{"assertionResults":[{"ancestorTitles":["Breadcrumbs","rendering"],"fullName":"Breadcrumbs rendering renders all breadcrumb items","status":"passed","title":"renders all breadcrumb items","duration":72.4510580000001,"failureMessages":[],"meta":{}},{"ancestorTitles":["Breadcrumbs","rendering"],"fullName":"Breadcrumbs rendering renders clickable links for items with page prop","status":"passed","title":"renders clickable links for items with page prop","duration":6.910080999999991,"failureMessages":[],"meta":{}},{"ancestorTitles":["Breadcrumbs","rendering"],"fullName":"Breadcrumbs rendering renders non-clickable text for items without page prop","status":"passed","title":"renders non-clickable text for items without page prop","duration":5.180636999999933,"failureMessages":[],"meta":{}},{"ancestorTitles":["Breadcrumbs","rendering"],"fullName":"Breadcrumbs rendering renders separators between items","status":"passed","title":"renders separators between items","duration":16.192845000000034,"failureMessages":[],"meta":{}},{"ancestorTitles":["Breadcrumbs","rendering"],"fullName":"Breadcrumbs rendering renders single item correctly","status":"passed","title":"renders single item correctly","duration":2.8928829999999834,"failureMessages":[],"meta":{}},{"ancestorTitles":["Breadcrumbs","navigation"],"fullName":"Breadcrumbs navigation calls onNavigate when clickable item is clicked","status":"passed","title":"calls onNavigate when clickable item is clicked","duration":61.568929000000026,"failureMessages":[],"meta":{}},{"ancestorTitles":["Breadcrumbs","navigation"],"fullName":"Breadcrumbs navigation navigates to correct page for each clickable item","status":"passed","title":"navigates to correct page for each clickable item","duration":21.806669000000056,"failureMessages":[],"meta":{}},{"ancestorTitles":["Breadcrumbs","navigation"],"fullName":"Breadcrumbs navigation does not call onNavigate for non-clickable items","status":"passed","title":"does not call onNavigate for non-clickable items","duration":16.69015400000012,"failureMessages":[],"meta":{}},{"ancestorTitles":["Breadcrumbs","styling"],"fullName":"Breadcrumbs styling applies cursor-pointer to clickable links","status":"passed","title":"applies cursor-pointer to clickable links","duration":6.54912800000011,"failureMessages":[],"meta":{}},{"ancestorTitles":["Breadcrumbs","styling"],"fullName":"Breadcrumbs styling applies muted color to non-clickable items","status":"passed","title":"applies muted color to non-clickable items","duration":6.079373000000032,"failureMessages":[],"meta":{}},{"ancestorTitles":["Breadcrumbs","edge cases"],"fullName":"Breadcrumbs edge cases handles empty trail","status":"passed","title":"handles empty trail","duration":4.815286000000015,"failureMessages":[],"meta":{}},{"ancestorTitles":["Breadcrumbs","edge cases"],"fullName":"Breadcrumbs edge cases handles item with empty page string as non-clickable","status":"passed","title":"handles item with empty page string as non-clickable","duration":5.854653999999982,"failureMessages":[],"meta":{}}],"startTime":1768804597889,"endTime":1768804598116.8547,"status":"passed","message":"","name":"/workspaces/spark-template/src/components/__tests__/Breadcrumbs.test.tsx"},{"assertionResults":[{"ancestorTitles":["ClickableCard","rendering"],"fullName":"ClickableCard rendering renders children correctly","status":"passed","title":"renders children correctly","duration":49.484838999999965,"failureMessages":[],"meta":{}},{"ancestorTitles":["ClickableCard","rendering"],"fullName":"ClickableCard rendering applies aria-label for accessibility","status":"passed","title":"applies aria-label for accessibility","duration":9.727922999999919,"failureMessages":[],"meta":{}},{"ancestorTitles":["ClickableCard","rendering"],"fullName":"ClickableCard rendering has role=\"button\"","status":"passed","title":"has role=\"button\"","duration":2.747801999999865,"failureMessages":[],"meta":{}},{"ancestorTitles":["ClickableCard","rendering"],"fullName":"ClickableCard rendering has tabIndex=0 for keyboard focus","status":"passed","title":"has tabIndex=0 for keyboard focus","duration":3.168146000000206,"failureMessages":[],"meta":{}},{"ancestorTitles":["ClickableCard","click handling"],"fullName":"ClickableCard click handling calls onClick when clicked","status":"passed","title":"calls onClick when clicked","duration":29.27167499999996,"failureMessages":[],"meta":{}},{"ancestorTitles":["ClickableCard","keyboard navigation"],"fullName":"ClickableCard keyboard navigation calls onClick when Enter is pressed","status":"passed","title":"calls onClick when Enter is pressed","duration":4.665285999999924,"failureMessages":[],"meta":{}},{"ancestorTitles":["ClickableCard","keyboard navigation"],"fullName":"ClickableCard keyboard navigation calls onClick when Space is pressed","status":"passed","title":"calls onClick when Space is pressed","duration":2.5627269999999953,"failureMessages":[],"meta":{}},{"ancestorTitles":["ClickableCard","keyboard navigation"],"fullName":"ClickableCard keyboard navigation does not call onClick for other keys","status":"passed","title":"does not call onClick for other keys","duration":3.2027499999999236,"failureMessages":[],"meta":{}},{"ancestorTitles":["ClickableCard","hover styles"],"fullName":"ClickableCard hover styles applies hover styles by default","status":"passed","title":"applies hover styles by default","duration":2.9152540000000045,"failureMessages":[],"meta":{}},{"ancestorTitles":["ClickableCard","hover styles"],"fullName":"ClickableCard hover styles does not apply hover styles when enableHoverStyles is false","status":"passed","title":"does not apply hover styles when enableHoverStyles is false","duration":2.9611700000000383,"failureMessages":[],"meta":{}},{"ancestorTitles":["ClickableCard","custom className"],"fullName":"ClickableCard custom className accepts and applies custom className","status":"passed","title":"accepts and applies custom className","duration":3.088216999999986,"failureMessages":[],"meta":{}},{"ancestorTitles":["ClickableCard","focus styles"],"fullName":"ClickableCard focus styles has focus-visible styles","status":"passed","title":"has focus-visible styles","duration":2.564200000000028,"failureMessages":[],"meta":{}}],"startTime":1768804602172,"endTime":1768804602288.5642,"status":"passed","message":"","name":"/workspaces/spark-template/src/components/__tests__/ClickableCard.test.tsx"},{"assertionResults":[{"ancestorTitles":["ConsentBanner"],"fullName":"ConsentBanner renders when shouldShowBanner is true","status":"passed","title":"renders when shouldShowBanner is true","duration":68.15016699999978,"failureMessages":[],"meta":{}},{"ancestorTitles":["ConsentBanner"],"fullName":"ConsentBanner shows accept all button","status":"passed","title":"shows accept all button","duration":24.197767000000567,"failureMessages":[],"meta":{}},{"ancestorTitles":["ConsentBanner"],"fullName":"ConsentBanner shows necessary only button","status":"passed","title":"shows necessary only button","duration":13.442678000000342,"failureMessages":[],"meta":{}},{"ancestorTitles":["ConsentBanner"],"fullName":"ConsentBanner calls acceptAll when accept all button is clicked","status":"passed","title":"calls acceptAll when accept all button is clicked","duration":20.21687600000041,"failureMessages":[],"meta":{}},{"ancestorTitles":["ConsentBanner"],"fullName":"ConsentBanner calls acceptNecessary when necessary only button is clicked","status":"passed","title":"calls acceptNecessary when necessary only button is clicked","duration":14.546666000000187,"failureMessages":[],"meta":{}},{"ancestorTitles":["ConsentBanner"],"fullName":"ConsentBanner does not render when shouldShowBanner is false","status":"passed","title":"does not render when shouldShowBanner is false","duration":1.6340360000003784,"failureMessages":[],"meta":{}},{"ancestorTitles":["ConsentBanner"],"fullName":"ConsentBanner has accessible buttons","status":"passed","title":"has accessible buttons","duration":8.71514500000012,"failureMessages":[],"meta":{}},{"ancestorTitles":["ConsentBanner"],"fullName":"ConsentBanner is memoized for performance","status":"passed","title":"is memoized for performance","duration":0.4471130000001722,"failureMessages":[],"meta":{}},{"ancestorTitles":["ConsentBanner Preferences Dialog"],"fullName":"ConsentBanner Preferences Dialog opens preferences dialog when manage is clicked","status":"passed","title":"opens preferences dialog when manage is clicked","duration":24.30405400000018,"failureMessages":[],"meta":{}},{"ancestorTitles":["ConsentBanner Preferences Dialog"],"fullName":"ConsentBanner Preferences Dialog shows preferences content when isPreferencesOpen is true","status":"passed","title":"shows preferences content when isPreferencesOpen is true","duration":92.31165599999986,"failureMessages":[],"meta":{}},{"ancestorTitles":["ConsentBanner Preferences Dialog"],"fullName":"ConsentBanner Preferences Dialog can toggle consent categories in preferences dialog","status":"passed","title":"can toggle consent categories in preferences dialog","duration":57.08698499999991,"failureMessages":[],"meta":{}},{"ancestorTitles":["ConsentBanner Preferences Dialog"],"fullName":"ConsentBanner Preferences Dialog toggles analytics category when switch is clicked","status":"passed","title":"toggles analytics category when switch is clicked","duration":53.764540999999554,"failureMessages":[],"meta":{}},{"ancestorTitles":["ConsentBanner Preferences Dialog"],"fullName":"ConsentBanner Preferences Dialog does not allow toggling necessary category","status":"passed","title":"does not allow toggling necessary category","duration":40.116580999999314,"failureMessages":[],"meta":{}},{"ancestorTitles":["ConsentBanner Preferences Dialog"],"fullName":"ConsentBanner Preferences Dialog calls updateCategories when save preferences is clicked","status":"passed","title":"calls updateCategories when save preferences is clicked","duration":41.43273399999998,"failureMessages":[],"meta":{}},{"ancestorTitles":["ConsentBanner Preferences Dialog"],"fullName":"ConsentBanner Preferences Dialog calls closePreferences when cancel button is clicked in dialog","status":"passed","title":"calls closePreferences when cancel button is clicked in dialog","duration":50.107168999999885,"failureMessages":[],"meta":{}},{"ancestorTitles":["ConsentBanner Preferences Dialog"],"fullName":"ConsentBanner Preferences Dialog can click Accept All button in dialog","status":"passed","title":"can click Accept All button in dialog","duration":37.37334600000031,"failureMessages":[],"meta":{}},{"ancestorTitles":["ManageCookiesLink"],"fullName":"ManageCookiesLink renders with default text","status":"passed","title":"renders with default text","duration":2.33810799999992,"failureMessages":[],"meta":{}},{"ancestorTitles":["ManageCookiesLink"],"fullName":"ManageCookiesLink calls openPreferences when clicked","status":"passed","title":"calls openPreferences when clicked","duration":2.2222320000000764,"failureMessages":[],"meta":{}},{"ancestorTitles":["ManageCookiesLink"],"fullName":"ManageCookiesLink accepts custom children","status":"passed","title":"accepts custom children","duration":1.8871579999995447,"failureMessages":[],"meta":{}},{"ancestorTitles":["ConsentStatusIndicator"],"fullName":"ConsentStatusIndicator shows \"Not set\" when not interacted","status":"passed","title":"shows \"Not set\" when not interacted","duration":3.0679989999998725,"failureMessages":[],"meta":{}},{"ancestorTitles":["ConsentStatusIndicator"],"fullName":"ConsentStatusIndicator shows \"Essential only\" when only necessary cookies accepted","status":"passed","title":"shows \"Essential only\" when only necessary cookies accepted","duration":2.8473579999999856,"failureMessages":[],"meta":{}},{"ancestorTitles":["ConsentStatusIndicator"],"fullName":"ConsentStatusIndicator shows analytics status when analytics consented","status":"passed","title":"shows analytics status when analytics consented","duration":2.6851550000001225,"failureMessages":[],"meta":{}},{"ancestorTitles":["ConsentStatusIndicator"],"fullName":"ConsentStatusIndicator shows both analytics and marketing when both consented","status":"passed","title":"shows both analytics and marketing when both consented","duration":2.811992000000828,"failureMessages":[],"meta":{}},{"ancestorTitles":["ConsentStatusIndicator"],"fullName":"ConsentStatusIndicator opens preferences when clicked","status":"passed","title":"opens preferences when clicked","duration":3.834497000000738,"failureMessages":[],"meta":{}}],"startTime":1768804582719,"endTime":1768804583289.8345,"status":"passed","message":"","name":"/workspaces/spark-template/src/components/__tests__/ConsentBanner.test.tsx"},{"assertionResults":[{"ancestorTitles":["ContactLinks","rendering"],"fullName":"ContactLinks rendering renders both buttons by default","status":"passed","title":"renders both buttons by default","duration":78.83264999999938,"failureMessages":[],"meta":{}},{"ancestorTitles":["ContactLinks","rendering"],"fullName":"ContactLinks rendering renders only WhatsApp when showEmail is false","status":"passed","title":"renders only WhatsApp when showEmail is false","duration":7.353798000000097,"failureMessages":[],"meta":{}},{"ancestorTitles":["ContactLinks","rendering"],"fullName":"ContactLinks rendering renders only email when showWhatsApp is false","status":"passed","title":"renders only email when showWhatsApp is false","duration":5.1119290000006,"failureMessages":[],"meta":{}},{"ancestorTitles":["ContactLinks","rendering"],"fullName":"ContactLinks rendering renders sales email text when emailType is sales","status":"passed","title":"renders sales email text when emailType is sales","duration":8.039655999999923,"failureMessages":[],"meta":{}},{"ancestorTitles":["ContactLinks","variants"],"fullName":"ContactLinks variants applies default variant","status":"passed","title":"applies default variant","duration":8.232185999999274,"failureMessages":[],"meta":{}},{"ancestorTitles":["ContactLinks","variants"],"fullName":"ContactLinks variants applies outline variant","status":"passed","title":"applies outline variant","duration":8.132560000000012,"failureMessages":[],"meta":{}},{"ancestorTitles":["ContactLinks","variants"],"fullName":"ContactLinks variants applies ghost variant","status":"passed","title":"applies ghost variant","duration":7.536568999999872,"failureMessages":[],"meta":{}},{"ancestorTitles":["ContactLinks","sizes"],"fullName":"ContactLinks sizes applies default size","status":"passed","title":"applies default size","duration":9.410148999999365,"failureMessages":[],"meta":{}},{"ancestorTitles":["ContactLinks","sizes"],"fullName":"ContactLinks sizes applies small size","status":"passed","title":"applies small size","duration":11.12266500000078,"failureMessages":[],"meta":{}},{"ancestorTitles":["ContactLinks","sizes"],"fullName":"ContactLinks sizes applies large size","status":"passed","title":"applies large size","duration":7.849842999999964,"failureMessages":[],"meta":{}},{"ancestorTitles":["ContactLinks","custom className"],"fullName":"ContactLinks custom className applies custom className","status":"passed","title":"applies custom className","duration":5.297054000000571,"failureMessages":[],"meta":{}},{"ancestorTitles":["ContactLinks","interactions"],"fullName":"ContactLinks interactions copies WhatsApp number on click","status":"passed","title":"copies WhatsApp number on click","duration":51.08111699999972,"failureMessages":[],"meta":{}},{"ancestorTitles":["ContactLinks","interactions"],"fullName":"ContactLinks interactions shows error toast when copy fails","status":"passed","title":"shows error toast when copy fails","duration":16.102922999999464,"failureMessages":[],"meta":{}},{"ancestorTitles":["ContactLinks","interactions"],"fullName":"ContactLinks interactions opens email link in new window","status":"passed","title":"opens email link in new window","duration":18.21638299999995,"failureMessages":[],"meta":{}}],"startTime":1768804601131,"endTime":1768804601374.2163,"status":"passed","message":"","name":"/workspaces/spark-template/src/components/__tests__/ContactLinks.test.tsx"},{"assertionResults":[{"ancestorTitles":["ContactPage","rendering"],"fullName":"ContactPage rendering renders page hero with title","status":"passed","title":"renders page hero with title","duration":52.42534499999988,"failureMessages":[],"meta":{}},{"ancestorTitles":["ContactPage","rendering"],"fullName":"ContactPage rendering renders contact form fields","status":"passed","title":"renders contact form fields","duration":10.476809000000003,"failureMessages":[],"meta":{}},{"ancestorTitles":["ContactPage","rendering"],"fullName":"ContactPage rendering renders submit button","status":"passed","title":"renders submit button","duration":11.651088000000072,"failureMessages":[],"meta":{}},{"ancestorTitles":["ContactPage","rendering"],"fullName":"ContactPage rendering renders company field","status":"passed","title":"renders company field","duration":7.520578999999998,"failureMessages":[],"meta":{}},{"ancestorTitles":["ContactPage","rendering"],"fullName":"ContactPage rendering renders subject field","status":"passed","title":"renders subject field","duration":13.856870000000072,"failureMessages":[],"meta":{}},{"ancestorTitles":["ContactPage","rendering"],"fullName":"ContactPage rendering renders message field","status":"passed","title":"renders message field","duration":7.019444999999905,"failureMessages":[],"meta":{}},{"ancestorTitles":["ContactPage","navigation"],"fullName":"ContactPage navigation calls onNavigate when navigation button is clicked","status":"passed","title":"calls onNavigate when navigation button is clicked","duration":34.14226400000007,"failureMessages":[],"meta":{}},{"ancestorTitles":["ContactPage","accessibility"],"fullName":"ContactPage accessibility all form fields have labels","status":"passed","title":"all form fields have labels","duration":6.946028000000069,"failureMessages":[],"meta":{}},{"ancestorTitles":["ContactPage","accessibility"],"fullName":"ContactPage accessibility form is keyboard navigable","status":"passed","title":"form is keyboard navigable","duration":7.287274000000025,"failureMessages":[],"meta":{}}],"startTime":1768804592964,"endTime":1768804593116.2874,"status":"passed","message":"","name":"/workspaces/spark-template/src/components/__tests__/ContactPage.test.tsx"},{"assertionResults":[{"ancestorTitles":["DatasheetsPage","rendering"],"fullName":"DatasheetsPage rendering renders page hero with title","status":"passed","title":"renders page hero with title","duration":52.54208300000005,"failureMessages":[],"meta":{}},{"ancestorTitles":["DatasheetsPage","rendering"],"fullName":"DatasheetsPage rendering renders search input","status":"passed","title":"renders search input","duration":4.649818000000096,"failureMessages":[],"meta":{}},{"ancestorTitles":["DatasheetsPage","rendering"],"fullName":"DatasheetsPage rendering renders category filter badge","status":"passed","title":"renders category filter badge","duration":5.644902000000002,"failureMessages":[],"meta":{}},{"ancestorTitles":["DatasheetsPage","rendering"],"fullName":"DatasheetsPage rendering renders datasheets when provided","status":"passed","title":"renders datasheets when provided","duration":5.199701999999888,"failureMessages":[],"meta":{}},{"ancestorTitles":["DatasheetsPage","rendering"],"fullName":"DatasheetsPage rendering renders download buttons","status":"passed","title":"renders download buttons","duration":11.85138199999983,"failureMessages":[],"meta":{}},{"ancestorTitles":["DatasheetsPage","empty state"],"fullName":"DatasheetsPage empty state shows empty state message when no datasheets","status":"passed","title":"shows empty state message when no datasheets","duration":5.162231999999904,"failureMessages":[],"meta":{}},{"ancestorTitles":["DatasheetsPage","empty state"],"fullName":"DatasheetsPage empty state shows contact links in empty state","status":"passed","title":"shows contact links in empty state","duration":3.7885120000000825,"failureMessages":[],"meta":{}},{"ancestorTitles":["DatasheetsPage","empty state"],"fullName":"DatasheetsPage empty state shows clear filters button in empty state","status":"passed","title":"shows clear filters button in empty state","duration":8.63187999999991,"failureMessages":[],"meta":{}},{"ancestorTitles":["DatasheetsPage","navigation"],"fullName":"DatasheetsPage navigation calls onNavigate when navigation button is clicked","status":"passed","title":"calls onNavigate when navigation button is clicked","duration":41.98572399999989,"failureMessages":[],"meta":{}}],"startTime":1768804603629,"endTime":1768804603768.9858,"status":"passed","message":"","name":"/workspaces/spark-template/src/components/__tests__/DatasheetsPage.test.tsx"},{"assertionResults":[{"ancestorTitles":["ErrorFallback","rendering in production mode"],"fullName":"ErrorFallback rendering in production mode renders error alert","status":"passed","title":"renders error alert","duration":65.26252399999998,"failureMessages":[],"meta":{}},{"ancestorTitles":["ErrorFallback","rendering in production mode"],"fullName":"ErrorFallback rendering in production mode displays error message","status":"passed","title":"displays error message","duration":7.095776999999998,"failureMessages":[],"meta":{}},{"ancestorTitles":["ErrorFallback","rendering in production mode"],"fullName":"ErrorFallback rendering in production mode renders try again button","status":"passed","title":"renders try again button","duration":20.63393300000007,"failureMessages":[],"meta":{}},{"ancestorTitles":["ErrorFallback","rendering in production mode"],"fullName":"ErrorFallback rendering in production mode calls resetErrorBoundary when button is clicked","status":"passed","title":"calls resetErrorBoundary when button is clicked","duration":28.152929000000086,"failureMessages":[],"meta":{}},{"ancestorTitles":["ErrorFallback","rendering in production mode"],"fullName":"ErrorFallback rendering in production mode displays error details section","status":"passed","title":"displays error details section","duration":8.461011999999982,"failureMessages":[],"meta":{}},{"ancestorTitles":["ErrorFallback","rendering in production mode"],"fullName":"ErrorFallback rendering in production mode renders with proper layout classes","status":"passed","title":"renders with proper layout classes","duration":6.175891999999976,"failureMessages":[],"meta":{}},{"ancestorTitles":["ErrorFallback","rendering in production mode"],"fullName":"ErrorFallback rendering in production mode shows contact information","status":"passed","title":"shows contact information","duration":7.085297000000082,"failureMessages":[],"meta":{}},{"ancestorTitles":["ErrorFallback","error message display"],"fullName":"ErrorFallback error message display displays long error messages","status":"passed","title":"displays long error messages","duration":10.35886000000005,"failureMessages":[],"meta":{}},{"ancestorTitles":["ErrorFallback","error message display"],"fullName":"ErrorFallback error message display displays error with special characters","status":"passed","title":"displays error with special characters","duration":6.858564999999999,"failureMessages":[],"meta":{}},{"ancestorTitles":["ErrorFallback","accessibility"],"fullName":"ErrorFallback accessibility has accessible button","status":"passed","title":"has accessible button","duration":16.175077999999985,"failureMessages":[],"meta":{}}],"startTime":1768804603036,"endTime":1768804603213.175,"status":"passed","message":"","name":"/workspaces/spark-template/src/components/__tests__/ErrorFallback.test.tsx"},{"assertionResults":[{"ancestorTitles":["FloatingContactButton","initial state"],"fullName":"FloatingContactButton initial state renders a button","status":"passed","title":"renders a button","duration":58.903997999999774,"failureMessages":[],"meta":{}},{"ancestorTitles":["FloatingContactButton","initial state"],"fullName":"FloatingContactButton initial state renders the chat icon initially","status":"passed","title":"renders the chat icon initially","duration":5.108443000000079,"failureMessages":[],"meta":{}},{"ancestorTitles":["FloatingContactButton","toggle behavior"],"fullName":"FloatingContactButton toggle behavior opens contact menu when button clicked","status":"passed","title":"opens contact menu when button clicked","duration":49.4003560000001,"failureMessages":[],"meta":{}},{"ancestorTitles":["FloatingContactButton","toggle behavior"],"fullName":"FloatingContactButton toggle behavior shows all contact options when open","status":"passed","title":"shows all contact options when open","duration":39.355922000000646,"failureMessages":[],"meta":{}},{"ancestorTitles":["FloatingContactButton","contact actions"],"fullName":"FloatingContactButton contact actions opens email on general enquiry click","status":"passed","title":"opens email on general enquiry click","duration":48.097490999999536,"failureMessages":[],"meta":{}},{"ancestorTitles":["FloatingContactButton","contact actions"],"fullName":"FloatingContactButton contact actions copies whatsapp number on click","status":"passed","title":"copies whatsapp number on click","duration":44.139970999999605,"failureMessages":[],"meta":{}},{"ancestorTitles":["FloatingContactButton","contact actions"],"fullName":"FloatingContactButton contact actions opens maps on visit us click","status":"passed","title":"opens maps on visit us click","duration":44.94534199999998,"failureMessages":[],"meta":{}},{"ancestorTitles":["FloatingContactButton","structure"],"fullName":"FloatingContactButton structure renders in a fixed position container","status":"passed","title":"renders in a fixed position container","duration":4.32516300000043,"failureMessages":[],"meta":{}}],"startTime":1768804588846,"endTime":1768804589141.3252,"status":"passed","message":"","name":"/workspaces/spark-template/src/components/__tests__/FloatingContactButton.test.tsx"},{"assertionResults":[{"ancestorTitles":["Footer","rendering"],"fullName":"Footer rendering renders footer element","status":"passed","title":"renders footer element","duration":75.32563600000049,"failureMessages":[],"meta":{}},{"ancestorTitles":["Footer","rendering"],"fullName":"Footer rendering renders WhatsApp button","status":"passed","title":"renders WhatsApp button","duration":16.532688000000235,"failureMessages":[],"meta":{}},{"ancestorTitles":["Footer","rendering"],"fullName":"Footer rendering renders email buttons","status":"passed","title":"renders email buttons","duration":13.950611000000208,"failureMessages":[],"meta":{}},{"ancestorTitles":["Footer","rendering"],"fullName":"Footer rendering renders company email","status":"passed","title":"renders company email","duration":10.48779999999988,"failureMessages":[],"meta":{}},{"ancestorTitles":["Footer","rendering"],"fullName":"Footer rendering renders address","status":"passed","title":"renders address","duration":10.41517500000009,"failureMessages":[],"meta":{}},{"ancestorTitles":["Footer","rendering"],"fullName":"Footer rendering renders copyright notice","status":"passed","title":"renders copyright notice","duration":7.709311000000525,"failureMessages":[],"meta":{}},{"ancestorTitles":["Footer","rendering"],"fullName":"Footer rendering renders cookie management link","status":"passed","title":"renders cookie management link","duration":10.086983000000146,"failureMessages":[],"meta":{}},{"ancestorTitles":["Footer","rendering"],"fullName":"Footer rendering renders consent status indicator","status":"passed","title":"renders consent status indicator","duration":9.54719699999987,"failureMessages":[],"meta":{}},{"ancestorTitles":["Footer","interactions"],"fullName":"Footer interactions handles WhatsApp click","status":"passed","title":"handles WhatsApp click","duration":65.86611400000038,"failureMessages":[],"meta":{}},{"ancestorTitles":["Footer","interactions"],"fullName":"Footer interactions handles email link clicks","status":"passed","title":"handles email link clicks","duration":36.008272000000034,"failureMessages":[],"meta":{}}],"startTime":1768804603925,"endTime":1768804604182.0083,"status":"passed","message":"","name":"/workspaces/spark-template/src/components/__tests__/Footer.test.tsx"},{"assertionResults":[{"ancestorTitles":["GlobalSearch","rendering"],"fullName":"GlobalSearch rendering renders when open is true","status":"passed","title":"renders when open is true","duration":80.34958899999947,"failureMessages":[],"meta":{}},{"ancestorTitles":["GlobalSearch","rendering"],"fullName":"GlobalSearch rendering does not render when open is false","status":"passed","title":"does not render when open is false","duration":3.1682959999998275,"failureMessages":[],"meta":{}},{"ancestorTitles":["GlobalSearch","rendering"],"fullName":"GlobalSearch rendering renders search input","status":"passed","title":"renders search input","duration":16.033447000000706,"failureMessages":[],"meta":{}},{"ancestorTitles":["GlobalSearch","rendering"],"fullName":"GlobalSearch rendering renders command list","status":"passed","title":"renders command list","duration":19.117977000000792,"failureMessages":[],"meta":{}},{"ancestorTitles":["GlobalSearch","search functionality"],"fullName":"GlobalSearch search functionality updates search query on input","status":"passed","title":"updates search query on input","duration":25.147667000000183,"failureMessages":[],"meta":{}},{"ancestorTitles":["GlobalSearch","keyboard shortcuts"],"fullName":"GlobalSearch keyboard shortcuts toggles on Cmd+K","status":"passed","title":"toggles on Cmd+K","duration":4.89936200000011,"failureMessages":[],"meta":{}},{"ancestorTitles":["GlobalSearch","keyboard shortcuts"],"fullName":"GlobalSearch keyboard shortcuts toggles on Ctrl+K","status":"passed","title":"toggles on Ctrl+K","duration":2.6934809999993377,"failureMessages":[],"meta":{}},{"ancestorTitles":["GlobalSearch","keyboard shortcuts"],"fullName":"GlobalSearch keyboard shortcuts closes when already open on Cmd+K","status":"passed","title":"closes when already open on Cmd+K","duration":16.789505000000645,"failureMessages":[],"meta":{}},{"ancestorTitles":["GlobalSearch","cleanup"],"fullName":"GlobalSearch cleanup cleans up keyboard listener on unmount","status":"passed","title":"cleans up keyboard listener on unmount","duration":27.137115999999878,"failureMessages":[],"meta":{}},{"ancestorTitles":["GlobalSearch","with empty data"],"fullName":"GlobalSearch with empty data handles empty products array","status":"passed","title":"handles empty products array","duration":13.126138000000537,"failureMessages":[],"meta":{}},{"ancestorTitles":["GlobalSearch","with empty data"],"fullName":"GlobalSearch with empty data handles empty team array","status":"passed","title":"handles empty team array","duration":12.447253000000273,"failureMessages":[],"meta":{}},{"ancestorTitles":["GlobalSearch","with empty data"],"fullName":"GlobalSearch with empty data handles all empty arrays","status":"passed","title":"handles all empty arrays","duration":10.167723000000478,"failureMessages":[],"meta":{}}],"startTime":1768804594701,"endTime":1768804594933.1677,"status":"passed","message":"","name":"/workspaces/spark-template/src/components/__tests__/GlobalSearch.test.tsx"},{"assertionResults":[{"ancestorTitles":["HeroImage","rendering"],"fullName":"HeroImage rendering renders an image element","status":"passed","title":"renders an image element","duration":50.00496300000009,"failureMessages":[],"meta":{}},{"ancestorTitles":["HeroImage","rendering"],"fullName":"HeroImage rendering sets correct src attribute","status":"passed","title":"sets correct src attribute","duration":3.7742259999999987,"failureMessages":[],"meta":{}},{"ancestorTitles":["HeroImage","rendering"],"fullName":"HeroImage rendering uses empty alt text by default","status":"passed","title":"uses empty alt text by default","duration":2.6935809999999947,"failureMessages":[],"meta":{}},{"ancestorTitles":["HeroImage","rendering"],"fullName":"HeroImage rendering sets custom alt text when provided","status":"passed","title":"sets custom alt text when provided","duration":11.833317999999963,"failureMessages":[],"meta":{}},{"ancestorTitles":["HeroImage","rendering"],"fullName":"HeroImage rendering applies aria-hidden when no alt text","status":"passed","title":"applies aria-hidden when no alt text","duration":2.9207949999999983,"failureMessages":[],"meta":{}},{"ancestorTitles":["HeroImage","rendering"],"fullName":"HeroImage rendering does not apply aria-hidden when alt text provided","status":"passed","title":"does not apply aria-hidden when alt text provided","duration":3.967736000000059,"failureMessages":[],"meta":{}},{"ancestorTitles":["HeroImage","loading behavior"],"fullName":"HeroImage loading behavior uses lazy loading by default","status":"passed","title":"uses lazy loading by default","duration":2.3846260000000257,"failureMessages":[],"meta":{}},{"ancestorTitles":["HeroImage","loading behavior"],"fullName":"HeroImage loading behavior uses eager loading when priority is true","status":"passed","title":"uses eager loading when priority is true","duration":2.566473999999971,"failureMessages":[],"meta":{}},{"ancestorTitles":["HeroImage","loading behavior"],"fullName":"HeroImage loading behavior sets high fetchPriority when priority is true","status":"passed","title":"sets high fetchPriority when priority is true","duration":2.6496300000001156,"failureMessages":[],"meta":{}},{"ancestorTitles":["HeroImage","loading behavior"],"fullName":"HeroImage loading behavior sets auto fetchPriority by default","status":"passed","title":"sets auto fetchPriority by default","duration":2.7459579999999733,"failureMessages":[],"meta":{}},{"ancestorTitles":["HeroImage","loading behavior"],"fullName":"HeroImage loading behavior has decoding async attribute","status":"passed","title":"has decoding async attribute","duration":2.3542280000001483,"failureMessages":[],"meta":{}},{"ancestorTitles":["HeroImage","image styling"],"fullName":"HeroImage image styling applies object-cover class","status":"passed","title":"applies object-cover class","duration":2.7672589999999673,"failureMessages":[],"meta":{}},{"ancestorTitles":["HeroImage","image styling"],"fullName":"HeroImage image styling applies full width and height classes","status":"passed","title":"applies full width and height classes","duration":7.6428880000000845,"failureMessages":[],"meta":{}},{"ancestorTitles":["HeroImage","onLoad behavior"],"fullName":"HeroImage onLoad behavior handles onLoad event","status":"passed","title":"handles onLoad event","duration":6.704668000000083,"failureMessages":[],"meta":{}},{"ancestorTitles":["HeroImage","custom props"],"fullName":"HeroImage custom props accepts custom className","status":"passed","title":"accepts custom className","duration":2.3342509999999947,"failureMessages":[],"meta":{}},{"ancestorTitles":["HeroImage","custom props"],"fullName":"HeroImage custom props accepts opacity prop","status":"passed","title":"accepts opacity prop","duration":2.0895349999998416,"failureMessages":[],"meta":{}}],"startTime":1768804595312,"endTime":1768804595422.0896,"status":"passed","message":"","name":"/workspaces/spark-template/src/components/__tests__/HeroImage.test.tsx"},{"assertionResults":[{"ancestorTitles":["HomePage","rendering"],"fullName":"HomePage rendering renders hero section with title","status":"passed","title":"renders hero section with title","duration":69.37324799999988,"failureMessages":[],"meta":{}},{"ancestorTitles":["HomePage","rendering"],"fullName":"HomePage rendering renders hero description","status":"passed","title":"renders hero description","duration":17.819486999999754,"failureMessages":[],"meta":{}},{"ancestorTitles":["HomePage","rendering"],"fullName":"HomePage rendering renders Explore Products button","status":"passed","title":"renders Explore Products button","duration":28.187694000000192,"failureMessages":[],"meta":{}},{"ancestorTitles":["HomePage","rendering"],"fullName":"HomePage rendering renders Meet the Team button","status":"passed","title":"renders Meet the Team button","duration":20.289388999999574,"failureMessages":[],"meta":{}},{"ancestorTitles":["HomePage","rendering"],"fullName":"HomePage rendering renders feature cards","status":"passed","title":"renders feature cards","duration":30.175500999999713,"failureMessages":[],"meta":{}},{"ancestorTitles":["HomePage","rendering"],"fullName":"HomePage rendering renders hero image","status":"passed","title":"renders hero image","duration":18.859944999999243,"failureMessages":[],"meta":{}},{"ancestorTitles":["HomePage","navigation"],"fullName":"HomePage navigation navigates to products on Explore Products click","status":"passed","title":"navigates to products on Explore Products click","duration":46.01293199999964,"failureMessages":[],"meta":{}},{"ancestorTitles":["HomePage","navigation"],"fullName":"HomePage navigation navigates to team on Meet the Team click","status":"passed","title":"navigates to team on Meet the Team click","duration":32.635996999999406,"failureMessages":[],"meta":{}},{"ancestorTitles":["HomePage","navigation"],"fullName":"HomePage navigation navigates to team on Our Team card click","status":"passed","title":"navigates to team on Our Team card click","duration":28.11411700000008,"failureMessages":[],"meta":{}},{"ancestorTitles":["HomePage","navigation"],"fullName":"HomePage navigation navigates to materials on Materials card click","status":"passed","title":"navigates to materials on Materials card click","duration":27.679847000000336,"failureMessages":[],"meta":{}},{"ancestorTitles":["HomePage","newsletter subscription"],"fullName":"HomePage newsletter subscription renders email input field","status":"passed","title":"renders email input field","duration":23.788463000000775,"failureMessages":[],"meta":{}},{"ancestorTitles":["HomePage","newsletter subscription"],"fullName":"HomePage newsletter subscription renders subscribe button","status":"passed","title":"renders subscribe button","duration":29.718746999999894,"failureMessages":[],"meta":{}},{"ancestorTitles":["HomePage","newsletter subscription"],"fullName":"HomePage newsletter subscription shows error for empty email","status":"passed","title":"shows error for empty email","duration":48.3660060000002,"failureMessages":[],"meta":{}},{"ancestorTitles":["HomePage","newsletter subscription"],"fullName":"HomePage newsletter subscription shows error for invalid email format","status":"passed","title":"shows error for invalid email format","duration":212.29194800000005,"failureMessages":[],"meta":{}},{"ancestorTitles":["HomePage","newsletter subscription"],"fullName":"HomePage newsletter subscription shows success message for valid email","status":"passed","title":"shows success message for valid email","duration":1244.673006,"failureMessages":[],"meta":{}},{"ancestorTitles":["HomePage","newsletter subscription"],"fullName":"HomePage newsletter subscription clears email input after successful subscription","status":"passed","title":"clears email input after successful subscription","duration":309.3028320000003,"failureMessages":[],"meta":{}},{"ancestorTitles":["HomePage","accessibility"],"fullName":"HomePage accessibility has accessible heading structure","status":"passed","title":"has accessible heading structure","duration":28.82864900000004,"failureMessages":[],"meta":{}},{"ancestorTitles":["HomePage","accessibility"],"fullName":"HomePage accessibility all interactive elements are keyboard accessible","status":"passed","title":"all interactive elements are keyboard accessible","duration":37.16554599999927,"failureMessages":[],"meta":{}}],"startTime":1768804576147,"endTime":1768804578401.1655,"status":"passed","message":"","name":"/workspaces/spark-template/src/components/__tests__/HomePage.test.tsx"},{"assertionResults":[{"ancestorTitles":["MaterialsPage","rendering"],"fullName":"MaterialsPage rendering renders the page hero","status":"passed","title":"renders the page hero","duration":118.50142700000015,"failureMessages":[],"meta":{}},{"ancestorTitles":["MaterialsPage","rendering"],"fullName":"MaterialsPage rendering renders page title","status":"passed","title":"renders page title","duration":13.730094000000463,"failureMessages":[],"meta":{}},{"ancestorTitles":["MaterialsPage","rendering"],"fullName":"MaterialsPage rendering renders material cards","status":"passed","title":"renders material cards","duration":13.239368999999897,"failureMessages":[],"meta":{}},{"ancestorTitles":["MaterialsPage","rendering"],"fullName":"MaterialsPage rendering displays material names","status":"passed","title":"displays material names","duration":11.60877900000014,"failureMessages":[],"meta":{}},{"ancestorTitles":["MaterialsPage","rendering"],"fullName":"MaterialsPage rendering displays material descriptions","status":"passed","title":"displays material descriptions","duration":11.825453999999809,"failureMessages":[],"meta":{}},{"ancestorTitles":["MaterialsPage","rendering"],"fullName":"MaterialsPage rendering displays property badges","status":"passed","title":"displays property badges","duration":9.127884999999878,"failureMessages":[],"meta":{}},{"ancestorTitles":["MaterialsPage","material selection"],"fullName":"MaterialsPage material selection opens material dialog on card click","status":"passed","title":"opens material dialog on card click","duration":80.90383999999995,"failureMessages":[],"meta":{}},{"ancestorTitles":["MaterialsPage","material selection"],"fullName":"MaterialsPage material selection displays selected material name in dialog","status":"passed","title":"displays selected material name in dialog","duration":43.34232199999951,"failureMessages":[],"meta":{}},{"ancestorTitles":["MaterialsPage","accessibility"],"fullName":"MaterialsPage accessibility material cards have aria labels","status":"passed","title":"material cards have aria labels","duration":16.48367699999926,"failureMessages":[],"meta":{}}],"startTime":1768804593725,"endTime":1768804594045.4836,"status":"passed","message":"","name":"/workspaces/spark-template/src/components/__tests__/MaterialsPage.test.tsx"},{"assertionResults":[{"ancestorTitles":["MediaPage","rendering"],"fullName":"MediaPage rendering renders page hero with title","status":"passed","title":"renders page hero with title","duration":93.25051600000006,"failureMessages":[],"meta":{}},{"ancestorTitles":["MediaPage","rendering"],"fullName":"MediaPage rendering renders tabs for videos and case studies","status":"passed","title":"renders tabs for videos and case studies","duration":16.024230999999418,"failureMessages":[],"meta":{}},{"ancestorTitles":["MediaPage","rendering"],"fullName":"MediaPage rendering shows videos tab by default","status":"passed","title":"shows videos tab by default","duration":14.213956000000508,"failureMessages":[],"meta":{}},{"ancestorTitles":["MediaPage","rendering"],"fullName":"MediaPage rendering renders all video cards","status":"passed","title":"renders all video cards","duration":30.633176000000276,"failureMessages":[],"meta":{}},{"ancestorTitles":["MediaPage","rendering"],"fullName":"MediaPage rendering displays video durations","status":"passed","title":"displays video durations","duration":14.555632999999943,"failureMessages":[],"meta":{}},{"ancestorTitles":["MediaPage","rendering"],"fullName":"MediaPage rendering displays video categories","status":"passed","title":"displays video categories","duration":12.728416999999354,"failureMessages":[],"meta":{}},{"ancestorTitles":["MediaPage","tab switching"],"fullName":"MediaPage tab switching switches to case studies tab","status":"passed","title":"switches to case studies tab","duration":42.79741800000011,"failureMessages":[],"meta":{}},{"ancestorTitles":["MediaPage","tab switching"],"fullName":"MediaPage tab switching shows case study cards when tab is selected","status":"passed","title":"shows case study cards when tab is selected","duration":33.94467700000041,"failureMessages":[],"meta":{}},{"ancestorTitles":["MediaPage","video selection"],"fullName":"MediaPage video selection opens video dialog on card click","status":"passed","title":"opens video dialog on card click","duration":34.720556000000215,"failureMessages":[],"meta":{}},{"ancestorTitles":["MediaPage","video selection"],"fullName":"MediaPage video selection displays selected video title in dialog","status":"passed","title":"displays selected video title in dialog","duration":45.17560400000002,"failureMessages":[],"meta":{}},{"ancestorTitles":["MediaPage","case study selection"],"fullName":"MediaPage case study selection opens case study dialog on card click","status":"passed","title":"opens case study dialog on card click","duration":56.484918999999536,"failureMessages":[],"meta":{}},{"ancestorTitles":["MediaPage","empty states"],"fullName":"MediaPage empty states handles empty videos array","status":"passed","title":"handles empty videos array","duration":13.690299999999297,"failureMessages":[],"meta":{}},{"ancestorTitles":["MediaPage","empty states"],"fullName":"MediaPage empty states handles empty case studies array","status":"passed","title":"handles empty case studies array","duration":47.09692600000017,"failureMessages":[],"meta":{}},{"ancestorTitles":["MediaPage","empty states"],"fullName":"MediaPage empty states handles all empty arrays","status":"passed","title":"handles all empty arrays","duration":10.179795999999442,"failureMessages":[],"meta":{}},{"ancestorTitles":["MediaPage","accessibility"],"fullName":"MediaPage accessibility video cards have aria labels","status":"passed","title":"video cards have aria labels","duration":20.925798000000214,"failureMessages":[],"meta":{}},{"ancestorTitles":["MediaPage","accessibility"],"fullName":"MediaPage accessibility tabs are keyboard navigable","status":"passed","title":"tabs are keyboard navigable","duration":30.92750100000012,"failureMessages":[],"meta":{}}],"startTime":1768804576986,"endTime":1768804577503.9275,"status":"passed","message":"","name":"/workspaces/spark-template/src/components/__tests__/MediaPage.test.tsx"},{"assertionResults":[{"ancestorTitles":["Navigation","rendering"],"fullName":"Navigation rendering renders navigation element","status":"passed","title":"renders navigation element","duration":100.13059700000031,"failureMessages":[],"meta":{}},{"ancestorTitles":["Navigation","rendering"],"fullName":"Navigation rendering renders logo image","status":"passed","title":"renders logo image","duration":18.460822000000007,"failureMessages":[],"meta":{}},{"ancestorTitles":["Navigation","rendering"],"fullName":"Navigation rendering renders brand name","status":"passed","title":"renders brand name","duration":16.618938000000526,"failureMessages":[],"meta":{}},{"ancestorTitles":["Navigation","rendering"],"fullName":"Navigation rendering renders navigation items","status":"passed","title":"renders navigation items","duration":28.597177999999985,"failureMessages":[],"meta":{}},{"ancestorTitles":["Navigation","rendering"],"fullName":"Navigation rendering renders search button","status":"passed","title":"renders search button","duration":24.995786000000408,"failureMessages":[],"meta":{}},{"ancestorTitles":["Navigation","rendering"],"fullName":"Navigation rendering renders theme toggle button","status":"passed","title":"renders theme toggle button","duration":32.34355900000082,"failureMessages":[],"meta":{}},{"ancestorTitles":["Navigation","navigation"],"fullName":"Navigation navigation calls onNavigate when nav item is clicked","status":"passed","title":"calls onNavigate when nav item is clicked","duration":64.53729399999975,"failureMessages":[],"meta":{}},{"ancestorTitles":["Navigation","navigation"],"fullName":"Navigation navigation calls onNavigate with home when logo is clicked","status":"passed","title":"calls onNavigate with home when logo is clicked","duration":28.194344000000456,"failureMessages":[],"meta":{}},{"ancestorTitles":["Navigation","search"],"fullName":"Navigation search calls onOpenSearch when search button is clicked","status":"passed","title":"calls onOpenSearch when search button is clicked","duration":47.666857000000164,"failureMessages":[],"meta":{}},{"ancestorTitles":["Navigation","theme toggle"],"fullName":"Navigation theme toggle calls onToggleTheme when theme button is clicked","status":"passed","title":"calls onToggleTheme when theme button is clicked","duration":37.754955999999765,"failureMessages":[],"meta":{}},{"ancestorTitles":["Navigation","theme toggle"],"fullName":"Navigation theme toggle shows sun icon when dark mode is active","status":"passed","title":"shows sun icon when dark mode is active","duration":47.923532999999225,"failureMessages":[],"meta":{}},{"ancestorTitles":["Navigation","theme toggle"],"fullName":"Navigation theme toggle shows moon icon when light mode is active","status":"passed","title":"shows moon icon when light mode is active","duration":28.62323599999945,"failureMessages":[],"meta":{}},{"ancestorTitles":["Navigation","current page highlighting"],"fullName":"Navigation current page highlighting highlights current page nav item","status":"passed","title":"highlights current page nav item","duration":17.82079900000008,"failureMessages":[],"meta":{}},{"ancestorTitles":["Navigation","mobile navigation"],"fullName":"Navigation mobile navigation renders mobile menu trigger","status":"passed","title":"renders mobile menu trigger","duration":21.376177000000098,"failureMessages":[],"meta":{}}],"startTime":1768804583439,"endTime":1768804583955.3762,"status":"passed","message":"","name":"/workspaces/spark-template/src/components/__tests__/Navigation.test.tsx"},{"assertionResults":[{"ancestorTitles":["NewsPage","rendering"],"fullName":"NewsPage rendering renders page hero with title","status":"passed","title":"renders page hero with title","duration":114.82613499999934,"failureMessages":[],"meta":{}},{"ancestorTitles":["NewsPage","rendering"],"fullName":"NewsPage rendering renders tabs for news and publications","status":"passed","title":"renders tabs for news and publications","duration":34.76727000000028,"failureMessages":[],"meta":{}},{"ancestorTitles":["NewsPage","rendering"],"fullName":"NewsPage rendering shows news tab by default","status":"passed","title":"shows news tab by default","duration":37.87400200000047,"failureMessages":[],"meta":{}},{"ancestorTitles":["NewsPage","rendering"],"fullName":"NewsPage rendering renders news items","status":"passed","title":"renders news items","duration":38.31625199999962,"failureMessages":[],"meta":{}},{"ancestorTitles":["NewsPage","rendering"],"fullName":"NewsPage rendering displays news categories","status":"passed","title":"displays news categories","duration":28.46648499999992,"failureMessages":[],"meta":{}},{"ancestorTitles":["NewsPage","rendering"],"fullName":"NewsPage rendering displays news dates","status":"passed","title":"displays news dates","duration":18.5835019999995,"failureMessages":[],"meta":{}},{"ancestorTitles":["NewsPage","tab switching"],"fullName":"NewsPage tab switching switches to publications tab","status":"passed","title":"switches to publications tab","duration":67.84549799999968,"failureMessages":[],"meta":{}},{"ancestorTitles":["NewsPage","tab switching"],"fullName":"NewsPage tab switching can switch to publications tab","status":"passed","title":"can switch to publications tab","duration":53.950277999999344,"failureMessages":[],"meta":{}},{"ancestorTitles":["NewsPage","tab switching"],"fullName":"NewsPage tab switching displays publication content when tab is active","status":"passed","title":"displays publication content when tab is active","duration":53.96571700000004,"failureMessages":[],"meta":{}},{"ancestorTitles":["NewsPage","publication filtering"],"fullName":"NewsPage publication filtering renders filter badges","status":"passed","title":"renders filter badges","duration":54.114934000000176,"failureMessages":[],"meta":{}},{"ancestorTitles":["NewsPage","news selection"],"fullName":"NewsPage news selection opens news dialog on card click","status":"passed","title":"opens news dialog on card click","duration":63.4185350000007,"failureMessages":[],"meta":{}},{"ancestorTitles":["NewsPage","news selection"],"fullName":"NewsPage news selection displays selected news title in dialog","status":"passed","title":"displays selected news title in dialog","duration":61.90151900000001,"failureMessages":[],"meta":{}},{"ancestorTitles":["NewsPage","publication selection"],"fullName":"NewsPage publication selection opens publication dialog on card click","status":"passed","title":"opens publication dialog on card click","duration":90.46036599999934,"failureMessages":[],"meta":{}},{"ancestorTitles":["NewsPage","empty states"],"fullName":"NewsPage empty states handles empty news array","status":"passed","title":"handles empty news array","duration":8.540419999999358,"failureMessages":[],"meta":{}},{"ancestorTitles":["NewsPage","empty states"],"fullName":"NewsPage empty states handles empty publications array","status":"passed","title":"handles empty publications array","duration":22.31214099999943,"failureMessages":[],"meta":{}},{"ancestorTitles":["NewsPage","empty states"],"fullName":"NewsPage empty states handles all empty arrays","status":"passed","title":"handles all empty arrays","duration":6.7101889999994455,"failureMessages":[],"meta":{}},{"ancestorTitles":["NewsPage","accessibility"],"fullName":"NewsPage accessibility news cards have aria labels","status":"passed","title":"news cards have aria labels","duration":16.712484000000586,"failureMessages":[],"meta":{}},{"ancestorTitles":["NewsPage","accessibility"],"fullName":"NewsPage accessibility tabs are keyboard navigable","status":"passed","title":"tabs are keyboard navigable","duration":17.613303000000087,"failureMessages":[],"meta":{}}],"startTime":1768804576348,"endTime":1768804577139.6133,"status":"passed","message":"","name":"/workspaces/spark-template/src/components/__tests__/NewsPage.test.tsx"},{"assertionResults":[{"ancestorTitles":["PageHero","rendering"],"fullName":"PageHero rendering renders title correctly","status":"passed","title":"renders title correctly","duration":77.97089699999992,"failureMessages":[],"meta":{}},{"ancestorTitles":["PageHero","rendering"],"fullName":"PageHero rendering renders description correctly","status":"passed","title":"renders description correctly","duration":4.577792999999929,"failureMessages":[],"meta":{}},{"ancestorTitles":["PageHero","rendering"],"fullName":"PageHero rendering renders as a section element","status":"passed","title":"renders as a section element","duration":3.3410480000000007,"failureMessages":[],"meta":{}},{"ancestorTitles":["PageHero","rendering"],"fullName":"PageHero rendering renders title as h1","status":"passed","title":"renders title as h1","duration":5.2023770000000695,"failureMessages":[],"meta":{}},{"ancestorTitles":["PageHero","breadcrumbs"],"fullName":"PageHero breadcrumbs renders breadcrumbs when provided with onNavigate","status":"passed","title":"renders breadcrumbs when provided with onNavigate","duration":14.72099100000014,"failureMessages":[],"meta":{}},{"ancestorTitles":["PageHero","breadcrumbs"],"fullName":"PageHero breadcrumbs does not render breadcrumbs without onNavigate","status":"passed","title":"does not render breadcrumbs without onNavigate","duration":3.630867999999964,"failureMessages":[],"meta":{}},{"ancestorTitles":["PageHero","breadcrumbs"],"fullName":"PageHero breadcrumbs handles breadcrumb navigation","status":"passed","title":"handles breadcrumb navigation","duration":43.90351900000019,"failureMessages":[],"meta":{}},{"ancestorTitles":["PageHero","actions"],"fullName":"PageHero actions renders action buttons when provided","status":"passed","title":"renders action buttons when provided","duration":7.1632220000001325,"failureMessages":[],"meta":{}},{"ancestorTitles":["PageHero","actions"],"fullName":"PageHero actions does not render actions container when not provided","status":"passed","title":"does not render actions container when not provided","duration":3.4322179999999207,"failureMessages":[],"meta":{}},{"ancestorTitles":["PageHero","children"],"fullName":"PageHero children renders children content","status":"passed","title":"renders children content","duration":6.343705,"failureMessages":[],"meta":{}},{"ancestorTitles":["PageHero","background image"],"fullName":"PageHero background image renders HeroImage when backgroundImage is provided","status":"passed","title":"renders HeroImage when backgroundImage is provided","duration":13.71362299999987,"failureMessages":[],"meta":{}},{"ancestorTitles":["PageHero","background image"],"fullName":"PageHero background image does not render HeroImage when backgroundImage is not provided","status":"passed","title":"does not render HeroImage when backgroundImage is not provided","duration":3.1068609999999808,"failureMessages":[],"meta":{}},{"ancestorTitles":["PageHero","background image"],"fullName":"PageHero background image accepts custom backgroundOpacity","status":"passed","title":"accepts custom backgroundOpacity","duration":4.715869999999995,"failureMessages":[],"meta":{}},{"ancestorTitles":["PageHero","custom className"],"fullName":"PageHero custom className accepts and applies custom className","status":"passed","title":"accepts and applies custom className","duration":2.876753000000008,"failureMessages":[],"meta":{}},{"ancestorTitles":["PageHero","default styles"],"fullName":"PageHero default styles applies hero section classes","status":"passed","title":"applies hero section classes","duration":2.6993419999998878,"failureMessages":[],"meta":{}},{"ancestorTitles":["PageHero","default styles"],"fullName":"PageHero default styles applies responsive padding","status":"passed","title":"applies responsive padding","duration":2.68874199999982,"failureMessages":[],"meta":{}}],"startTime":1768804591633,"endTime":1768804591834.6887,"status":"passed","message":"","name":"/workspaces/spark-template/src/components/__tests__/PageHero.test.tsx"},{"assertionResults":[{"ancestorTitles":["ProductsInitializer","rendering"],"fullName":"ProductsInitializer rendering renders null (no visible output)","status":"passed","title":"renders null (no visible output)","duration":39.87044300000002,"failureMessages":[],"meta":{}},{"ancestorTitles":["ProductsInitializer","initialization"],"fullName":"ProductsInitializer initialization generates products when products array is empty","status":"passed","title":"generates products when products array is empty","duration":6.86259199999995,"failureMessages":[],"meta":{}},{"ancestorTitles":["ProductsInitializer","initialization"],"fullName":"ProductsInitializer initialization sets products after generation","status":"passed","title":"sets products after generation","duration":56.35525899999993,"failureMessages":[],"meta":{}},{"ancestorTitles":["ProductsInitializer","with existing products"],"fullName":"ProductsInitializer with existing products does not regenerate when products exist","status":"passed","title":"does not regenerate when products exist","duration":105.88893500000017,"failureMessages":[],"meta":{}},{"ancestorTitles":["ProductsInitializer","error handling"],"fullName":"ProductsInitializer error handling handles generation errors gracefully","status":"passed","title":"handles generation errors gracefully","duration":59.14633300000014,"failureMessages":[],"meta":{}}],"startTime":1768804586618,"endTime":1768804586887.1462,"status":"passed","message":"","name":"/workspaces/spark-template/src/components/__tests__/ProductsInitializer.test.tsx"},{"assertionResults":[{"ancestorTitles":["ProductsPage","rendering"],"fullName":"ProductsPage rendering renders page hero with title","status":"passed","title":"renders page hero with title","duration":93.14054099999976,"failureMessages":[],"meta":{}},{"ancestorTitles":["ProductsPage","rendering"],"fullName":"ProductsPage rendering renders all product cards","status":"passed","title":"renders all product cards","duration":28.67905999999948,"failureMessages":[],"meta":{}},{"ancestorTitles":["ProductsPage","rendering"],"fullName":"ProductsPage rendering displays product taglines","status":"passed","title":"displays product taglines","duration":27.66278499999953,"failureMessages":[],"meta":{}},{"ancestorTitles":["ProductsPage","rendering"],"fullName":"ProductsPage rendering shows regulatory status in cards","status":"passed","title":"shows regulatory status in cards","duration":42.1377109999994,"failureMessages":[],"meta":{}},{"ancestorTitles":["ProductsPage","category filtering"],"fullName":"ProductsPage category filtering displays category badges","status":"passed","title":"displays category badges","duration":35.050373000000036,"failureMessages":[],"meta":{}},{"ancestorTitles":["ProductsPage","category filtering"],"fullName":"ProductsPage category filtering displays products when filter is applied","status":"passed","title":"displays products when filter is applied","duration":21.612277000000176,"failureMessages":[],"meta":{}},{"ancestorTitles":["ProductsPage","category filtering"],"fullName":"ProductsPage category filtering maintains product visibility when filters change","status":"passed","title":"maintains product visibility when filters change","duration":32.51916400000027,"failureMessages":[],"meta":{}},{"ancestorTitles":["ProductsPage","product selection"],"fullName":"ProductsPage product selection opens product dialog on card click","status":"passed","title":"opens product dialog on card click","duration":85.84173499999997,"failureMessages":[],"meta":{}},{"ancestorTitles":["ProductsPage","product selection"],"fullName":"ProductsPage product selection displays selected product name in dialog","status":"passed","title":"displays selected product name in dialog","duration":109.01023299999997,"failureMessages":[],"meta":{}},{"ancestorTitles":["ProductsPage","loading state"],"fullName":"ProductsPage loading state handles empty products array as loading state","status":"passed","title":"handles empty products array as loading state","duration":13.101942999999665,"failureMessages":[],"meta":{}},{"ancestorTitles":["ProductsPage","navigation"],"fullName":"ProductsPage navigation opens product dialog with product details","status":"passed","title":"opens product dialog with product details","duration":55.06364100000064,"failureMessages":[],"meta":{}},{"ancestorTitles":["ProductsPage","empty state"],"fullName":"ProductsPage empty state handles empty products array gracefully","status":"passed","title":"handles empty products array gracefully","duration":10.79525299999932,"failureMessages":[],"meta":{}},{"ancestorTitles":["ProductsPage","accessibility"],"fullName":"ProductsPage accessibility product cards are keyboard accessible","status":"passed","title":"product cards are keyboard accessible","duration":19.11439100000007,"failureMessages":[],"meta":{}}],"startTime":1768804582177,"endTime":1768804582752.1145,"status":"passed","message":"","name":"/workspaces/spark-template/src/components/__tests__/ProductsPage.test.tsx"},{"assertionResults":[{"ancestorTitles":["TeamInitializer","rendering"],"fullName":"TeamInitializer rendering renders null (no visible output)","status":"passed","title":"renders null (no visible output)","duration":27.752989999999954,"failureMessages":[],"meta":{}},{"ancestorTitles":["TeamInitializer","initialization"],"fullName":"TeamInitializer initialization sets team members when team array is empty","status":"passed","title":"sets team members when team array is empty","duration":9.373773999999912,"failureMessages":[],"meta":{}},{"ancestorTitles":["TeamInitializer","initialization"],"fullName":"TeamInitializer initialization updates team when length differs from source","status":"passed","title":"updates team when length differs from source","duration":4.014272000000119,"failureMessages":[],"meta":{}},{"ancestorTitles":["TeamInitializer","with existing team"],"fullName":"TeamInitializer with existing team does not update when team length matches","status":"passed","title":"does not update when team length matches","duration":103.18644700000004,"failureMessages":[],"meta":{}}],"startTime":1768804599413,"endTime":1768804599558.1865,"status":"passed","message":"","name":"/workspaces/spark-template/src/components/__tests__/TeamInitializer.test.tsx"},{"assertionResults":[{"ancestorTitles":["TeamPage","rendering"],"fullName":"TeamPage rendering renders page hero with title","status":"passed","title":"renders page hero with title","duration":65.21054000000004,"failureMessages":[],"meta":{}},{"ancestorTitles":["TeamPage","rendering"],"fullName":"TeamPage rendering renders team member cards","status":"passed","title":"renders team member cards","duration":17.007332999999562,"failureMessages":[],"meta":{}},{"ancestorTitles":["TeamPage","rendering"],"fullName":"TeamPage rendering displays team member roles","status":"passed","title":"displays team member roles","duration":25.831411999999546,"failureMessages":[],"meta":{}},{"ancestorTitles":["TeamPage","rendering"],"fullName":"TeamPage rendering displays team member short bios","status":"passed","title":"displays team member short bios","duration":15.14246699999967,"failureMessages":[],"meta":{}},{"ancestorTitles":["TeamPage","rendering"],"fullName":"TeamPage rendering renders member images when available","status":"passed","title":"renders member images when available","duration":19.908472000000074,"failureMessages":[],"meta":{}},{"ancestorTitles":["TeamPage","category grouping"],"fullName":"TeamPage category grouping groups team members by category","status":"passed","title":"groups team members by category","duration":15.631612999999561,"failureMessages":[],"meta":{}},{"ancestorTitles":["TeamPage","member selection"],"fullName":"TeamPage member selection opens member dialog on card click","status":"passed","title":"opens member dialog on card click","duration":110.99565999999959,"failureMessages":[],"meta":{}},{"ancestorTitles":["TeamPage","member selection"],"fullName":"TeamPage member selection displays selected member name in dialog","status":"passed","title":"displays selected member name in d
[...]
g","locations":[{"start":{"line":60,"column":72},"end":{"line":60,"column":74}}],"line":60},"1":{"loc":{"start":{"line":72,"column":2},"end":{"line":82,"column":null}},"type":"if","locations":[{"start":{"line":72,"column":2},"end":{"line":82,"column":null}},{"start":{},"end":{}}],"line":72},"2":{"loc":{"start":{"line":76,"column":4},"end":{"line":81,"column":null}},"type":"if","locations":[{"start":{"line":76,"column":4},"end":{"line":81,"column":null}},{"start":{},"end":{}}],"line":76},"3":{"loc":{"start":{"line":76,"column":8},"end":{"line":76,"column":62}},"type":"binary-expr","locations":[{"start":{"line":76,"column":8},"end":{"line":76,"column":30}},{"start":{"line":76,"column":34},"end":{"line":76,"column":62}}],"line":76},"4":{"loc":{"start":{"line":84,"column":2},"end":{"line":87,"column":null}},"type":"if","locations":[{"start":{"line":84,"column":2},"end":{"line":87,"column":null}},{"start":{},"end":{}}],"line":84},"5":{"loc":{"start":{"line":94,"column":2},"end":{"line":94,"column":null}},"type":"if","locations":[{"start":{"line":94,"column":2},"end":{"line":94,"column":null}},{"start":{},"end":{}}],"line":94},"6":{"loc":{"start":{"line":103,"column":4},"end":{"line":105,"column":null}},"type":"if","locations":[{"start":{"line":103,"column":4},"end":{"line":105,"column":null}},{"start":{},"end":{}}],"line":103},"7":{"loc":{"start":{"line":110,"column":4},"end":{"line":122,"column":null}},"type":"if","locations":[{"start":{"line":110,"column":4},"end":{"line":122,"column":null}},{"start":{},"end":{}}],"line":110},"8":{"loc":{"start":{"line":117,"column":19},"end":{"line":117,"column":null}},"type":"binary-expr","locations":[{"start":{"line":117,"column":19},"end":{"line":117,"column":32}},{"start":{"line":117,"column":36},"end":{"line":117,"column":null}}],"line":117},"9":{"loc":{"start":{"line":126,"column":4},"end":{"line":129,"column":null}},"type":"if","locations":[{"start":{"line":126,"column":4},"end":{"line":129,"column":null}},{"start":{},"end":{}}],"line":126},"10":{"loc":{"start":{"line":139,"column":2},"end":{"line":142,"column":null}},"type":"if","locations":[{"start":{"line":139,"column":2},"end":{"line":142,"column":null}},{"start":{},"end":{}}],"line":139},"11":{"loc":{"start":{"line":162,"column":51},"end":{"line":162,"column":71}},"type":"default-arg","locations":[{"start":{"line":162,"column":66},"end":{"line":162,"column":71}}],"line":162},"12":{"loc":{"start":{"line":164,"column":9},"end":{"line":164,"column":null}},"type":"binary-expr","locations":[{"start":{"line":164,"column":9},"end":{"line":164,"column":26}},{"start":{"line":164,"column":26},"end":{"line":164,"column":null}}],"line":164},"13":{"loc":{"start":{"line":171,"column":9},"end":{"line":171,"column":null}},"type":"binary-expr","locations":[{"start":{"line":171,"column":9},"end":{"line":171,"column":38}},{"start":{"line":171,"column":38},"end":{"line":171,"column":null}}],"line":171},"14":{"loc":{"start":{"line":196,"column":2},"end":{"line":196,"column":42}},"type":"default-arg","locations":[{"start":{"line":196,"column":40},"end":{"line":196,"column":42}}],"line":196},"15":{"loc":{"start":{"line":203,"column":2},"end":{"line":206,"column":null}},"type":"if","locations":[{"start":{"line":203,"column":2},"end":{"line":206,"column":null}},{"start":{},"end":{}}],"line":203},"16":{"loc":{"start":{"line":203,"column":6},"end":{"line":203,"column":72}},"type":"binary-expr","locations":[{"start":{"line":203,"column":6},"end":{"line":203,"column":28}},{"start":{"line":203,"column":28},"end":{"line":203,"column":72}}],"line":203},"17":{"loc":{"start":{"line":226,"column":2},"end":{"line":229,"column":null}},"type":"if","locations":[{"start":{"line":226,"column":2},"end":{"line":229,"column":null}},{"start":{},"end":{}}],"line":226},"18":{"loc":{"start":{"line":238,"column":2},"end":{"line":238,"column":42}},"type":"default-arg","locations":[{"start":{"line":238,"column":40},"end":{"line":238,"column":42}}],"line":238},"19":{"loc":{"start":{"line":241,"column":2},"end":{"line":244,"column":null}},"type":"if","locations":[{"start":{"line":241,"column":2},"end":{"line":244,"column":null}},{"start":{},"end":{}}],"line":241},"20":{"loc":{"start":{"line":254,"column":2},"end":{"line":257,"column":null}},"type":"if","locations":[{"start":{"line":254,"column":2},"end":{"line":257,"column":null}},{"start":{},"end":{}}],"line":254},"21":{"loc":{"start":{"line":264,"column":9},"end":{"line":264,"column":null}},"type":"binary-expr","locations":[{"start":{"line":264,"column":9},"end":{"line":264,"column":48}},{"start":{"line":264,"column":48},"end":{"line":264,"column":null}}],"line":264},"22":{"loc":{"start":{"line":280,"column":2},"end":{"line":282,"column":null}},"type":"if","locations":[{"start":{"line":280,"column":2},"end":{"line":282,"column":null}},{"start":{},"end":{}}],"line":280},"23":{"loc":{"start":{"line":286,"column":2},"end":{"line":288,"column":null}},"type":"if","locations":[{"start":{"line":286,"column":2},"end":{"line":288,"column":null}},{"start":{},"end":{}}],"line":286},"24":{"loc":{"start":{"line":295,"column":28},"end":{"line":297,"column":null}},"type":"cond-expr","locations":[{"start":{"line":296,"column":6},"end":{"line":296,"column":null}},{"start":{"line":297,"column":6},"end":{"line":297,"column":null}}],"line":295},"25":{"loc":{"start":{"line":304,"column":4},"end":{"line":304,"column":null}},"type":"if","locations":[{"start":{"line":304,"column":4},"end":{"line":304,"column":null}},{"start":{},"end":{}}],"line":304},"26":{"loc":{"start":{"line":306,"column":4},"end":{"line":312,"column":null}},"type":"if","locations":[{"start":{"line":306,"column":4},"end":{"line":312,"column":null}},{"start":{},"end":{}}],"line":306},"27":{"loc":{"start":{"line":308,"column":6},"end":{"line":311,"column":null}},"type":"if","locations":[{"start":{"line":308,"column":6},"end":{"line":311,"column":null}},{"start":{},"end":{}}],"line":308},"28":{"loc":{"start":{"line":317,"column":2},"end":{"line":320,"column":null}},"type":"if","locations":[{"start":{"line":317,"column":2},"end":{"line":320,"column":null}},{"start":{},"end":{}}],"line":317},"29":{"loc":{"start":{"line":323,"column":9},"end":{"line":323,"column":null}},"type":"binary-expr","locations":[{"start":{"line":323,"column":9},"end":{"line":323,"column":20}},{"start":{"line":323,"column":24},"end":{"line":323,"column":null}}],"line":323},"30":{"loc":{"start":{"line":378,"column":2},"end":{"line":378,"column":50}},"type":"default-arg","locations":[{"start":{"line":378,"column":32},"end":{"line":378,"column":50}}],"line":378},"31":{"loc":{"start":{"line":382,"column":2},"end":{"line":384,"column":null}},"type":"if","locations":[{"start":{"line":382,"column":2},"end":{"line":384,"column":null}},{"start":{},"end":{}}],"line":382},"32":{"loc":{"start":{"line":382,"column":6},"end":{"line":382,"column":90}},"type":"binary-expr","locations":[{"start":{"line":382,"column":6},"end":{"line":382,"column":41}},{"start":{"line":382,"column":41},"end":{"line":382,"column":90}}],"line":382},"33":{"loc":{"start":{"line":386,"column":2},"end":{"line":388,"column":null}},"type":"if","locations":[{"start":{"line":386,"column":2},"end":{"line":388,"column":null}},{"start":{},"end":{}}],"line":386},"34":{"loc":{"start":{"line":386,"column":6},"end":{"line":386,"column":90}},"type":"binary-expr","locations":[{"start":{"line":386,"column":6},"end":{"line":386,"column":42}},{"start":{"line":386,"column":42},"end":{"line":386,"column":90}}],"line":386},"35":{"loc":{"start":{"line":390,"column":2},"end":{"line":399,"column":null}},"type":"if","locations":[{"start":{"line":390,"column":2},"end":{"line":399,"column":null}},{"start":{},"end":{}}],"line":390},"36":{"loc":{"start":{"line":391,"column":4},"end":{"line":393,"column":null}},"type":"binary-expr","locations":[{"start":{"line":391,"column":4},"end":{"line":391,"column":null}},{"start":{"line":392,"column":4},"end":{"line":392,"column":null}},{"start":{"line":393,"column":4},"end":{"line":393,"column":null}}],"line":391},"37":{"loc":{"start":{"line":396,"column":4},"end":{"line":398,"column":null}},"type":"if","locations":[{"start":{"line":396,"column":4},"end":{"line":398,"column":null}},{"start":{},"end":{}}],"line":396},"38":{"loc":{"start":{"line":416,"column":49},"end":{"line":416,"column":69}},"type":"default-arg","locations":[{"start":{"line":416,"column":64},"end":{"line":416,"column":69}}],"line":416}},"s":{"0":1,"1":1,"2":1,"3":1,"4":59,"5":59,"6":59,"7":316,"8":59,"9":59,"10":9,"11":9,"12":1,"13":59,"14":4,"15":9,"16":0,"17":9,"18":9,"19":8,"20":1,"21":7,"22":7,"23":6,"24":6,"25":6,"26":6,"27":7,"28":7,"29":1,"30":2,"31":6,"32":1,"33":1,"34":2,"35":18,"36":18,"37":4,"38":1,"39":1,"40":13,"41":1,"42":29,"43":29,"44":29,"45":29,"46":1,"47":28,"48":28,"49":28,"50":28,"51":2,"52":6,"53":6,"54":1,"55":1,"56":5,"57":5,"58":1,"59":8,"60":33,"61":1,"62":32,"63":32,"64":5,"65":27,"66":27,"67":27,"68":43,"69":33,"70":33,"71":33,"72":33,"73":42,"74":42,"75":0,"76":42,"77":42,"78":27,"79":27,"80":27,"81":27,"82":0,"83":0,"84":0,"85":0,"86":0,"87":27,"88":27,"89":27,"90":1390,"91":1390,"92":1390,"93":27,"94":5,"95":14,"96":5,"97":14,"98":1,"99":10,"100":10,"101":2,"102":10,"103":2,"104":10,"105":7,"106":7,"107":2,"108":10,"109":5,"110":3,"111":5,"112":4,"113":5,"114":4,"115":4,"116":4,"117":1,"118":4},"f":{"0":59,"1":9,"2":6,"3":2,"4":18,"5":4,"6":1,"7":29,"8":6,"9":8,"10":33,"11":43,"12":27,"13":5,"14":14,"15":14,"16":10,"17":5,"18":3,"19":4,"20":4,"21":4,"22":1},"b":{"0":[59],"1":[9,50],"2":[1,8],"3":[9,1],"4":[4,55],"5":[0,9],"6":[1,7],"7":[6,1],"8":[6,1],"9":[1,6],"10":[1,5],"11":[18],"12":[18,4],"13":[4,1],"14":[29],"15":[1,28],"16":[29,2],"17":[2,26],"18":[6],"19":[1,5],"20":[1,4],"21":[8,1],"22":[1,32],"23":[5,27],"24":[5,22],"25":[0,42],"26":[27,15],"27":[27,0],"28":[0,0],"29":[0,0],"30":[10],"31":[2,8],"32":[10,6],"33":[2,8],"34":[10,7],"35":[7,3],"36":[10,8,8],"37":[2,5],"38":[5]},"meta":{"lastBranch":39,"lastFunction":23,"lastStatement":119,"seen":{"s:23:33:28:Infinity":0,"s:31:47:37:Infinity":1,"s:54:33:54:Infinity":2,"s:55:39:55:Infinity":3,"f:60:22:60:39":0,"b:60:72:60:74":0,"s:61:2:61:Infinity":4,"s:64:19:64:Infinity":5,"s:65:2:67:Infinity":6,"s:66:4:66:Infinity":7,"s:69:2:69:Infinity":8,"b:72:2:82:Infinity:undefined:undefined:undefined:undefined":1,"s:72:2:82:Infinity":9,"s:73:4:73:Infinity":10,"b:76:4:81:Infinity:undefined:undefined:undefined:undefined":2,"s:76:4:81:Infinity":11,"b:76:8:76:30:76:34:76:62":3,"s:77:6:79:Infinity":12,"b:84:2:87:Infinity:undefined:undefined:undefined:undefined":4,"s:84:2:87:Infinity":13,"s:86:4:86:Infinity":14,"f:93:15:93:Infinity":1,"b:94:2:94:Infinity:undefined:undefined:undefined:undefined":5,"s:94:2:94:Infinity":15,"s:94:25:94:31":16,"s:96:2:132:Infinity":17,"s:97:21:101:Infinity":18,"b:103:4:105:Infinity:undefined:undefined:undefined:undefined":6,"s:103:4:105:Infinity":19,"s:104:6:104:Infinity":20,"s:107:17:107:Infinity":21,"b:110:4:122:Infinity:undefined:undefined:undefined:undefined":7,"s:110:4:122:Infinity":22,"s:111:6:121:Infinity":23,"s:112:21:112:Infinity":24,"s:113:22:113:Infinity":25,"s:115:8:120:Infinity":26,"b:117:19:117:32:117:36:117:Infinity":8,"s:124:4:124:Infinity":27,"b:126:4:129:Infinity:undefined:undefined:undefined:undefined":9,"s:126:4:129:Infinity":28,"s:128:6:128:Infinity":29,"s:131:4:131:Infinity":30,"f:138:16:138:Infinity":2,"b:139:2:142:Infinity:undefined:undefined:undefined:undefined":10,"s:139:2:142:Infinity":31,"s:140:4:140:Infinity":32,"s:141:4:141:Infinity":33,"f:148:16:148:Infinity":3,"s:149:2:149:Infinity":34,"f:162:16:162:33":4,"b:162:66:162:71":11,"s:163:15:163:Infinity":35,"s:164:2:164:Infinity":36,"b:164:9:164:26:164:26:164:Infinity":12,"f:170:16:170:31":5,"s:171:2:171:Infinity":37,"b:171:9:171:38:171:38:171:Infinity":13,"f:177:16:177:Infinity":6,"s:178:42:178:Infinity":38,"s:179:2:181:Infinity":39,"s:180:4:180:Infinity":40,"s:182:2:182:Infinity":41,"f:193:16:193:Infinity":7,"b:196:40:196:42":14,"s:198:8:198:Infinity":42,"s:199:8:199:Infinity":43,"s:202:29:202:Infinity":44,"b:203:2:206:Infinity:undefined:undefined:undefined:undefined":15,"s:203:2:206:Infinity":45,"b:203:6:203:28:203:28:203:72":16,"s:205:4:205:Infinity":46,"s:209:43:214:Infinity":47,"s:215:2:215:Infinity":48,"s:218:2:224:Infinity":49,"b:226:2:229:Infinity:undefined:undefined:undefined:undefined":17,"s:226:2:229:Infinity":50,"s:228:4:228:Infinity":51,"f:236:16:236:Infinity":8,"b:238:40:238:42":18,"s:240:21:240:Infinity":52,"b:241:2:244:Infinity:undefined:undefined:undefined:undefined":19,"s:241:2:244:Infinity":53,"s:242:4:242:Infinity":54,"s:243:4:243:Infinity":55,"s:247:2:252:Infinity":56,"b:254:2:257:Infinity:undefined:undefined:undefined:undefined":20,"s:254:2:257:Infinity":57,"s:256:4:256:Infinity":58,"f:263:16:263:40":9,"s:264:2:264:Infinity":59,"b:264:9:264:48:264:48:264:Infinity":21,"f:275:16:275:Infinity":10,"b:280:2:282:Infinity:undefined:undefined:undefined:undefined":22,"s:280:2:282:Infinity":60,"s:281:4:281:Infinity":61,"s:285:19:285:Infinity":62,"b:286:2:288:Infinity:undefined:undefined:undefined:undefined":23,"s:286:2:288:Infinity":63,"s:287:4:287:Infinity":64,"s:291:8:291:Infinity":65,"s:292:15:292:Infinity":66,"s:295:28:297:Infinity":67,"b:296:6:296:Infinity:297:6:297:Infinity":24,"f:297:19:297:25":11,"s:297:25:297:44":68,"s:299:19:299:Infinity":69,"s:300:20:300:Infinity":70,"s:302:2:313:Infinity":71,"s:302:15:302:18":72,"s:303:19:303:39":73,"b:304:4:304:Infinity:undefined:undefined:undefined:undefined":25,"s:304:4:304:Infinity":74,"s:304:31:304:39":75,"s:305:4:305:Infinity":76,"b:306:4:312:Infinity:undefined:undefined:undefined:undefined":26,"s:306:4:312:Infinity":77,"s:307:22:307:33":78,"b:308:6:311:Infinity:undefined:undefined:undefined:undefined":27,"s:308:6:311:Infinity":79,"s:309:8:309:Infinity":80,"s:310:8:310:Infinity":81,"s:316:22:316:51":82,"b:317:2:320:Infinity:undefined:undefined:undefined:undefined":28,"s:317:2:320:Infinity":83,"s:318:4:318:Infinity":84,"s:319:4:319:Infinity":85,"s:323:2:323:Infinity":86,"b:323:9:323:20:323:24:323:Infinity":29,"f:329:9:329:20":12,"s:330:13:330:Infinity":87,"s:331:2:335:Infinity":88,"s:331:15:331:18":89,"s:332:17:332:Infinity":90,"s:333:4:333:Infinity":91,"s:334:4:334:23":92,"s:336:2:336:Infinity":93,"f:342:9:342:26":13,"s:343:14:343:Infinity":94,"f:343:29:343:30":14,"s:343:39:343:46":95,"s:344:2:344:Infinity":96,"f:344:21:344:26":15,"s:344:26:344:Infinity":97,"s:360:44:364:Infinity":98,"f:370:16:370:Infinity":16,"b:378:32:378:50":30,"s:380:28:380:30":99,"b:382:2:384:Infinity:undefined:undefined:undefined:undefined":31,"s:382:2:384:Infinity":100,"b:382:6:382:41:382:41:382:90":32,"s:383:4:383:Infinity":101,"b:386:2:388:Infinity:undefined:undefined:undefined:undefined":33,"s:386:2:388:Infinity":102,"b:386:6:386:42:386:42:386:90":34,"s:387:4:387:Infinity":103,"b:390:2:399:Infinity:undefined:undefined:undefined:undefined":35,"s:390:2:399:Infinity":104,"b:391:4:391:Infinity:392:4:392:Infinity:393:4:393:Infinity":36,"s:395:19:395:109":105,"b:396:4:398:Infinity:undefined:undefined:undefined:undefined":37,"s:396:4:398:Infinity":106,"s:397:6:397:Infinity":107,"s:401:2:404:Infinity":108,"f:416:16:416:31":17,"b:416:64:416:69":38,"s:417:29:417:Infinity":109,"f:417:41:417:47":18,"s:417:47:417:Infinity":110,"s:419:2:424:Infinity":111,"f:419:12:419:Infinity":19,"s:421:4:421:Infinity":112,"s:426:2:426:Infinity":113,"f:432:16:432:Infinity":20,"s:440:17:440:Infinity":114,"f:440:29:440:35":21,"s:440:35:440:Infinity":115,"s:442:8:444:Infinity":116,"f:442:36:442:Infinity":22,"s:443:4:443:Infinity":117,"s:446:2:446:Infinity":118}}},"/workspaces/spark-template/src/lib/seed-data.ts":{"path":"/workspaces/spark-template/src/lib/seed-data.ts","statementMap":{"0":{"start":{"line":23,"column":26},"end":{"line":25,"column":null}},"1":{"start":{"line":37,"column":30},"end":{"line":37,"column":32}},"2":{"start":{"line":39,"column":2},"end":{"line":54,"column":null}},"3":{"start":{"line":40,"column":4},"end":{"line":53,"column":null}},"4":{"start":{"line":56,"column":2},"end":{"line":78,"column":null}},"5":{"start":{"line":57,"column":29},"end":{"line":70,"column":null}},"6":{"start":{"line":72,"column":4},"end":{"line":75,"column":null}},"7":{"start":{"line":73,"column":6},"end":{"line":73,"column":null}},"8":{"start":{"line":74,"column":6},"end":{"line":74,"column":null}},"9":{"start":{"line":77,"column":4},"end":{"line":77,"column":null}},"10":{"start":{"line":80,"column":2},"end":{"line":80,"column":null}}},"fnMap":{"0":{"name":"generateBiomaterialsProducts","decl":{"start":{"line":36,"column":22},"end":{"line":36,"column":null}},"loc":{"start":{"line":36,"column":22},"end":{"line":81,"column":null}},"line":36},"1":{"name":"(anonymous_1)","decl":{"start":{"line":39,"column":20},"end":{"line":39,"column":21}},"loc":{"start":{"line":39,"column":31},"end":{"line":54,"column":null}},"line":39},"2":{"name":"(anonymous_2)","decl":{"start":{"line":56,"column":23},"end":{"line":56,"column":24}},"loc":{"start":{"line":56,"column":37},"end":{"line":78,"column":null}},"line":56}},"branchMap":{"0":{"loc":{"start":{"line":52,"column":19},"end":{"line":52,"column":null}},"type":"cond-expr","locations":[{"start":{"line":52,"column":37},"end":{"line":52,"column":64}},{"start":{"line":52,"column":67},"end":{"line":52,"column":null}}],"line":52},"1":{"loc":{"start":{"line":69,"column":19},"end":{"line":69,"column":null}},"type":"cond-expr","locations":[{"start":{"line":69,"column":37},"end":{"line":69,"column":67}},{"start":{"line":69,"column":70},"end":{"line":69,"column":null}}],"line":69},"2":{"loc":{"start":{"line":72,"column":4},"end":{"line":75,"column":null}},"type":"if","locations":[{"start":{"line":72,"column":4},"end":{"line":75,"column":null}},{"start":{},"end":{}}],"line":72}},"s":{"0":1,"1":11,"2":11,"3":33,"4":11,"5":77,"6":77,"7":11,"8":11,"9":77,"10":11},"f":{"0":11,"1":33,"2":77},"b":{"0":[22,11],"1":[33,44],"2":[11,66]},"meta":{"lastBranch":3,"lastFunction":3,"lastStatement":11,"seen":{"s:23:26:25:Infinity":0,"f:36:22:36:Infinity":0,"s:37:30:37:32":1,"s:39:2:54:Infinity":2,"f:39:20:39:21":1,"s:40:4:53:Infinity":3,"b:52:37:52:64:52:67:52:Infinity":0,"s:56:2:78:Infinity":4,"f:56:23:56:24":2,"s:57:29:70:Infinity":5,"b:69:37:69:67:69:70:69:Infinity":1,"b:72:4:75:Infinity:undefined:undefined:undefined:undefined":2,"s:72:4:75:Infinity":6,"s:73:6:73:Infinity":7,"s:74:6:74:Infinity":8,"s:77:4:77:Infinity":9,"s:80:2:80:Infinity":10}}},"/workspaces/spark-template/src/lib/publications-data.ts":{"path":"/workspaces/spark-template/src/lib/publications-data.ts","statementMap":{"0":{"start":{"line":18,"column":43},"end":{"line":51,"column":null}},"1":{"start":{"line":53,"column":54},"end":{"line":102,"column":null}}},"fnMap":{},"branchMap":{},"s":{"0":1,"1":1},"f":{},"b":{},"meta":{"lastBranch":0,"lastFunction":0,"lastStatement":2,"seen":{"s:18:43:51:Infinity":0,"s:53:54:102:Infinity":1}}},"/workspaces/spark-template/src/lib/utils.ts":{"path":"/workspaces/spark-template/src/lib/utils.ts","statementMap":{"0":{"start":{"line":34,"column":2},"end":{"line":34,"column":null}}},"fnMap":{"0":{"name":"cn","decl":{"start":{"line":33,"column":16},"end":{"line":33,"column":19}},"loc":{"start":{"line":33,"column":42},"end":{"line":35,"column":null}},"line":33}},"branchMap":{},"s":{"0":2256},"f":{"0":2256},"b":{},"meta":{"lastBranch":0,"lastFunction":1,"lastStatement":1,"seen":{"f:33:16:33:19":0,"s:34:2:34:Infinity":0}}},"/workspaces/spark-template/src/lib/team-data.ts":{"path":"/workspaces/spark-template/src/lib/team-data.ts","statementMap":{"0":{"start":{"line":18,"column":41},"end":{"line":140,"column":null}}},"fnMap":{},"branchMap":{},"s":{"0":1},"f":{},"b":{},"meta":{"lastBranch":0,"lastFunction":0,"lastStatement":1,"seen":{"s:18:41:140:Infinity":0}}},"/workspaces/spark-template/src/lib/types.ts":{"path":"/workspaces/spark-template/src/lib/types.ts","statementMap":{},"fnMap":{},"branchMap":{},"s":{},"f":{},"b":{},"meta":{"lastBranch":0,"lastFunction":0,"lastStatement":0,"seen":{}}}}}