{"numTotalTestSuites":532,"numPassedTestSuites":532,"numFailedTestSuites":0,"numPendingTestSuites":0,"numTotalTests":1227,"numPassedTests":1227,"numFailedTests":0,"numPendingTests":0,"numTodoTests":0,"snapshot":{"added":0,"failure":false,"filesAdded":0,"filesRemoved":0,"filesRemovedList":[],"filesUnmatched":0,"filesUpdated":0,"matched":0,"total":0,"unchecked":0,"uncheckedKeysByFile":[],"unmatched":0,"updated":0,"didUpdate":false},"startTime":1769191106624,"success":true,"testResults":[{"assertionResults":[{"ancestorTitles":["App","rendering"],"fullName":"App rendering renders the navigation","status":"passed","title":"renders the navigation","duration":45.75520000000006,"failureMessages":[],"meta":{}},{"ancestorTitles":["App","rendering"],"fullName":"App rendering renders the footer","status":"passed","title":"renders the footer","duration":12.512499999999818,"failureMessages":[],"meta":{}},{"ancestorTitles":["App","rendering"],"fullName":"App rendering renders the home page by default","status":"passed","title":"renders the home page by default","duration":16.20779999999968,"failureMessages":[],"meta":{}},{"ancestorTitles":["App","rendering"],"fullName":"App rendering renders back to top button","status":"passed","title":"renders back to top button","duration":15.804099999999835,"failureMessages":[],"meta":{}},{"ancestorTitles":["App","rendering"],"fullName":"App rendering renders floating contact button","status":"passed","title":"renders floating contact button","duration":15.3128999999999,"failureMessages":[],"meta":{}},{"ancestorTitles":["App","structure"],"fullName":"App structure has proper page structure","status":"passed","title":"has proper page structure","duration":14.671200000000226,"failureMessages":[],"meta":{}}],"startTime":1769191110432,"endTime":1769191110552.6711,"status":"passed","message":"","name":"C:/Users/duyan/Desktop/workspace/polymer-bionics-webs/src/__tests__/App.test.tsx"},{"assertionResults":[{"ancestorTitles":["AnalyticsProvider"],"fullName":"AnalyticsProvider renders children","status":"passed","title":"renders children","duration":29.885899999999765,"failureMessages":[],"meta":{}},{"ancestorTitles":["AnalyticsProvider"],"fullName":"AnalyticsProvider captures UTM parameters on mount","status":"passed","title":"captures UTM parameters on mount","duration":23.066100000000006,"failureMessages":[],"meta":{}},{"ancestorTitles":["AnalyticsProvider"],"fullName":"AnalyticsProvider initializes core analytics on mount","status":"passed","title":"initializes core analytics on mount","duration":4.580699999999979,"failureMessages":[],"meta":{}},{"ancestorTitles":["AnalyticsProvider"],"fullName":"AnalyticsProvider initializes App Insights when connection string is provided","status":"passed","title":"initializes App Insights when connection string is provided","duration":4.8663000000001375,"failureMessages":[],"meta":{}},{"ancestorTitles":["AnalyticsProvider"],"fullName":"AnalyticsProvider initializes GA4 when measurement ID is provided","status":"passed","title":"initializes GA4 when measurement ID is provided","duration":83.57970000000023,"failureMessages":[],"meta":{}},{"ancestorTitles":["AnalyticsProvider"],"fullName":"AnalyticsProvider does not initialize App Insights without connection string","status":"passed","title":"does not initialize App Insights without connection string","duration":15.747400000000198,"failureMessages":[],"meta":{}},{"ancestorTitles":["AnalyticsProvider"],"fullName":"AnalyticsProvider does not initialize GA4 without measurement ID","status":"passed","title":"does not initialize GA4 without measurement ID","duration":15.80619999999999,"failureMessages":[],"meta":{}},{"ancestorTitles":["AnalyticsProvider"],"fullName":"AnalyticsProvider logs initialization in debug mode","status":"passed","title":"logs initialization in debug mode","duration":79.11540000000014,"failureMessages":[],"meta":{}},{"ancestorTitles":["AnalyticsProvider"],"fullName":"AnalyticsProvider only initializes once even when re-rendered","status":"passed","title":"only initializes once even when re-rendered","duration":7.925200000000132,"failureMessages":[],"meta":{}},{"ancestorTitles":["AnalyticsProvider"],"fullName":"AnalyticsProvider initializes Clarity when enabled with project ID","status":"passed","title":"initializes Clarity when enabled with project ID","duration":71.32809999999972,"failureMessages":[],"meta":{}},{"ancestorTitles":["AnalyticsProvider"],"fullName":"AnalyticsProvider does not initialize Clarity when disabled","status":"passed","title":"does not initialize Clarity when disabled","duration":16.669300000000476,"failureMessages":[],"meta":{}},{"ancestorTitles":["AnalyticsProvider"],"fullName":"AnalyticsProvider handles Clarity initialization error gracefully","status":"passed","title":"handles Clarity initialization error gracefully","duration":76.0011000000004,"failureMessages":[],"meta":{}},{"ancestorTitles":["AnalyticsProvider"],"fullName":"AnalyticsProvider handles data export initialization error gracefully","status":"passed","title":"handles data export initialization error gracefully","duration":80.09659999999985,"failureMessages":[],"meta":{}},{"ancestorTitles":["AnalyticsProvider"],"fullName":"AnalyticsProvider handles overall initialization error gracefully","status":"passed","title":"handles overall initialization error gracefully","duration":14.432799999999588,"failureMessages":[],"meta":{}}],"startTime":1769191110453,"endTime":1769191110977.4329,"status":"passed","message":"","name":"C:/Users/duyan/Desktop/workspace/polymer-bionics-webs/src/components/__tests__/AnalyticsProvider.test.tsx"},{"assertionResults":[{"ancestorTitles":["ApplicationsPage","rendering"],"fullName":"ApplicationsPage rendering renders page hero with title","status":"passed","title":"renders page hero with title","duration":50.26919999999973,"failureMessages":[],"meta":{}},{"ancestorTitles":["ApplicationsPage","rendering"],"fullName":"ApplicationsPage rendering renders all application cards","status":"passed","title":"renders all application cards","duration":7.9319000000000415,"failureMessages":[],"meta":{}},{"ancestorTitles":["ApplicationsPage","rendering"],"fullName":"ApplicationsPage rendering displays application descriptions","status":"passed","title":"displays application descriptions","duration":6.206500000000233,"failureMessages":[],"meta":{}},{"ancestorTitles":["ApplicationsPage","rendering"],"fullName":"ApplicationsPage rendering displays key benefits","status":"passed","title":"displays key benefits","duration":5.252400000000307,"failureMessages":[],"meta":{}},{"ancestorTitles":["ApplicationsPage","rendering"],"fullName":"ApplicationsPage rendering shows \"+X more benefits\" indicator","status":"passed","title":"shows \"+X more benefits\" indicator","duration":6.991100000000188,"failureMessages":[],"meta":{}},{"ancestorTitles":["ApplicationsPage","rendering"],"fullName":"ApplicationsPage rendering renders explore buttons","status":"passed","title":"renders explore buttons","duration":11.803499999999985,"failureMessages":[],"meta":{}},{"ancestorTitles":["ApplicationsPage","images"],"fullName":"ApplicationsPage images renders application images when available","status":"passed","title":"renders application images when available","duration":4.722599999999602,"failureMessages":[],"meta":{}},{"ancestorTitles":["ApplicationsPage","images"],"fullName":"ApplicationsPage images uses lazy loading for images","status":"passed","title":"uses lazy loading for images","duration":10.167500000000018,"failureMessages":[],"meta":{}},{"ancestorTitles":["ApplicationsPage","accessibility"],"fullName":"ApplicationsPage accessibility all application cards have aria labels","status":"passed","title":"all application cards have aria labels","duration":5.247100000000046,"failureMessages":[],"meta":{}},{"ancestorTitles":["ApplicationsPage","accessibility"],"fullName":"ApplicationsPage accessibility application cards have button role","status":"passed","title":"application cards have button role","duration":3.967200000000048,"failureMessages":[],"meta":{}},{"ancestorTitles":["ApplicationsPage","navigation"],"fullName":"ApplicationsPage navigation calls onNavigate when navigation button is clicked","status":"passed","title":"calls onNavigate when navigation button is clicked","duration":67.34040000000005,"failureMessages":[],"meta":{}}],"startTime":1769191110015,"endTime":1769191110196.3403,"status":"passed","message":"","name":"C:/Users/duyan/Desktop/workspace/polymer-bionics-webs/src/components/__tests__/ApplicationsPage.test.tsx"},{"assertionResults":[{"ancestorTitles":["BackToTopButton","visibility"],"fullName":"BackToTopButton visibility is hidden by default when not scrolled","status":"passed","title":"is hidden by default when not scrolled","duration":19.836899999998423,"failureMessages":[],"meta":{}},{"ancestorTitles":["BackToTopButton","visibility"],"fullName":"BackToTopButton visibility shows when scrollY is greater than 400","status":"passed","title":"shows when scrollY is greater than 400","duration":26.71730000000025,"failureMessages":[],"meta":{}},{"ancestorTitles":["BackToTopButton","visibility"],"fullName":"BackToTopButton visibility hides when scrolling back up below threshold","status":"passed","title":"hides when scrolling back up below threshold","duration":7.007600000000821,"failureMessages":[],"meta":{}},{"ancestorTitles":["BackToTopButton","visibility"],"fullName":"BackToTopButton visibility shows when scrollY equals exactly 401","status":"passed","title":"shows when scrollY equals exactly 401","duration":4.015800000001036,"failureMessages":[],"meta":{}},{"ancestorTitles":["BackToTopButton","visibility"],"fullName":"BackToTopButton visibility hides when scrollY equals exactly 400","status":"passed","title":"hides when scrollY equals exactly 400","duration":1.6608999999989464,"failureMessages":[],"meta":{}},{"ancestorTitles":["BackToTopButton","scroll to top functionality"],"fullName":"BackToTopButton scroll to top functionality scrolls to top when clicked","status":"passed","title":"scrolls to top when clicked","duration":6.783300000000963,"failureMessages":[],"meta":{}},{"ancestorTitles":["BackToTopButton","accessibility"],"fullName":"BackToTopButton accessibility has accessible label","status":"passed","title":"has accessible label","duration":3.1278999999994994,"failureMessages":[],"meta":{}},{"ancestorTitles":["BackToTopButton","cleanup"],"fullName":"BackToTopButton cleanup removes scroll listener on unmount","status":"passed","title":"removes scroll listener on unmount","duration":1.8368000000009488,"failureMessages":[],"meta":{}}],"startTime":1769191120493,"endTime":1769191120564.837,"status":"passed","message":"","name":"C:/Users/duyan/Desktop/workspace/polymer-bionics-webs/src/components/__tests__/BackToTopButton.test.tsx"},{"assertionResults":[{"ancestorTitles":["Breadcrumbs","rendering"],"fullName":"Breadcrumbs rendering renders all breadcrumb items","status":"passed","title":"renders all breadcrumb items","duration":57.007300000000214,"failureMessages":[],"meta":{}},{"ancestorTitles":["Breadcrumbs","rendering"],"fullName":"Breadcrumbs rendering renders clickable links for items with page prop","status":"passed","title":"renders clickable links for items with page prop","duration":7.250799999999799,"failureMessages":[],"meta":{}},{"ancestorTitles":["Breadcrumbs","rendering"],"fullName":"Breadcrumbs rendering renders non-clickable text for items without page prop","status":"passed","title":"renders non-clickable text for items without page prop","duration":6.479399999999714,"failureMessages":[],"meta":{}},{"ancestorTitles":["Breadcrumbs","rendering"],"fullName":"Breadcrumbs rendering renders separators between items","status":"passed","title":"renders separators between items","duration":18.127800000000207,"failureMessages":[],"meta":{}},{"ancestorTitles":["Breadcrumbs","rendering"],"fullName":"Breadcrumbs rendering renders single item correctly","status":"passed","title":"renders single item correctly","duration":4.57589999999982,"failureMessages":[],"meta":{}},{"ancestorTitles":["Breadcrumbs","navigation"],"fullName":"Breadcrumbs navigation calls onNavigate when clickable item is clicked","status":"passed","title":"calls onNavigate when clickable item is clicked","duration":65.85739999999987,"failureMessages":[],"meta":{}},{"ancestorTitles":["Breadcrumbs","navigation"],"fullName":"Breadcrumbs navigation navigates to correct page for each clickable item","status":"passed","title":"navigates to correct page for each clickable item","duration":62.4389000000001,"failureMessages":[],"meta":{}},{"ancestorTitles":["Breadcrumbs","navigation"],"fullName":"Breadcrumbs navigation does not call onNavigate for non-clickable items","status":"passed","title":"does not call onNavigate for non-clickable items","duration":63.25409999999965,"failureMessages":[],"meta":{}},{"ancestorTitles":["Breadcrumbs","styling"],"fullName":"Breadcrumbs styling applies cursor-pointer to clickable links","status":"passed","title":"applies cursor-pointer to clickable links","duration":4.276899999999841,"failureMessages":[],"meta":{}},{"ancestorTitles":["Breadcrumbs","styling"],"fullName":"Breadcrumbs styling applies muted color to non-clickable items","status":"passed","title":"applies muted color to non-clickable items","duration":3.9913000000001375,"failureMessages":[],"meta":{}},{"ancestorTitles":["Breadcrumbs","edge cases"],"fullName":"Breadcrumbs edge cases handles empty trail","status":"passed","title":"handles empty trail","duration":3.5126000000000204,"failureMessages":[],"meta":{}},{"ancestorTitles":["Breadcrumbs","edge cases"],"fullName":"Breadcrumbs edge cases handles item with empty page string as non-clickable","status":"passed","title":"handles item with empty page string as non-clickable","duration":3.6632999999997082,"failureMessages":[],"meta":{}}],"startTime":1769191110424,"endTime":1769191110725.6633,"status":"passed","message":"","name":"C:/Users/duyan/Desktop/workspace/polymer-bionics-webs/src/components/__tests__/Breadcrumbs.test.tsx"},{"assertionResults":[{"ancestorTitles":["ClickableCard","rendering"],"fullName":"ClickableCard rendering renders children correctly","status":"passed","title":"renders children correctly","duration":44.72829999999976,"failureMessages":[],"meta":{}},{"ancestorTitles":["ClickableCard","rendering"],"fullName":"ClickableCard rendering applies aria-label for accessibility","status":"passed","title":"applies aria-label for accessibility","duration":12.983900000000176,"failureMessages":[],"meta":{}},{"ancestorTitles":["ClickableCard","rendering"],"fullName":"ClickableCard rendering has role=\"button\"","status":"passed","title":"has role=\"button\"","duration":5.046699999999873,"failureMessages":[],"meta":{}},{"ancestorTitles":["ClickableCard","rendering"],"fullName":"ClickableCard rendering has tabIndex=0 for keyboard focus","status":"passed","title":"has tabIndex=0 for keyboard focus","duration":6.615400000000136,"failureMessages":[],"meta":{}},{"ancestorTitles":["ClickableCard","click handling"],"fullName":"ClickableCard click handling calls onClick when clicked","status":"passed","title":"calls onClick when clicked","duration":46.92669999999998,"failureMessages":[],"meta":{}},{"ancestorTitles":["ClickableCard","keyboard navigation"],"fullName":"ClickableCard keyboard navigation calls onClick when Enter is pressed","status":"passed","title":"calls onClick when Enter is pressed","duration":4.42410000000018,"failureMessages":[],"meta":{}},{"ancestorTitles":["ClickableCard","keyboard navigation"],"fullName":"ClickableCard keyboard navigation calls onClick when Space is pressed","status":"passed","title":"calls onClick when Space is pressed","duration":3.137499999999818,"failureMessages":[],"meta":{}},{"ancestorTitles":["ClickableCard","keyboard navigation"],"fullName":"ClickableCard keyboard navigation does not call onClick for other keys","status":"passed","title":"does not call onClick for other keys","duration":3.4947000000001935,"failureMessages":[],"meta":{}},{"ancestorTitles":["ClickableCard","hover styles"],"fullName":"ClickableCard hover styles applies hover styles by default","status":"passed","title":"applies hover styles by default","duration":4.326699999999619,"failureMessages":[],"meta":{}},{"ancestorTitles":["ClickableCard","hover styles"],"fullName":"ClickableCard hover styles does not apply hover styles when enableHoverStyles is false","status":"passed","title":"does not apply hover styles when enableHoverStyles is false","duration":6.711299999999937,"failureMessages":[],"meta":{}},{"ancestorTitles":["ClickableCard","custom className"],"fullName":"ClickableCard custom className accepts and applies custom className","status":"passed","title":"accepts and applies custom className","duration":5.952500000000327,"failureMessages":[],"meta":{}},{"ancestorTitles":["ClickableCard","focus styles"],"fullName":"ClickableCard focus styles has focus-visible styles","status":"passed","title":"has focus-visible styles","duration":2.374500000000353,"failureMessages":[],"meta":{}}],"startTime":1769191110219,"endTime":1769191110367.3745,"status":"passed","message":"","name":"C:/Users/duyan/Desktop/workspace/polymer-bionics-webs/src/components/__tests__/ClickableCard.test.tsx"},{"assertionResults":[{"ancestorTitles":["ConsentBanner"],"fullName":"ConsentBanner renders when shouldShowBanner is true","status":"passed","title":"renders when shouldShowBanner is true","duration":62.0648999999994,"failureMessages":[],"meta":{}},{"ancestorTitles":["ConsentBanner"],"fullName":"ConsentBanner shows accept all button","status":"passed","title":"shows accept all button","duration":24.832900000001246,"failureMessages":[],"meta":{}},{"ancestorTitles":["ConsentBanner"],"fullName":"ConsentBanner shows necessary only button","status":"passed","title":"shows necessary only button","duration":11.520399999999427,"failureMessages":[],"meta":{}},{"ancestorTitles":["ConsentBanner"],"fullName":"ConsentBanner calls acceptAll when accept all button is clicked","status":"passed","title":"calls acceptAll when accept all button is clicked","duration":15.30869999999959,"failureMessages":[],"meta":{}},{"ancestorTitles":["ConsentBanner"],"fullName":"ConsentBanner calls acceptNecessary when necessary only button is clicked","status":"passed","title":"calls acceptNecessary when necessary only button is clicked","duration":17.145799999998417,"failureMessages":[],"meta":{}},{"ancestorTitles":["ConsentBanner"],"fullName":"ConsentBanner does not render when shouldShowBanner is false","status":"passed","title":"does not render when shouldShowBanner is false","duration":1.774199999999837,"failureMessages":[],"meta":{}},{"ancestorTitles":["ConsentBanner"],"fullName":"ConsentBanner has accessible buttons","status":"passed","title":"has accessible buttons","duration":7.550999999999476,"failureMessages":[],"meta":{}},{"ancestorTitles":["ConsentBanner"],"fullName":"ConsentBanner is memoized for performance","status":"passed","title":"is memoized for performance","duration":0.4859999999989668,"failureMessages":[],"meta":{}},{"ancestorTitles":["ConsentBanner Preferences Dialog"],"fullName":"ConsentBanner Preferences Dialog opens preferences dialog when manage is clicked","status":"passed","title":"opens preferences dialog when manage is clicked","duration":10.650399999998626,"failureMessages":[],"meta":{}},{"ancestorTitles":["ConsentBanner Preferences Dialog"],"fullName":"ConsentBanner Preferences Dialog shows preferences content when isPreferencesOpen is true","status":"passed","title":"shows preferences content when isPreferencesOpen is true","duration":49.5663999999997,"failureMessages":[],"meta":{}},{"ancestorTitles":["ConsentBanner Preferences Dialog"],"fullName":"ConsentBanner Preferences Dialog can toggle consent categories in preferences dialog","status":"passed","title":"can toggle consent categories in preferences dialog","duration":27.850899999999456,"failureMessages":[],"meta":{}},{"ancestorTitles":["ConsentBanner Preferences Dialog"],"fullName":"ConsentBanner Preferences Dialog toggles analytics category when switch is clicked","status":"passed","title":"toggles analytics category when switch is clicked","duration":38.91009999999915,"failureMessages":[],"meta":{}},{"ancestorTitles":["ConsentBanner Preferences Dialog"],"fullName":"ConsentBanner Preferences Dialog does not allow toggling necessary category","status":"passed","title":"does not allow toggling necessary category","duration":24.748900000000503,"failureMessages":[],"meta":{}},{"ancestorTitles":["ConsentBanner Preferences Dialog"],"fullName":"ConsentBanner Preferences Dialog calls updateCategories when save preferences is clicked","status":"passed","title":"calls updateCategories when save preferences is clicked","duration":31.207399999999325,"failureMessages":[],"meta":{}},{"ancestorTitles":["ConsentBanner Preferences Dialog"],"fullName":"ConsentBanner Preferences Dialog calls closePreferences when cancel button is clicked in dialog","status":"passed","title":"calls closePreferences when cancel button is clicked in dialog","duration":28.719900000000052,"failureMessages":[],"meta":{}},{"ancestorTitles":["ConsentBanner Preferences Dialog"],"fullName":"ConsentBanner Preferences Dialog can click Accept All button in dialog","status":"passed","title":"can click Accept All button in dialog","duration":24.596000000001368,"failureMessages":[],"meta":{}},{"ancestorTitles":["ManageCookiesLink"],"fullName":"ManageCookiesLink renders with default text","status":"passed","title":"renders with default text","duration":1.9069999999992433,"failureMessages":[],"meta":{}},{"ancestorTitles":["ManageCookiesLink"],"fullName":"ManageCookiesLink calls openPreferences when clicked","status":"passed","title":"calls openPreferences when clicked","duration":1.4678000000003522,"failureMessages":[],"meta":{}},{"ancestorTitles":["ManageCookiesLink"],"fullName":"ManageCookiesLink accepts custom children","status":"passed","title":"accepts custom children","duration":1.2851000000009662,"failureMessages":[],"meta":{}},{"ancestorTitles":["ConsentStatusIndicator"],"fullName":"ConsentStatusIndicator shows \"Not set\" when not interacted","status":"passed","title":"shows \"Not set\" when not interacted","duration":3.0146999999997206,"failureMessages":[],"meta":{}},{"ancestorTitles":["ConsentStatusIndicator"],"fullName":"ConsentStatusIndicator shows \"Essential only\" when only necessary cookies accepted","status":"passed","title":"shows \"Essential only\" when only necessary cookies accepted","duration":2.1687000000001717,"failureMessages":[],"meta":{}},{"ancestorTitles":["ConsentStatusIndicator"],"fullName":"ConsentStatusIndicator shows analytics status when analytics consented","status":"passed","title":"shows analytics status when analytics consented","duration":2.178200000000288,"failureMessages":[],"meta":{}},{"ancestorTitles":["ConsentStatusIndicator"],"fullName":"ConsentStatusIndicator shows both analytics and marketing when both consented","status":"passed","title":"shows both analytics and marketing when both consented","duration":1.9672000000009575,"failureMessages":[],"meta":{}},{"ancestorTitles":["ConsentStatusIndicator"],"fullName":"ConsentStatusIndicator opens preferences when clicked","status":"passed","title":"opens preferences when clicked","duration":2.8650999999990745,"failureMessages":[],"meta":{}}],"startTime":1769191119409,"endTime":1769191119804.865,"status":"passed","message":"","name":"C:/Users/duyan/Desktop/workspace/polymer-bionics-webs/src/components/__tests__/ConsentBanner.test.tsx"},{"assertionResults":[{"ancestorTitles":["ContactLinks","rendering"],"fullName":"ContactLinks rendering renders both buttons by default","status":"passed","title":"renders both buttons by default","duration":58.83289999999943,"failureMessages":[],"meta":{}},{"ancestorTitles":["ContactLinks","rendering"],"fullName":"ContactLinks rendering renders only WhatsApp when showEmail is false","status":"passed","title":"renders only WhatsApp when showEmail is false","duration":7.181200000000899,"failureMessages":[],"meta":{}},{"ancestorTitles":["ContactLinks","rendering"],"fullName":"ContactLinks rendering renders only email when showWhatsApp is false","status":"passed","title":"renders only email when showWhatsApp is false","duration":6.736800000000585,"failureMessages":[],"meta":{}},{"ancestorTitles":["ContactLinks","rendering"],"fullName":"ContactLinks rendering renders sales email text when emailType is sales","status":"passed","title":"renders sales email text when emailType is sales","duration":7.38720000000103,"failureMessages":[],"meta":{}},{"ancestorTitles":["ContactLinks","variants"],"fullName":"ContactLinks variants applies default variant","status":"passed","title":"applies default variant","duration":6.060699999999997,"failureMessages":[],"meta":{}},{"ancestorTitles":["ContactLinks","variants"],"fullName":"ContactLinks variants applies outline variant","status":"passed","title":"applies outline variant","duration":5.332699999999022,"failureMessages":[],"meta":{}},{"ancestorTitles":["ContactLinks","variants"],"fullName":"ContactLinks variants applies ghost variant","status":"passed","title":"applies ghost variant","duration":5.100399999999354,"failureMessages":[],"meta":{}},{"ancestorTitles":["ContactLinks","sizes"],"fullName":"ContactLinks sizes applies default size","status":"passed","title":"applies default size","duration":6.094300000000658,"failureMessages":[],"meta":{}},{"ancestorTitles":["ContactLinks","sizes"],"fullName":"ContactLinks sizes applies small size","status":"passed","title":"applies small size","duration":7.276900000000751,"failureMessages":[],"meta":{}},{"ancestorTitles":["ContactLinks","sizes"],"fullName":"ContactLinks sizes applies large size","status":"passed","title":"applies large size","duration":6.223499999998239,"failureMessages":[],"meta":{}},{"ancestorTitles":["ContactLinks","custom className"],"fullName":"ContactLinks custom className applies custom className","status":"passed","title":"applies custom className","duration":4.088399999998728,"failureMessages":[],"meta":{}},{"ancestorTitles":["ContactLinks","interactions"],"fullName":"ContactLinks interactions copies WhatsApp number on click","status":"passed","title":"copies WhatsApp number on click","duration":47.13560000000143,"failureMessages":[],"meta":{}},{"ancestorTitles":["ContactLinks","interactions"],"fullName":"ContactLinks interactions shows error toast when copy fails","status":"passed","title":"shows error toast when copy fails","duration":42.61069999999927,"failureMessages":[],"meta":{}},{"ancestorTitles":["ContactLinks","interactions"],"fullName":"ContactLinks interactions opens email link in new window","status":"passed","title":"opens email link in new window","duration":62.208699999999226,"failureMessages":[],"meta":{}}],"startTime":1769191119824,"endTime":1769191120097.2087,"status":"passed","message":"","name":"C:/Users/duyan/Desktop/workspace/polymer-bionics-webs/src/components/__tests__/ContactLinks.test.tsx"},{"assertionResults":[{"ancestorTitles":["ContactPage","rendering"],"fullName":"ContactPage rendering renders page hero with title","status":"passed","title":"renders page hero with title","duration":55.97790000000032,"failureMessages":[],"meta":{}},{"ancestorTitles":["ContactPage","rendering"],"fullName":"ContactPage rendering renders contact form fields","status":"passed","title":"renders contact form fields","duration":10.93520000000035,"failureMessages":[],"meta":{}},{"ancestorTitles":["ContactPage","rendering"],"fullName":"ContactPage rendering renders submit button","status":"passed","title":"renders submit button","duration":13.395300000000134,"failureMessages":[],"meta":{}},{"ancestorTitles":["ContactPage","rendering"],"fullName":"ContactPage rendering renders company field","status":"passed","title":"renders company field","duration":7.559099999999944,"failureMessages":[],"meta":{}},{"ancestorTitles":["ContactPage","rendering"],"fullName":"ContactPage rendering renders subject field","status":"passed","title":"renders subject field","duration":7.238600000000133,"failureMessages":[],"meta":{}},{"ancestorTitles":["ContactPage","rendering"],"fullName":"ContactPage rendering renders message field","status":"passed","title":"renders message field","duration":10.142100000000028,"failureMessages":[],"meta":{}},{"ancestorTitles":["ContactPage","navigation"],"fullName":"ContactPage navigation calls onNavigate when navigation button is clicked","status":"passed","title":"calls onNavigate when navigation button is clicked","duration":68.31970000000001,"failureMessages":[],"meta":{}},{"ancestorTitles":["ContactPage","accessibility"],"fullName":"ContactPage accessibility all form fields have labels","status":"passed","title":"all form fields have labels","duration":7.54529999999977,"failureMessages":[],"meta":{}},{"ancestorTitles":["ContactPage","accessibility"],"fullName":"ContactPage accessibility form is keyboard navigable","status":"passed","title":"form is keyboard navigable","duration":7.725100000000111,"failureMessages":[],"meta":{}}],"startTime":1769191110146,"endTime":1769191110336.725,"status":"passed","message":"","name":"C:/Users/duyan/Desktop/workspace/polymer-bionics-webs/src/components/__tests__/ContactPage.test.tsx"},{"assertionResults":[{"ancestorTitles":["DatasheetsPage","rendering"],"fullName":"DatasheetsPage rendering renders page hero with title","status":"passed","title":"renders page hero with title","duration":51.18119999999999,"failureMessages":[],"meta":{}},{"ancestorTitles":["DatasheetsPage","rendering"],"fullName":"DatasheetsPage rendering renders search input","status":"passed","title":"renders search input","duration":7.989900000000034,"failureMessages":[],"meta":{}},{"ancestorTitles":["DatasheetsPage","rendering"],"fullName":"DatasheetsPage rendering renders category filter badge","status":"passed","title":"renders category filter badge","duration":7.565799999999854,"failureMessages":[],"meta":{}},{"ancestorTitles":["DatasheetsPage","rendering"],"fullName":"DatasheetsPage rendering renders datasheets when provided","status":"passed","title":"renders datasheets when provided","duration":6.097299999999905,"failureMessages":[],"meta":{}},{"ancestorTitles":["DatasheetsPage","rendering"],"fullName":"DatasheetsPage rendering renders download buttons","status":"passed","title":"renders download buttons","duration":11.885299999999916,"failureMessages":[],"meta":{}},{"ancestorTitles":["DatasheetsPage","empty state"],"fullName":"DatasheetsPage empty state shows empty state message when no datasheets","status":"passed","title":"shows empty state message when no datasheets","duration":3.827299999999923,"failureMessages":[],"meta":{}},{"ancestorTitles":["DatasheetsPage","empty state"],"fullName":"DatasheetsPage empty state shows contact links in empty state","status":"passed","title":"shows contact links in empty state","duration":3.1847999999999956,"failureMessages":[],"meta":{}},{"ancestorTitles":["DatasheetsPage","empty state"],"fullName":"DatasheetsPage empty state shows clear filters button in empty state","status":"passed","title":"shows clear filters button in empty state","duration":10.953800000000228,"failureMessages":[],"meta":{}},{"ancestorTitles":["DatasheetsPage","navigation"],"fullName":"DatasheetsPage navigation calls onNavigate when navigation button is clicked","status":"passed","title":"calls onNavigate when navigation button is clicked","duration":70.98509999999987,"failureMessages":[],"meta":{}}],"startTime":1769191110146,"endTime":1769191110320.985,"status":"passed","message":"","name":"C:/Users/duyan/Desktop/workspace/polymer-bionics-webs/src/components/__tests__/DatasheetsPage.test.tsx"},{"assertionResults":[{"ancestorTitles":["ErrorFallback","rendering in production mode"],"fullName":"ErrorFallback rendering in production mode renders error alert","status":"passed","title":"renders error alert","duration":60.71600000000035,"failureMessages":[],"meta":{}},{"ancestorTitles":["ErrorFallback","rendering in production mode"],"fullName":"ErrorFallback rendering in production mode displays error message","status":"passed","title":"displays error message","duration":8.117799999999988,"failureMessages":[],"meta":{}},{"ancestorTitles":["ErrorFallback","rendering in production mode"],"fullName":"ErrorFallback rendering in production mode renders try again button","status":"passed","title":"renders try again button","duration":19.448300000000017,"failureMessages":[],"meta":{}},{"ancestorTitles":["ErrorFallback","rendering in production mode"],"fullName":"ErrorFallback rendering in production mode calls resetErrorBoundary when button is clicked","status":"passed","title":"calls resetErrorBoundary when button is clicked","duration":57.89269999999988,"failureMessages":[],"meta":{}},{"ancestorTitles":["ErrorFallback","rendering in production mode"],"fullName":"ErrorFallback rendering in production mode displays error details section","status":"passed","title":"displays error details section","duration":8.84559999999965,"failureMessages":[],"meta":{}},{"ancestorTitles":["ErrorFallback","rendering in production mode"],"fullName":"ErrorFallback rendering in production mode renders with proper layout classes","status":"passed","title":"renders with proper layout classes","duration":5.785200000000259,"failureMessages":[],"meta":{}},{"ancestorTitles":["ErrorFallback","rendering in production mode"],"fullName":"ErrorFallback rendering in production mode shows contact information","status":"passed","title":"shows contact information","duration":5.403199999999742,"failureMessages":[],"meta":{}},{"ancestorTitles":["ErrorFallback","error message display"],"fullName":"ErrorFallback error message display displays long error messages","status":"passed","title":"displays long error messages","duration":5.08620000000019,"failureMessages":[],"meta":{}},{"ancestorTitles":["ErrorFallback","error message display"],"fullName":"ErrorFallback error message display displays error with special characters","status":"passed","title":"displays error with special characters","duration":9.056600000000344,"failureMessages":[],"meta":{}},{"ancestorTitles":["ErrorFallback","accessibility"],"fullName":"ErrorFallback accessibility has accessible button","status":"passed","title":"has accessible button","duration":11.045999999999822,"failureMessages":[],"meta":{}}],"startTime":1769191110376,"endTime":1769191110569.046,"status":"passed","message":"","name":"C:/Users/duyan/Desktop/workspace/polymer-bionics-webs/src/components/__tests__/ErrorFallback.test.tsx"},{"assertionResults":[{"ancestorTitles":["FloatingContactButton","initial state"],"fullName":"FloatingContactButton initial state renders a button","status":"passed","title":"renders a button","duration":53.39509999999973,"failureMessages":[],"meta":{}},{"ancestorTitles":["FloatingContactButton","initial state"],"fullName":"FloatingContactButton initial state renders the chat icon initially","status":"passed","title":"renders the chat icon initially","duration":6.587299999999232,"failureMessages":[],"meta":{}},{"ancestorTitles":["FloatingContactButton","toggle behavior"],"fullName":"FloatingContactButton toggle behavior opens contact menu when button clicked","status":"passed","title":"opens contact menu when button clicked","duration":63.45709999999963,"failureMessages":[],"meta":{}},{"ancestorTitles":["FloatingContactButton","toggle behavior"],"fullName":"FloatingContactButton toggle behavior shows all contact options when open","status":"passed","title":"shows all contact options when open","duration":62.36959999999999,"failureMessages":[],"meta":{}},{"ancestorTitles":["FloatingContactButton","contact actions"],"fullName":"FloatingContactButton contact actions opens email on general enquiry click","status":"passed","title":"opens email on general enquiry click","duration":105.80039999999826,"failureMessages":[],"meta":{}},{"ancestorTitles":["FloatingContactButton","contact actions"],"fullName":"FloatingContactButton contact actions copies whatsapp number on click","status":"passed","title":"copies whatsapp number on click","duration":108.8205999999991,"failureMessages":[],"meta":{}},{"ancestorTitles":["FloatingContactButton","contact actions"],"fullName":"FloatingContactButton contact actions opens maps on visit us click","status":"passed","title":"opens maps on visit us click","duration":110.90040000000045,"failureMessages":[],"meta":{}},{"ancestorTitles":["FloatingContactButton","structure"],"fullName":"FloatingContactButton structure renders in a fixed position container","status":"passed","title":"renders in a fixed position container","duration":2.8818999999984953,"failureMessages":[],"meta":{}}],"startTime":1769191119153,"endTime":1769191119667.8818,"status":"passed","message":"","name":"C:/Users/duyan/Desktop/workspace/polymer-bionics-webs/src/components/__tests__/FloatingContactButton.test.tsx"},{"assertionResults":[{"ancestorTitles":["Footer","rendering"],"fullName":"Footer rendering renders footer element","status":"passed","title":"renders footer element","duration":63.637000000000626,"failureMessages":[],"meta":{}},{"ancestorTitles":["Footer","rendering"],"fullName":"Footer rendering renders WhatsApp button","status":"passed","title":"renders WhatsApp button","duration":14.240999999999985,"failureMessages":[],"meta":{}},{"ancestorTitles":["Footer","rendering"],"fullName":"Footer rendering renders email buttons","status":"passed","title":"renders email buttons","duration":11.98029999999926,"failureMessages":[],"meta":{}},{"ancestorTitles":["Footer","rendering"],"fullName":"Footer rendering renders company email","status":"passed","title":"renders company email","duration":7.209199999999328,"failureMessages":[],"meta":{}},{"ancestorTitles":["Footer","rendering"],"fullName":"Footer rendering renders address","status":"passed","title":"renders address","duration":9.780399999999645,"failureMessages":[],"meta":{}},{"ancestorTitles":["Footer","rendering"],"fullName":"Footer rendering renders copyright notice","status":"passed","title":"renders copyright notice","duration":6.271300000000338,"failureMessages":[],"meta":{}},{"ancestorTitles":["Footer","rendering"],"fullName":"Footer rendering renders cookie management link","status":"passed","title":"renders cookie management link","duration":6.749400000000605,"failureMessages":[],"meta":{}},{"ancestorTitles":["Footer","rendering"],"fullName":"Footer rendering renders consent status indicator","status":"passed","title":"renders consent status indicator","duration":10.28269999999975,"failureMessages":[],"meta":{}},{"ancestorTitles":["Footer","interactions"],"fullName":"Footer interactions handles WhatsApp click","status":"passed","title":"handles WhatsApp click","duration":59.11269999999968,"failureMessages":[],"meta":{}},{"ancestorTitles":["Footer","interactions"],"fullName":"Footer interactions handles email link clicks","status":"passed","title":"handles email link clicks","duration":45.55839999999989,"failureMessages":[],"meta":{}}],"startTime":1769191119535,"endTime":1769191119770.5583,"status":"passed","message":"","name":"C:/Users/duyan/Desktop/workspace/polymer-bionics-webs/src/components/__tests__/Footer.test.tsx"},{"assertionResults":[{"ancestorTitles":["GlobalSearch","rendering"],"fullName":"GlobalSearch rendering renders when open is true","status":"passed","title":"renders when open is true","duration":50.307700000001205,"failureMessages":[],"meta":{}},{"ancestorTitles":["GlobalSearch","rendering"],"fullName":"GlobalSearch rendering does not render when open is false","status":"passed","title":"does not render when open is false","duration":3.4601999999995314,"failureMessages":[],"meta":{}},{"ancestorTitles":["GlobalSearch","rendering"],"fullName":"GlobalSearch rendering renders search input","status":"passed","title":"renders search input","duration":10.300100000000384,"failureMessages":[],"meta":{}},{"ancestorTitles":["GlobalSearch","rendering"],"fullName":"GlobalSearch rendering renders command list","status":"passed","title":"renders command list","duration":14.449399999999514,"failureMessages":[],"meta":{}},{"ancestorTitles":["GlobalSearch","search functionality"],"fullName":"GlobalSearch search functionality updates search query on input","status":"passed","title":"updates search query on input","duration":19.026200000000244,"failureMessages":[],"meta":{}},{"ancestorTitles":["GlobalSearch","keyboard shortcuts"],"fullName":"GlobalSearch keyboard shortcuts toggles on Cmd+K","status":"passed","title":"toggles on Cmd+K","duration":4.297700000000987,"failureMessages":[],"meta":{}},{"ancestorTitles":["GlobalSearch","keyboard shortcuts"],"fullName":"GlobalSearch keyboard shortcuts toggles on Ctrl+K","status":"passed","title":"toggles on Ctrl+K","duration":1.2383000000008906,"failureMessages":[],"meta":{}},{"ancestorTitles":["GlobalSearch","keyboard shortcuts"],"fullName":"GlobalSearch keyboard shortcuts closes when already open on Cmd+K","status":"passed","title":"closes when already open on Cmd+K","duration":6.168100000000777,"failureMessages":[],"meta":{}},{"ancestorTitles":["GlobalSearch","cleanup"],"fullName":"GlobalSearch cleanup cleans up keyboard listener on unmount","status":"passed","title":"cleans up keyboard listener on unmount","duration":9.876399999999194,"failureMessages":[],"meta":{}},{"ancestorTitles":["GlobalSearch","with empty data"],"fullName":"GlobalSearch with empty data handles empty products array","status":"passed","title":"handles empty products array","duration":10.51969999999892,"failureMessages":[],"meta":{}},{"ancestorTitles":["GlobalSearch","with empty data"],"fullName":"GlobalSearch with empty data handles empty team array","status":"passed","title":"handles empty team array","duration":12.496399999999994,"failureMessages":[],"meta":{}},{"ancestorTitles":["GlobalSearch","with empty data"],"fullName":"GlobalSearch with empty data handles all empty arrays","status":"passed","title":"handles all empty arrays","duration":10.294499999999971,"failureMessages":[],"meta":{}}],"startTime":1769191119706,"endTime":1769191119859.2944,"status":"passed","message":"","name":"C:/Users/duyan/Desktop/workspace/polymer-bionics-webs/src/components/__tests__/GlobalSearch.test.tsx"},{"assertionResults":[{"ancestorTitles":["HeroImage","rendering"],"fullName":"HeroImage rendering renders an image element","status":"passed","title":"renders an image element","duration":42.898099999999886,"failureMessages":[],"meta":{}},{"ancestorTitles":["HeroImage","rendering"],"fullName":"HeroImage rendering sets correct src attribute","status":"passed","title":"sets correct src attribute","duration":7.66379999999981,"failureMessages":[],"meta":{}},{"ancestorTitles":["HeroImage","rendering"],"fullName":"HeroImage rendering uses empty alt text by default","status":"passed","title":"uses empty alt text by default","duration":6.1194000000000415,"failureMessages":[],"meta":{}},{"ancestorTitles":["HeroImage","rendering"],"fullName":"HeroImage rendering sets custom alt text when provided","status":"passed","title":"sets custom alt text when provided","duration":14.877300000000105,"failureMessages":[],"meta":{}},{"ancestorTitles":["HeroImage","rendering"],"fullName":"HeroImage rendering applies aria-hidden when no alt text","status":"passed","title":"applies aria-hidden when no alt text","duration":5.804899999999634,"failureMessages":[],"meta":{}},{"ancestorTitles":["HeroImage","rendering"],"fullName":"HeroImage rendering does not apply aria-hidden when alt text provided","status":"passed","title":"does not apply aria-hidden when alt text provided","duration":4.932700000000295,"failureMessages":[],"meta":{}},{"ancestorTitles":["HeroImage","loading behavior"],"fullName":"HeroImage loading behavior uses lazy loading by default","status":"passed","title":"uses lazy loading by default","duration":3.252600000000257,"failureMessages":[],"meta":{}},{"ancestorTitles":["HeroImage","loading behavior"],"fullName":"HeroImage loading behavior uses eager loading when priority is true","status":"passed","title":"uses eager loading when priority is true","duration":2.649199999999837,"failureMessages":[],"meta":{}},{"ancestorTitles":["HeroImage","loading behavior"],"fullName":"HeroImage loading behavior sets high fetchPriority when priority is true","status":"passed","title":"sets high fetchPriority when priority is true","duration":6.340699999999742,"failureMessages":[],"meta":{}},{"ancestorTitles":["HeroImage","loading behavior"],"fullName":"HeroImage loading behavior sets auto fetchPriority by default","status":"passed","title":"sets auto fetchPriority by default","duration":4.1030000000000655,"failureMessages":[],"meta":{}},{"ancestorTitles":["HeroImage","loading behavior"],"fullName":"HeroImage loading behavior has decoding async attribute","status":"passed","title":"has decoding async attribute","duration":3.1095000000000255,"failureMessages":[],"meta":{}},{"ancestorTitles":["HeroImage","image styling"],"fullName":"HeroImage image styling applies object-cover class","status":"passed","title":"applies object-cover class","duration":2.318200000000161,"failureMessages":[],"meta":{}},{"ancestorTitles":["HeroImage","image styling"],"fullName":"HeroImage image styling applies full width and height classes","status":"passed","title":"applies full width and height classes","duration":2.03020000000015,"failureMessages":[],"meta":{}},{"ancestorTitles":["HeroImage","onLoad behavior"],"fullName":"HeroImage onLoad behavior handles onLoad event","status":"passed","title":"handles onLoad event","duration":6.146600000000035,"failureMessages":[],"meta":{}},{"ancestorTitles":["HeroImage","custom props"],"fullName":"HeroImage custom props accepts custom className","status":"passed","title":"accepts custom className","duration":2.516399999999976,"failureMessages":[],"meta":{}},{"ancestorTitles":["HeroImage","custom props"],"fullName":"HeroImage custom props accepts opacity prop","status":"passed","title":"accepts opacity prop","duration":2.32549999999992,"failureMessages":[],"meta":{}}],"startTime":1769191110202,"endTime":1769191110320.3254,"status":"passed","message":"","name":"C:/Users/duyan/Desktop/workspace/polymer-bionics-webs/src/components/__tests__/HeroImage.test.tsx"},{"assertionResults":[{"ancestorTitles":["HomePage","rendering"],"fullName":"HomePage rendering renders hero section with title","status":"passed","title":"renders hero section with title","duration":75.00669999999991,"failureMessages":[],"meta":{}},{"ancestorTitles":["HomePage","rendering"],"fullName":"HomePage rendering renders hero description","status":"passed","title":"renders hero description","duration":21.44510000000082,"failureMessages":[],"meta":{}},{"ancestorTitles":["HomePage","rendering"],"fullName":"HomePage rendering renders Explore Products button","status":"passed","title":"renders Explore Products button","duration":20.6841000000004,"failureMessages":[],"meta":{}},{"ancestorTitles":["HomePage","rendering"],"fullName":"HomePage rendering renders Meet the Team button","status":"passed","title":"renders Meet the Team button","duration":19.717500000000655,"failureMessages":[],"meta":{}},{"ancestorTitles":["HomePage","rendering"],"fullName":"HomePage rendering renders feature cards","status":"passed","title":"renders feature cards","duration":23.20679999999993,"failureMessages":[],"meta":{}},{"ancestorTitles":["HomePage","rendering"],"fullName":"HomePage rendering renders hero image","status":"passed","title":"renders hero image","duration":12.929299999999785,"failureMessages":[],"meta":{}},{"ancestorTitles":["HomePage","navigation"],"fullName":"HomePage navigation navigates to products on Explore Products click","status":"passed","title":"navigates to products on Explore Products click","duration":48.04170000000158,"failureMessages":[],"meta":{}},{"ancestorTitles":["HomePage","navigation"],"fullName":"HomePage navigation navigates to team on Meet the Team click","status":"passed","title":"navigates to team on Meet the Team click","duration":82.57350000000042,"failureMessages":[],"meta":{}},{"ancestorTitles":["HomePage","navigation"],"fullName":"HomePage navigation navigates to team on Our Team card click","status":"passed","title":"navigates to team on Our Team card click","duration":61.38640000000123,"failureMessages":[],"meta":{}},{"ancestorTitles":["HomePage","navigation"],"fullName":"HomePage navigation navigates to materials on Materials card click","status":"passed","title":"navigates to materials on Materials card click","duration":62.89689999999973,"failureMessages":[],"meta":{}},{"ancestorTitles":["HomePage","newsletter subscription"],"fullName":"HomePage newsletter subscription renders email input field","status":"passed","title":"renders email input field","duration":14.462599999998929,"failureMessages":[],"meta":{}},{"ancestorTitles":["HomePage","newsletter subscription"],"fullName":"HomePage newsletter subscription renders subscribe button","status":"passed","title":"renders subscribe button","duration":14.190099999999802,"failureMessages":[],"meta":{}},{"ancestorTitles":["HomePage","newsletter subscription"],"fullName":"HomePage newsletter subscription shows error for empty email","status":"passed","title":"shows error for empty email","duration":49.096700000000055,"failureMessages":[],"meta":{}},{"ancestorTitles":["HomePage","newsletter subscription"],"fullName":"HomePage newsletter subscription shows error for invalid email format","status":"passed","title":"shows error for invalid email format","duration":279.83380000000034,"failureMessages":[],"meta":{}},{"ancestorTitles":["HomePage","newsletter subscription"],"fullName":"HomePage newsletter subscription shows success message for valid email","status":"passed","title":"shows success message for valid email","duration":1139.3052000000007,"failureMessages":[],"meta":{}},{"ancestorTitles":["HomePage","newsletter subscription"],"fullName":"HomePage newsletter subscription clears email input after successful subscription","status":"passed","title":"clears email input after successful subscription","duration":342.362000000001,"failureMessages":[],"meta":{}},{"ancestorTitles":["HomePage","accessibility"],"fullName":"HomePage accessibility has accessible heading structure","status":"passed","title":"has accessible heading structure","duration":12.123199999999997,"failureMessages":[],"meta":{}},{"ancestorTitles":["HomePage","accessibility"],"fullName":"HomePage accessibility all interactive elements are keyboard accessible","status":"passed","title":"all interactive elements are keyboard accessible","duration":8.836299999999028,"failureMessages":[],"meta":{}}],"startTime":1769191119950,"endTime":1769191122238.8362,"status":"passed","message":"","name":"C:/Users/duyan/Desktop/workspace/polymer-bionics-webs/src/components/__tests__/HomePage.test.tsx"},{"assertionResults":[{"ancestorTitles":["MaterialsPage","rendering"],"fullName":"MaterialsPage rendering renders the page hero","status":"passed","title":"renders the page hero","duration":50.41810000000078,"failureMessages":[],"meta":{}},{"ancestorTitles":["MaterialsPage","rendering"],"fullName":"MaterialsPage rendering renders page title","status":"passed","title":"renders page title","duration":11.124100000000908,"failureMessages":[],"meta":{}},{"ancestorTitles":["MaterialsPage","rendering"],"fullName":"MaterialsPage rendering renders material cards","status":"passed","title":"renders material cards","duration":7.932800000000498,"failureMessages":[],"meta":{}},{"ancestorTitles":["MaterialsPage","rendering"],"fullName":"MaterialsPage rendering displays material names","status":"passed","title":"displays material names","duration":7.491600000001199,"failureMessages":[],"meta":{}},{"ancestorTitles":["MaterialsPage","rendering"],"fullName":"MaterialsPage rendering displays material descriptions","status":"passed","title":"displays material descriptions","duration":9.660899999998946,"failureMessages":[],"meta":{}},{"ancestorTitles":["MaterialsPage","rendering"],"fullName":"MaterialsPage rendering displays property badges","status":"passed","title":"displays property badges","duration":6.612100000000282,"failureMessages":[],"meta":{}},{"ancestorTitles":["MaterialsPage","material selection"],"fullName":"MaterialsPage material selection opens material dialog on card click","status":"passed","title":"opens material dialog on card click","duration":72.25170000000071,"failureMessages":[],"meta":{}},{"ancestorTitles":["MaterialsPage","material selection"],"fullName":"MaterialsPage material selection displays selected material name in dialog","status":"passed","title":"displays selected material name in dialog","duration":61.785799999999654,"failureMessages":[],"meta":{}},{"ancestorTitles":["MaterialsPage","accessibility"],"fullName":"MaterialsPage accessibility material cards have aria labels","status":"passed","title":"material cards have aria labels","duration":3.9517000000014377,"failureMessages":[],"meta":{}}],"startTime":1769191119917,"endTime":1769191120148.9517,"status":"passed","message":"","name":"C:/Users/duyan/Desktop/workspace/polymer-bionics-webs/src/components/__tests__/MaterialsPage.test.tsx"},{"assertionResults":[{"ancestorTitles":["MediaPage","rendering"],"fullName":"MediaPage rendering renders page hero with title","status":"passed","title":"renders page hero with title","duration":81.72980000000098,"failureMessages":[],"meta":{}},{"ancestorTitles":["MediaPage","rendering"],"fullName":"MediaPage rendering renders tabs for videos and case studies","status":"passed","title":"renders tabs for videos and case studies","duration":25.7463000000007,"failureMessages":[],"meta":{}},{"ancestorTitles":["MediaPage","rendering"],"fullName":"MediaPage rendering shows videos tab by default","status":"passed","title":"shows videos tab by default","duration":18.794199999998455,"failureMessages":[],"meta":{}},{"ancestorTitles":["MediaPage","rendering"],"fullName":"MediaPage rendering renders all video cards","status":"passed","title":"renders all video cards","duration":17.119800000000396,"failureMessages":[],"meta":{}},{"ancestorTitles":["MediaPage","rendering"],"fullName":"MediaPage rendering displays video durations","status":"passed","title":"displays video durations","duration":13.66649999999936,"failureMessages":[],"meta":{}},{"ancestorTitles":["MediaPage","rendering"],"fullName":"MediaPage rendering displays video categories","status":"passed","title":"displays video categories","duration":15.786099999999351,"failureMessages":[],"meta":{}},{"ancestorTitles":["MediaPage","tab switching"],"fullName":"MediaPage tab switching switches to case studies tab","status":"passed","title":"switches to case studies tab","duration":49.116799999999785,"failureMessages":[],"meta":{}},{"ancestorTitles":["MediaPage","tab switching"],"fullName":"MediaPage tab switching shows case study cards when tab is selected","status":"passed","title":"shows case study cards when tab is selected","duration":45.84690000000046,"failureMessages":[],"meta":{}},{"ancestorTitles":["MediaPage","video selection"],"fullName":"MediaPage video selection opens video dialog on card click","status":"passed","title":"opens video dialog on card click","duration":78.01349999999911,"failureMessages":[],"meta":{}},{"ancestorTitles":["MediaPage","video selection"],"fullName":"MediaPage video selection displays selected video title in dialog","status":"passed","title":"displays selected video title in dialog","duration":77.48810000000049,"failureMessages":[],"meta":{}},{"ancestorTitles":["MediaPage","case study selection"],"fullName":"MediaPage case study selection opens case study dialog on card click","status":"passed","title":"opens case study dialog on card click","duration":125.9956000000002,"failureMessages":[],"meta":{}},{"ancestorTitles":["MediaPage","empty states"],"fullName":"MediaPage empty states shows videos coming soon message when videos array is empty","status":"passed","title":"shows videos coming soon message when videos array is empty","duration":7.913899999999558,"failureMessages":[],"meta":{}},{"ancestorTitles":["MediaPage","empty states"],"fullName":"MediaPage empty states shows case studies coming soon message when case studies array is empty","status":"passed","title":"shows case studies coming soon message when case studies array is empty","duration":68.86939999999959,"failureMessages":[],"meta":{}},{"ancestorTitles":["MediaPage","empty states"],"fullName":"MediaPage empty states shows both coming soon messages when all arrays are empty","status":"passed","title":"shows both coming soon messages when all arrays are empty","duration":46.90990000000056,"failureMessages":[],"meta":{}},{"ancestorTitles":["MediaPage","accessibility"],"fullName":"MediaPage accessibility video cards have aria labels","status":"passed","title":"video cards have aria labels","duration":11.011599999999817,"failureMessages":[],"meta":{}},{"ancestorTitles":["MediaPage","accessibility"],"fullName":"MediaPage accessibility tabs are keyboard navigable","status":"passed","title":"tabs are keyboard navigable","duration":12.826600000000326,"failureMessages":[],"meta":{}}],"startTime":1769191119954,"endTime":1769191120651.8267,"status":"passed","message":"","name":"C:/Users/duyan/Desktop/workspace/polymer-bionics-webs/src/components/__tests__/MediaPage.test.tsx"},{"assertionResults":[{"ancestorTitles":["Navigation","rendering"],"fullName":"Navigation rendering renders navigation element","status":"passed","title":"renders navigation element","duration":67.79849999999897,"failureMessages":[],"meta":{}},{"ancestorTitles":["Navigation","rendering"],"fullName":"Navigation rendering renders logo image","status":"passed","title":"renders logo image","duration":14.01469999999972,"failureMessages":[],"meta":{}},{"ancestorTitles":["Navigation","rendering"],"fullName":"Navigation rendering renders brand name","status":"passed","title":"renders brand name","duration":14.5666999999994,"failureMessages":[],"meta":{}},{"ancestorTitles":["Navigation","rendering"],"fullName":"Navigation rendering renders navigation items","status":"passed","title":"renders navigation items","duration":20.470799999999144,"failureMessages":[],"meta":{}},{"ancestorTitles":["Navigation","rendering"],"fullName":"Navigation rendering renders search button","status":"passed","title":"renders search button","duration":16.212499999999636,"failureMessages":[],"meta":{}},{"ancestorTitles":["Navigation","rendering"],"fullName":"Navigation rendering renders theme toggle button","status":"passed","title":"renders theme toggle button","duration":33.01540000000023,"failureMessages":[],"meta":{}},{"ancestorTitles":["Navigation","navigation"],"fullName":"Navigation navigation calls onNavigate when nav item is clicked","status":"passed","title":"calls onNavigate when nav item is clicked","duration":66.2556999999997,"failureMessages":[],"meta":{}},{"ancestorTitles":["Navigation","navigation"],"fullName":"Navigation navigation calls onNavigate with home when logo is clicked","status":"passed","title":"calls onNavigate with home when logo is clicked","duration":59.690999999998894,"failureMessages":[],"meta":{}},{"ancestorTitles":["Navigation","search"],"fullName":"Navigation search calls onOpenSearch when search button is clicked","status":"passed","title":"calls onOpenSearch when search button is clicked","duration":78.47789999999986,"failureMessages":[],"meta":{}},{"ancestorTitles":["Navigation","theme toggle"],"fullName":"Navigation theme toggle calls onToggleTheme when theme button is clicked","status":"passed","title":"calls onToggleTheme when theme button is clicked","duration":61.88580000000002,"failureMessages":[],"meta":{}},{"ancestorTitles":["Navigation","theme toggle"],"fullName":"Navigation theme toggle shows sun icon when dark mode is active","status":"passed","title":"shows sun icon when dark mode is active","duration":11.651499999999942,"failureMessages":[],"meta":{}},{"ancestorTitles":["Navigation","theme toggle"],"fullName":"Navigation theme toggle shows moon icon when light mode is active","status":"passed","title":"shows moon icon when light mode is active","duration":12.079100000000835,"failureMessages":[],"meta":{}},{"ancestorTitles":["Navigation","current page highlighting"],"fullName":"Navigation current page highlighting highlights current page nav item","status":"passed","title":"highlights current page nav item","duration":11.907800000000861,"failureMessages":[],"meta":{}},{"ancestorTitles":["Navigation","mobile navigation"],"fullName":"Navigation mobile navigation renders mobile menu trigger","status":"passed","title":"renders mobile menu trigger","duration":7.319100000000617,"failureMessages":[],"meta":{}}],"startTime":1769191119928,"endTime":1769191120405.319,"status":"passed","message":"","name":"C:/Users/duyan/Desktop/workspace/polymer-bionics-webs/src/components/__tests__/Navigation.test.tsx"},{"assertionResults":[{"ancestorTitles":["NewsPage","rendering"],"fullName":"NewsPage rendering renders page hero with title","status":"passed","title":"renders page hero with title","duration":93.9932000000008,"failureMessages":[],"meta":{}},{"ancestorTitles":["NewsPage","rendering"],"fullName":"NewsPage rendering renders tabs for news and publications","status":"passed","title":"renders tabs for news and publications","duration":23.472200000000157,"failureMessages":[],"meta":{}},{"ancestorTitles":["NewsPage","rendering"],"fullName":"NewsPage rendering shows news tab by default","status":"passed","title":"shows news tab by default","duration":19.970800000000963,"failureMessages":[],"meta":{}},{"ancestorTitles":["NewsPage","rendering"],"fullName":"NewsPage rendering renders news items","status":"passed","title":"renders news items","duration":15.396899999999732,"failureMessages":[],"meta":{}},{"ancestorTitles":["NewsPage","rendering"],"fullName":"NewsPage rendering displays news categories","status":"passed","title":"displays news categories","duration":20.432299999998577,"failureMessages":[],"meta":{}},{"ancestorTitles":["NewsPage","rendering"],"fullName":"NewsPage rendering displays news dates","status":"passed","title":"displays news dates","duration":10.69210000000021,"failureMessages":[],"meta":{}},{"ancestorTitles":["NewsPage","tab switching"],"fullName":"NewsPage tab switching switches to publications tab","status":"passed","title":"switches to publications tab","duration":75.99079999999958,"failureMessages":[],"meta":{}},{"ancestorTitles":["NewsPage","tab switching"],"fullName":"NewsPage tab switching can switch to publications tab","status":"passed","title":"can switch to publications tab","duration":78.26200000000063,"failureMessages":[],"meta":{}},{"ancestorTitles":["NewsPage","tab switching"],"fullName":"NewsPage tab switching displays publication content when tab is active","status":"passed","title":"displays publication content when tab is active","duration":62.16940000000068,"failureMessages":[],"meta":{}},{"ancestorTitles":["NewsPage","publication filtering"],"fullName":"NewsPage publication filtering renders filter badges","status":"passed","title":"renders filter badges","duration":78.58519999999953,"failureMessages":[],"meta":{}},{"ancestorTitles":["NewsPage","news selection"],"fullName":"NewsPage news selection opens news dialog on card click","status":"passed","title":"opens news dialog on card click","duration":92.36050000000068,"failureMessages":[],"meta":{}},{"ancestorTitles":["NewsPage","news selection"],"fullName":"NewsPage news selection displays selected news title in dialog","status":"passed","title":"displays selected news title in dialog","duration":75.6773000000012,"failureMessages":[],"meta":{}},{"ancestorTitles":["NewsPage","publication selection"],"fullName":"NewsPage publication selection opens publication dialog on card click","status":"passed","title":"opens publication dialog on card click","duration":156.58710000000065,"failureMessages":[],"meta":{}},{"ancestorTitles":["NewsPage","empty states"],"fullName":"NewsPage empty states shows news coming soon message when news array is empty","status":"passed","title":"shows news coming soon message when news array is empty","duration":10.34310000000005,"failureMessages":[],"meta":{}},{"ancestorTitles":["NewsPage","empty states"],"fullName":"NewsPage empty states shows publications coming soon message when publications array is empty","status":"passed","title":"shows publications coming soon message when publications array is empty","duration":52.3107,"failureMessages":[],"meta":{}},{"ancestorTitles":["NewsPage","empty states"],"fullName":"NewsPage empty states shows both coming soon messages when all arrays are empty","status":"passed","title":"shows both coming soon messages when all arrays are empty","duration":46.92619999999988,"failureMessages":[],"meta":{}},{"ancestorTitles":["NewsPage","accessibility"],"fullName":"NewsPage accessibility news cards have aria labels","status":"passed","title":"news cards have aria labels","duration":13.315800000000309,"failureMessages":[],"meta":{}},{"ancestorTitles":["NewsPage","accessibility"],"fullName":"NewsPage accessibility tabs are keyboard navigable","status":"passed","title":"tabs are keyboard navigable","duration":17.072000000000116,"failureMessages":[],"meta":{}}],"startTime":1769191119963,"endTime":1769191120908.072,"status":"passed","message":"","name":"C:/Users/duyan/Desktop/workspace/polymer-bionics-webs/src/components/__tests__/NewsPage.test.tsx"},{"assertionResults":[{"ancestorTitles":["PageHero","rendering"],"fullName":"PageHero rendering renders title correctly","status":"passed","title":"renders title correctly","duration":56.3140999999996,"failureMessages":[],"meta":{}},{"ancestorTitles":["PageHero","rendering"],"fullName":"PageHero rendering renders description correctly","status":"passed","title":"renders description correctly","duration":8.031499999999596,"failureMessages":[],"meta":{}},{"ancestorTitles":["PageHero","rendering"],"fullName":"PageHero rendering renders as a section element","status":"passed","title":"renders as a section element","duration":4.644900000000234,"failureMessages":[],"meta":{}},{"ancestorTitles":["PageHero","rendering"],"fullName":"PageHero rendering renders title as h1","status":"passed","title":"renders title as h1","duration":5.618200000000343,"failureMessages":[],"meta":{}},{"ancestorTitles":["PageHero","breadcrumbs"],"fullName":"PageHero breadcrumbs renders breadcrumbs when provided with onNavigate","status":"passed","title":"renders breadcrumbs when provided with onNavigate","duration":18.85609999999997,"failureMessages":[],"meta":{}},{"ancestorTitles":["PageHero","breadcrumbs"],"fullName":"PageHero breadcrumbs does not render breadcrumbs without onNavigate","status":"passed","title":"does not render breadcrumbs without onNavigate","duration":2.889900000000125,"failureMessages":[],"meta":{}},{"ancestorTitles":["PageHero","breadcrumbs"],"fullName":"PageHero breadcrumbs handles breadcrumb navigation","status":"passed","title":"handles breadcrumb navigation","duration":59.76810000000023,"failureMessages":[],"meta":{}},{"ancestorTitles":["PageHero","actions"],"fullName":"PageHero actions renders action buttons when provided","status":"passed","title":"renders action buttons when provided","duration":4.932699999999841,"failureMessages":[],"meta":{}},{"ancestorTitles":["PageHero","actions"],"fullName":"PageHero actions does not render actions container when not provided","status":"passed","title":"does not render actions container when not provided","duration":3.0976999999998043,"failureMessages":[],"meta":{}},{"ancestorTitles":["PageHero","children"],"fullName":"PageHero children renders children content","status":"passed","title":"renders children content","duration":2.9506999999998698,"failureMessages":[],"meta":{}},{"ancestorTitles":["PageHero","background image"],"fullName":"PageHero background image renders HeroImage when backgroundImage is provided","status":"passed","title":"renders HeroImage when backgroundImage is provided","duration":8.283699999999953,"failureMessages":[],"meta":{}},{"ancestorTitles":["PageHero","background image"],"fullName":"PageHero background image does not render HeroImage when backgroundImage is not provided","status":"passed","title":"does not render HeroImage when backgroundImage is not provided","duration":2.1746000000002823,"failureMessages":[],"meta":{}},{"ancestorTitles":["PageHero","background image"],"fullName":"PageHero background image accepts custom backgroundOpacity","status":"passed","title":"accepts custom backgroundOpacity","duration":4.884399999999914,"failureMessages":[],"meta":{}},{"ancestorTitles":["PageHero","custom className"],"fullName":"PageHero custom className accepts and applies custom className","status":"passed","title":"accepts and applies custom className","duration":2.984399999999823,"failureMessages":[],"meta":{}},{"ancestorTitles":["PageHero","default styles"],"fullName":"PageHero default styles applies hero section classes","status":"passed","title":"applies hero section classes","duration":1.8649999999997817,"failureMessages":[],"meta":{}},{"ancestorTitles":["PageHero","default styles"],"fullName":"PageHero default styles applies responsive padding","status":"passed","title":"applies responsive padding","duration":1.5967000000000553,"failureMessages":[],"meta":{}}],"startTime":1769191110413,"endTime":1769191110603.5967,"status":"passed","message":"","name":"C:/Users/duyan/Desktop/workspace/polymer-bionics-webs/src/components/__tests__/PageHero.test.tsx"},{"assertionResults":[{"ancestorTitles":["ProductsInitializer","rendering"],"fullName":"ProductsInitializer rendering renders null (no visible output)","status":"passed","title":"renders null (no visible output)","duration":19.036200000000008,"failureMessages":[],"meta":{}},{"ancestorTitles":["ProductsInitializer","initialization"],"fullName":"ProductsInitializer initialization generates products when products array is empty","status":"passed","title":"generates products when products array is empty","duration":5.105800000000272,"failureMessages":[],"meta":{}},{"ancestorTitles":["ProductsInitializer","initialization"],"fullName":"ProductsInitializer initialization sets products after generation","status":"passed","title":"sets products after generation","duration":78.03880000000026,"failureMessages":[],"meta":{}},{"ancestorTitles":["ProductsInitializer","with existing products"],"fullName":"ProductsInitializer with existing products does not regenerate when products exist","status":"passed","title":"does not regenerate when products exist","duration":109.82469999999967,"failureMessages":[],"meta":{}},{"ancestorTitles":["ProductsInitializer","error handling"],"fullName":"ProductsInitializer error handling handles generation errors gracefully","status":"passed","title":"handles generation errors gracefully","duration":77.17039999999997,"failureMessages":[],"meta":{}}],"startTime":1769191109825,"endTime":1769191110114.1704,"status":"passed","message":"","name":"C:/Users/duyan/Desktop/workspace/polymer-bionics-webs/src/components/__tests__/ProductsInitializer.test.tsx"},{"assertionResults":[{"ancestorTitles":["ProductsPage","rendering"],"fullName":"ProductsPage rendering renders page hero with title","status":"passed","title":"renders page hero with title","duration":85.6348999999991,"failureMessages":[],"meta":{}},{"ancestorTitles":["ProductsPage","rendering"],"fullName":"ProductsPage rendering renders all product cards","status":"passed","title":"renders all product cards","duration":23.985899999999674,"failureMessages":[],"meta":{}},{"ancestorTitles":["ProductsPage","rendering"],"fullName":"ProductsPage rendering displays product taglines","status":"passed","title":"displays product taglines","duration":21.105900000000474,"failureMessages":[],"meta":{}},{"ancestorTitles":["ProductsPage","rendering"],"fullName":"ProductsPage rendering shows regulatory status in cards","status":"passed","title":"shows regulatory status in cards","duration":24.092799999998533,"failureMessages":[],"meta":{}},{"ancestorTitles":["ProductsPage","category filtering"],"fullName":"ProductsPage category filtering displays category badges","status":"passed","title":"displays category badges","duration":15.942900000000009,"failureMessages":[],"meta":{}},{"ancestorTitles":["ProductsPage","category filtering"],"fullName":"ProductsPage category filtering displays products when filter is applied","status":"passed","title":"displays products when filter is applied","duration":13.933399999999892,"failureMessages":[],"meta":{}},{"ancestorTitles":["ProductsPage","category filtering"],"fullName":"ProductsPage category filtering maintains product visibility when filters change","status":"passed","title":"maintains product visibility when filters change","duration":22.833300000000236,"failureMessages":[],"meta":{}},{"ancestorTitles":["ProductsPage","product selection"],"fullName":"ProductsPage product selection opens product dialog on card click","status":"passed","title":"opens product dialog on card click","duration":108.39310000000114,"failureMessages":[],"meta":{}},{"ancestorTitles":["ProductsPage","product selection"],"fullName":"ProductsPage product selection displays selected product name in dialog","status":"passed","title":"displays selected product name in dialog","duration":93.28180000000066,"failureMessages":[],"meta":{}},{"ancestorTitles":["ProductsPage","loading state"],"fullName":"ProductsPage loading state handles empty products array as loading state","status":"passed","title":"handles empty products array as loading state","duration":6.951500000001033,"failureMessages":[],"meta":{}},{"ancestorTitles":["ProductsPage","navigation"],"fullName":"ProductsPage navigation opens product dialog with product details","status":"passed","title":"opens product dialog with product details","duration":87.07540000000154,"failureMessages":[],"meta":{}},{"ancestorTitles":["ProductsPage","empty state"],"fullName":"ProductsPage empty state handles empty products array gracefully","status":"passed","title":"handles empty products array gracefully","duration":6.46559999999954,"failureMessages":[],"meta":{}},{"ancestorTitles":["ProductsPage","accessibility"],"fullName":"ProductsPage accessibility product cards are keyboard accessible","status":"passed","title":"product cards are keyboard accessible","duration":14.203800000001138,"failureMessages":[],"meta":{}},{"ancestorTitles":["ProductsPage","buy button"],"fullName":"ProductsPage buy button renders Buy button on product cards","status":"passed","title":"renders Buy button on product cards","duration":20.5687999999991,"failureMessages":[],"meta":{}},{"ancestorTitles":["ProductsPage","buy button"],"fullName":"ProductsPage buy button Buy button navigates to contact page","status":"passed","title":"Buy button navigates to contact page","duration":83.29930000000058,"failureMessages":[],"meta":{}}],"startTime":1769191119938,"endTime":1769191120567.2993,"status":"passed","message":"","name":"C:/Users/duyan/Desktop/workspace/polymer-bionics-webs/src/components/__tests__/ProductsPage.test.tsx"},{"assertionResults":[{"ancestorTitles":["TeamInitializer","rendering"],"fullName":"TeamInitializer rendering renders null (no visible output)","status":"passed","title":"renders null (no visible output)","duration":19.541400000000067,"failureMessages":[],"meta":{}},{"ancestorTitles":["TeamInitializer","initialization"],"fullName":"TeamInitializer initialization sets team members when team array is empty","status":"passed","title":"sets team members when team array is empty","duration":12.990900000000238,"failureMessages":[],"meta":{}},{"ancestorTitles":["TeamInitializer","initialization"],"fullName":"TeamInitializer initialization updates team when length differs from source","status":"passed","title":"updates team when length differs from source","duration":6.828600000000279,"failureMessages":[],"meta":{}},{"ancestorTitles":["TeamInitializer","with existing team"],"fullName":"TeamInitializer with existing team does not update when team length matches","status":"passed","title":"does not update when team length matches","duration":108.68820000000005,"failureMessages":[],"meta":{}}],"startTime":1769191109983,"endTime":1769191110131.6882,"status":"passed","message":"","name":"C:/Users/duyan/Desktop/workspace/polymer-bionics-webs/src/components/__tests__/TeamInitializer.test.tsx"},{"assertionResults":[{"ancestorTitles":["TeamPage","rendering"],"fullName":"TeamPage rendering renders page hero with title","status":"passed","title":"renders page hero with title","duration":52.65440000000126,"failureMessages":[],"meta":{}},{"ancestorTitles":["TeamPage","rendering"],"fullName":"TeamPage rendering renders team member cards","status":"passed","title":"renders team member cards","duration":11.777500000000146,"failureMessages":[],"meta":{}},{"ancestorTitles":["TeamPage","rendering"],"fullName":"TeamPage rendering displays team member roles","status":"passed","title":"displays team member roles","duration":11.583699999999226,"failureMessages":[],"meta":{}},{"ancestorTitles":["TeamPage","rendering"],"fullName":"TeamPage rendering displays team member short bios","status":"passed","title":"displays team member short bios","duration":10.881100000000515,"failureMessages":[],"meta":{}},{"ancestorTitles":["TeamPage","rendering"],"fullName":"TeamPage rendering renders member images when available","status":"passed","title":"renders member images when available","duration":17.03859999999986,"failureMessages":[],"meta":{}},{"ancestorTitles":["TeamPage","category grouping"],"fullName":"TeamPage category grouping groups team members by category","status":"passed","title":"groups team members by category","duration":8.576799999998912,"failureMessages":[],"meta":{}},{"ancestorTitles":["TeamPage","member selection"],"fullName":"TeamPage member selection opens member dialog on card click","status":"passed","title":"opens member dialog on card click","duration":106.07870000000003,"failureMessages":[],"meta":{}},{"ancestorTitles":["TeamPage","member selection"],"fullName":"TeamPage member selection displays selected member name in dialog","status":"passed","title":"displays selected member name in dialog","duration":62.42580000000089,"failureMessages":[],"meta":{}},{"ancestorTitles":["TeamPage","loading state"],"fullName":"TeamPage loading state handles empty team array as loading state","status":"passed","title":"handles empty team array as loading state","duration":8.663199999999051,"failureMessages":[],"meta":{}},{"ancestorTitles":["TeamPage","empty state"],"fullName":"TeamPage empty state handles empty team array gracefully","status":"passed","title":"handles empty team array gracefully","duration":7.8431000000000495,"failureMessages":[],"meta":{}},{"ancestorTitles":["TeamPage","accessibility"],"fullName":"TeamPage accessibility all team cards have aria labels","status":"passed","title":"all team cards have aria labels","duration":6.853299999998853,"failureMessages":[],"meta":{}},{"ancestorTitles":["TeamPage","accessibility"],"fullName":"TeamPage accessibility team member images have lazy loading","status":"passed","title":"team member images have lazy loading","duration":8.504299999998693,"failureMessages":[],"meta":{}}],"startTime":1769191120003,"endTime":1769191120316.5044,"status":"passed","message":"","name":"C:/Users/duyan/Desktop/workspace/polymer-bionics-webs/src/components/__tests__/TeamPage.test.tsx"},{"assertionResults":[{"ancestorTitles":["useLocalKV","initialization"],"fullName":"useLocalKV initialization returns initial value when localStorage is empty","status":"passed","title":"ret
[...]
essages":[],"meta":{}},{"ancestorTitles":["Analytics Tracker","initAnalytics"],"fullName":"Analytics Tracker initAnalytics enables debug mode via URL parameter","status":"passed","title":"enables debug mode via URL parameter","duration":1.1983000000000175,"failureMessages":[],"meta":{}},{"ancestorTitles":["Analytics Tracker","track"],"fullName":"Analytics Tracker track tracks event when consent granted","status":"passed","title":"tracks event when consent granted","duration":31.81840000000011,"failureMessages":[],"meta":{}},{"ancestorTitles":["Analytics Tracker","track"],"fullName":"Analytics Tracker track blocks event when consent not granted","status":"passed","title":"blocks event when consent not granted","duration":2.4091999999996005,"failureMessages":[],"meta":{}},{"ancestorTitles":["Analytics Tracker","track"],"fullName":"Analytics Tracker track attaches standard properties","status":"passed","title":"attaches standard properties","duration":3.4484999999999673,"failureMessages":[],"meta":{}},{"ancestorTitles":["Analytics Tracker","track"],"fullName":"Analytics Tracker track includes custom properties","status":"passed","title":"includes custom properties","duration":1.9434999999998581,"failureMessages":[],"meta":{}},{"ancestorTitles":["Analytics Tracker","track"],"fullName":"Analytics Tracker track respects sampling rate","status":"passed","title":"respects sampling rate","duration":0.9691000000002532,"failureMessages":[],"meta":{}},{"ancestorTitles":["Analytics Tracker","track"],"fullName":"Analytics Tracker track queues events before initialization","status":"passed","title":"queues events before initialization","duration":1.9360999999998967,"failureMessages":[],"meta":{}},{"ancestorTitles":["Analytics Tracker","page"],"fullName":"Analytics Tracker page tracks page view","status":"passed","title":"tracks page view","duration":1.7547000000004118,"failureMessages":[],"meta":{}},{"ancestorTitles":["Analytics Tracker","page"],"fullName":"Analytics Tracker page includes previous page","status":"passed","title":"includes previous page","duration":1.7509000000000015,"failureMessages":[],"meta":{}},{"ancestorTitles":["Analytics Tracker","page"],"fullName":"Analytics Tracker page accepts additional properties","status":"passed","title":"accepts additional properties","duration":1.4183000000002721,"failureMessages":[],"meta":{}},{"ancestorTitles":["Analytics Tracker","conversion"],"fullName":"Analytics Tracker conversion tracks conversion with event ID","status":"passed","title":"tracks conversion with event ID","duration":2.1443999999996777,"failureMessages":[],"meta":{}},{"ancestorTitles":["Analytics Tracker","conversion"],"fullName":"Analytics Tracker conversion auto-generates event ID if empty string provided","status":"passed","title":"auto-generates event ID if empty string provided","duration":2.5342000000000553,"failureMessages":[],"meta":{}},{"ancestorTitles":["Analytics Tracker","trackOnce"],"fullName":"Analytics Tracker trackOnce fires event on first call","status":"passed","title":"fires event on first call","duration":5.426500000000033,"failureMessages":[],"meta":{}},{"ancestorTitles":["Analytics Tracker","trackOnce"],"fullName":"Analytics Tracker trackOnce does not fire on subsequent calls","status":"passed","title":"does not fire on subsequent calls","duration":2.5585000000000946,"failureMessages":[],"meta":{}},{"ancestorTitles":["Analytics Tracker","trackOnce"],"fullName":"Analytics Tracker trackOnce fires different events independently","status":"passed","title":"fires different events independently","duration":1.9327000000002954,"failureMessages":[],"meta":{}},{"ancestorTitles":["Analytics Tracker","trackOnceWithKey"],"fullName":"Analytics Tracker trackOnceWithKey uses custom key for deduplication","status":"passed","title":"uses custom key for deduplication","duration":2.9339999999997417,"failureMessages":[],"meta":{}},{"ancestorTitles":["Analytics Tracker","trackOnceWithKey"],"fullName":"Analytics Tracker trackOnceWithKey allows same event with different keys","status":"passed","title":"allows same event with different keys","duration":2.7105999999998858,"failureMessages":[],"meta":{}},{"ancestorTitles":["Analytics Tracker","hasFired"],"fullName":"Analytics Tracker hasFired returns false for unfired events","status":"passed","title":"returns false for unfired events","duration":1.5939000000003034,"failureMessages":[],"meta":{}},{"ancestorTitles":["Analytics Tracker","hasFired"],"fullName":"Analytics Tracker hasFired returns true for fired events","status":"passed","title":"returns true for fired events","duration":3.136800000000221,"failureMessages":[],"meta":{}},{"ancestorTitles":["Analytics Tracker","registerDestination"],"fullName":"Analytics Tracker registerDestination calls all registered destinations","status":"passed","title":"calls all registered destinations","duration":1.8315999999999804,"failureMessages":[],"meta":{}},{"ancestorTitles":["Analytics Tracker","registerDestination"],"fullName":"Analytics Tracker registerDestination passes event to destinations","status":"passed","title":"passes event to destinations","duration":1.5675000000001091,"failureMessages":[],"meta":{}},{"ancestorTitles":["Analytics Tracker","device class detection"],"fullName":"Analytics Tracker device class detection detects mobile viewport","status":"passed","title":"detects mobile viewport","duration":5.850300000000061,"failureMessages":[],"meta":{}},{"ancestorTitles":["Analytics Tracker","device class detection"],"fullName":"Analytics Tracker device class detection detects tablet viewport","status":"passed","title":"detects tablet viewport","duration":1.4283000000000357,"failureMessages":[],"meta":{}},{"ancestorTitles":["Analytics Tracker","device class detection"],"fullName":"Analytics Tracker device class detection detects desktop viewport","status":"passed","title":"detects desktop viewport","duration":1.2490999999999985,"failureMessages":[],"meta":{}},{"ancestorTitles":["Analytics Tracker","destination error handling"],"fullName":"Analytics Tracker destination error handling continues to other destinations if one throws","status":"passed","title":"continues to other destinations if one throws","duration":5.752700000000004,"failureMessages":[],"meta":{}},{"ancestorTitles":["Analytics Tracker","conversion server-side"],"fullName":"Analytics Tracker conversion server-side sends conversion events to server","status":"passed","title":"sends conversion events to server","duration":66.64069999999992,"failureMessages":[],"meta":{}},{"ancestorTitles":["Analytics Tracker","conversion server-side"],"fullName":"Analytics Tracker conversion server-side handles server errors gracefully","status":"passed","title":"handles server errors gracefully","duration":62.941299999999956,"failureMessages":[],"meta":{}},{"ancestorTitles":["Analytics Tracker","handleConsentWithdrawn"],"fullName":"Analytics Tracker handleConsentWithdrawn clears fired events when consent withdrawn","status":"passed","title":"clears fired events when consent withdrawn","duration":1.8085999999998421,"failureMessages":[],"meta":{}},{"ancestorTitles":["Analytics Tracker","page view queuing"],"fullName":"Analytics Tracker page view queuing queues page views before initialization","status":"passed","title":"queues page views before initialization","duration":1.3008999999997286,"failureMessages":[],"meta":{}},{"ancestorTitles":["Analytics Tracker","track with fireOnce option"],"fullName":"Analytics Tracker track with fireOnce option marks event as fired when using fireOnce option directly","status":"passed","title":"marks event as fired when using fireOnce option directly","duration":1.2813999999998487,"failureMessages":[],"meta":{}},{"ancestorTitles":["Analytics Tracker","track with fireOnce option"],"fullName":"Analytics Tracker track with fireOnce option uses custom fireOnceKey when provided","status":"passed","title":"uses custom fireOnceKey when provided","duration":1.5282999999999447,"failureMessages":[],"meta":{}},{"ancestorTitles":["Analytics Tracker","conversion deduplication"],"fullName":"Analytics Tracker conversion deduplication prevents duplicate conversions with same event ID","status":"passed","title":"prevents duplicate conversions with same event ID","duration":1.2136000000000422,"failureMessages":[],"meta":{}},{"ancestorTitles":["Analytics Tracker","conversion deduplication"],"fullName":"Analytics Tracker conversion deduplication allows different conversion types with same event ID","status":"passed","title":"allows different conversion types with same event ID","duration":1.5661000000000058,"failureMessages":[],"meta":{}},{"ancestorTitles":["Analytics Tracker","conversion without consent"],"fullName":"Analytics Tracker conversion without consent blocks conversion when consent not granted","status":"passed","title":"blocks conversion when consent not granted","duration":1.0963000000001557,"failureMessages":[],"meta":{}},{"ancestorTitles":["Analytics Tracker","track with marketing consent category"],"fullName":"Analytics Tracker track with marketing consent category blocks marketing events when marketing consent not granted","status":"passed","title":"blocks marketing events when marketing consent not granted","duration":0.7638999999999214,"failureMessages":[],"meta":{}},{"ancestorTitles":["Analytics Tracker","track with marketing consent category"],"fullName":"Analytics Tracker track with marketing consent category allows marketing events when marketing consent granted","status":"passed","title":"allows marketing events when marketing consent granted","duration":1.1307999999999083,"failureMessages":[],"meta":{}},{"ancestorTitles":["Analytics Tracker","page view without consent"],"fullName":"Analytics Tracker page view without consent blocks page view when no analytics consent","status":"passed","title":"blocks page view when no analytics consent","duration":0.9148999999997613,"failureMessages":[],"meta":{}},{"ancestorTitles":["Analytics Tracker","conversion already fired"],"fullName":"Analytics Tracker conversion already fired skips duplicate conversion events","status":"passed","title":"skips duplicate conversion events","duration":1.668500000000222,"failureMessages":[],"meta":{}}],"startTime":1769191110120,"endTime":1769191110364.6685,"status":"passed","message":"","name":"C:/Users/duyan/Desktop/workspace/polymer-bionics-webs/src/lib/analytics/__tests__/tracker.test.ts"},{"assertionResults":[{"ancestorTitles":["Web Vitals","initWebVitals"],"fullName":"Web Vitals initWebVitals initializes with default config","status":"passed","title":"initializes with default config","duration":8.451599999999871,"failureMessages":[],"meta":{}},{"ancestorTitles":["Web Vitals","initWebVitals"],"fullName":"Web Vitals initWebVitals accepts custom config","status":"passed","title":"accepts custom config","duration":0.8683000000000902,"failureMessages":[],"meta":{}},{"ancestorTitles":["Web Vitals","initWebVitals"],"fullName":"Web Vitals initWebVitals updates config when disabled","status":"passed","title":"updates config when disabled","duration":0.6446000000000822,"failureMessages":[],"meta":{}},{"ancestorTitles":["Web Vitals","initWebVitals"],"fullName":"Web Vitals initWebVitals handles initialization without consent","status":"passed","title":"handles initialization without consent","duration":2.1710000000002765,"failureMessages":[],"meta":{}},{"ancestorTitles":["Web Vitals","reportCustomMetric"],"fullName":"Web Vitals reportCustomMetric reports custom metric without error","status":"passed","title":"reports custom metric without error","duration":1.5608999999999469,"failureMessages":[],"meta":{}},{"ancestorTitles":["Web Vitals","reportCustomMetric"],"fullName":"Web Vitals reportCustomMetric accepts custom properties","status":"passed","title":"accepts custom properties","duration":0.5300999999999476,"failureMessages":[],"meta":{}},{"ancestorTitles":["Web Vitals","reportCustomMetric"],"fullName":"Web Vitals reportCustomMetric handles reporting without consent","status":"passed","title":"handles reporting without consent","duration":1.0264999999999418,"failureMessages":[],"meta":{}},{"ancestorTitles":["Web Vitals","reportCustomMetric"],"fullName":"Web Vitals reportCustomMetric accepts various metric values","status":"passed","title":"accepts various metric values","duration":0.48529999999982465,"failureMessages":[],"meta":{}},{"ancestorTitles":["Web Vitals","reportLongTask"],"fullName":"Web Vitals reportLongTask reports long task without error","status":"passed","title":"reports long task without error","duration":0.8615999999997257,"failureMessages":[],"meta":{}},{"ancestorTitles":["Web Vitals","reportLongTask"],"fullName":"Web Vitals reportLongTask reports without properties","status":"passed","title":"reports without properties","duration":0.5864999999998872,"failureMessages":[],"meta":{}},{"ancestorTitles":["Web Vitals","reportLongTask"],"fullName":"Web Vitals reportLongTask handles reporting without consent","status":"passed","title":"handles reporting without consent","duration":0.6358000000000175,"failureMessages":[],"meta":{}},{"ancestorTitles":["Web Vitals","startLongTaskObserver"],"fullName":"Web Vitals startLongTaskObserver starts observing without error","status":"passed","title":"starts observing without error","duration":0.6075000000000728,"failureMessages":[],"meta":{}},{"ancestorTitles":["Web Vitals","startLongTaskObserver"],"fullName":"Web Vitals startLongTaskObserver accepts custom threshold","status":"passed","title":"accepts custom threshold","duration":0.48329999999987194,"failureMessages":[],"meta":{}},{"ancestorTitles":["Web Vitals","startLongTaskObserver"],"fullName":"Web Vitals startLongTaskObserver handles missing PerformanceObserver gracefully","status":"passed","title":"handles missing PerformanceObserver gracefully","duration":0.4378999999998996,"failureMessages":[],"meta":{}},{"ancestorTitles":["Web Vitals","stopLongTaskObserver"],"fullName":"Web Vitals stopLongTaskObserver stops observing without error","status":"passed","title":"stops observing without error","duration":0.37770000000000437,"failureMessages":[],"meta":{}},{"ancestorTitles":["Web Vitals","stopLongTaskObserver"],"fullName":"Web Vitals stopLongTaskObserver handles stop when not started","status":"passed","title":"handles stop when not started","duration":0.35960000000022774,"failureMessages":[],"meta":{}},{"ancestorTitles":["Web Vitals","getResourceTimings"],"fullName":"Web Vitals getResourceTimings returns resource timings array","status":"passed","title":"returns resource timings array","duration":0.3726999999998952,"failureMessages":[],"meta":{}},{"ancestorTitles":["Web Vitals","getResourceTimings"],"fullName":"Web Vitals getResourceTimings handles missing performance API","status":"passed","title":"handles missing performance API","duration":0.9262000000003354,"failureMessages":[],"meta":{}},{"ancestorTitles":["Web Vitals","reportSlowResources"],"fullName":"Web Vitals reportSlowResources reports slow resources without error","status":"passed","title":"reports slow resources without error","duration":0.802599999999984,"failureMessages":[],"meta":{}},{"ancestorTitles":["Web Vitals","reportSlowResources"],"fullName":"Web Vitals reportSlowResources handles resources below threshold","status":"passed","title":"handles resources below threshold","duration":0.3854999999998654,"failureMessages":[],"meta":{}},{"ancestorTitles":["Web Vitals","reportSlowResources"],"fullName":"Web Vitals reportSlowResources uses default threshold","status":"passed","title":"uses default threshold","duration":0.33890000000019427,"failureMessages":[],"meta":{}},{"ancestorTitles":["Web Vitals","metric thresholds"],"fullName":"Web Vitals metric thresholds classifies LCP correctly","status":"passed","title":"classifies LCP correctly","duration":0.23919999999998254,"failureMessages":[],"meta":{}},{"ancestorTitles":["Web Vitals","metric thresholds"],"fullName":"Web Vitals metric thresholds accepts custom thresholds","status":"passed","title":"accepts custom thresholds","duration":0.2660000000000764,"failureMessages":[],"meta":{}},{"ancestorTitles":["Web Vitals","custom metric callback"],"fullName":"Web Vitals custom metric callback accepts onMetric callback without error","status":"passed","title":"accepts onMetric callback without error","duration":1.113299999999981,"failureMessages":[],"meta":{}},{"ancestorTitles":["Web Vitals","getWebVitalsConfig"],"fullName":"Web Vitals getWebVitalsConfig returns current config","status":"passed","title":"returns current config","duration":0.32529999999997017,"failureMessages":[],"meta":{}},{"ancestorTitles":["Web Vitals","getWebVitalsConfig"],"fullName":"Web Vitals getWebVitalsConfig returns a copy of config","status":"passed","title":"returns a copy of config","duration":0.6404999999999745,"failureMessages":[],"meta":{}},{"ancestorTitles":["Web Vitals","useWebVitals hook"],"fullName":"Web Vitals useWebVitals hook exports useWebVitals function","status":"passed","title":"exports useWebVitals function","duration":0.3718999999996413,"failureMessages":[],"meta":{}},{"ancestorTitles":["Web Vitals","useWebVitals hook"],"fullName":"Web Vitals useWebVitals hook calls initWebVitals when invoked","status":"passed","title":"calls initWebVitals when invoked","duration":0.5405000000000655,"failureMessages":[],"meta":{}},{"ancestorTitles":["Web Vitals","reportSlowResources edge cases"],"fullName":"Web Vitals reportSlowResources edge cases does not track without consent","status":"passed","title":"does not track without consent","duration":0.6502000000000407,"failureMessages":[],"meta":{}},{"ancestorTitles":["Web Vitals","reportSlowResources edge cases"],"fullName":"Web Vitals reportSlowResources edge cases accepts custom threshold","status":"passed","title":"accepts custom threshold","duration":0.39780000000018845,"failureMessages":[],"meta":{}},{"ancestorTitles":["Web Vitals","startLongTaskObserver"],"fullName":"Web Vitals startLongTaskObserver does nothing when PerformanceObserver is undefined","status":"passed","title":"does nothing when PerformanceObserver is undefined","duration":0.4501000000000204,"failureMessages":[],"meta":{}},{"ancestorTitles":["Web Vitals","startLongTaskObserver"],"fullName":"Web Vitals startLongTaskObserver does not create duplicate observers","status":"passed","title":"does not create duplicate observers","duration":0.3976999999999862,"failureMessages":[],"meta":{}},{"ancestorTitles":["Web Vitals","startLongTaskObserver"],"fullName":"Web Vitals startLongTaskObserver accepts custom threshold","status":"passed","title":"accepts custom threshold","duration":0.45699999999987995,"failureMessages":[],"meta":{}},{"ancestorTitles":["Web Vitals","stopLongTaskObserver"],"fullName":"Web Vitals stopLongTaskObserver does nothing when no observer exists","status":"passed","title":"does nothing when no observer exists","duration":0.3787000000002081,"failureMessages":[],"meta":{}},{"ancestorTitles":["Web Vitals","stopLongTaskObserver"],"fullName":"Web Vitals stopLongTaskObserver disconnects and clears observer","status":"passed","title":"disconnects and clears observer","duration":0.47830000000021755,"failureMessages":[],"meta":{}},{"ancestorTitles":["Web Vitals","getResourceTimings"],"fullName":"Web Vitals getResourceTimings returns empty array when performance API undefined","status":"passed","title":"returns empty array when performance API undefined","duration":0.3668999999999869,"failureMessages":[],"meta":{}},{"ancestorTitles":["Web Vitals","getResourceTimings"],"fullName":"Web Vitals getResourceTimings returns resource timing entries","status":"passed","title":"returns resource timing entries","duration":0.3184000000001106,"failureMessages":[],"meta":{}}],"startTime":1769191112469,"endTime":1769191112501.367,"status":"passed","message":"","name":"C:/Users/duyan/Desktop/workspace/polymer-bionics-webs/src/lib/analytics/__tests__/web-vitals.test.ts"}]}