{"/workspaces/spark-template/src/ErrorFallback.tsx": {"path":"/workspaces/spark-template/src/ErrorFallback.tsx","statementMap":{"0":{"start":{"line":11,"column":29},"end":{"line":45,"column":null}},"1":{"start":{"line":14,"column":2},"end":{"line":14,"column":null}},"2":{"start":{"line":14,"column":28},"end":{"line":14,"column":40}}},"fnMap":{"0":{"name":"(anonymous_0)","decl":{"start":{"line":11,"column":29},"end":{"line":11,"column":30}},"loc":{"start":{"line":11,"column":79},"end":{"line":45,"column":null}},"line":11}},"branchMap":{"0":{"loc":{"start":{"line":14,"column":2},"end":{"line":14,"column":null}},"type":"if","locations":[{"start":{"line":14,"column":2},"end":{"line":14,"column":null}},{"start":{},"end":{}}],"line":14}},"s":{"0":1,"1":10,"2":0},"f":{"0":10},"b":{"0":[0,10]},"meta":{"lastBranch":1,"lastFunction":1,"lastStatement":3,"seen":{"s:11:29:45:Infinity":0,"f:11:29:11:30":0,"b:14:2:14:Infinity:undefined:undefined:undefined:undefined":0,"s:14:2:14:Infinity":1,"s:14:28:14:40":2}}}
,"/workspaces/spark-template/src/components/AnalyticsProvider.tsx": {"path":"/workspaces/spark-template/src/components/AnalyticsProvider.tsx","statementMap":{"0":{"start":{"line":34,"column":13},"end":{"line":153,"column":null}},"1":{"start":{"line":37,"column":2},"end":{"line":150,"column":null}},"2":{"start":{"line":39,"column":32},"end":{"line":147,"column":null}},"3":{"start":{"line":40,"column":6},"end":{"line":146,"column":null}},"4":{"start":{"line":42,"column":8},"end":{"line":42,"column":null}},"5":{"start":{"line":45,"column":14},"end":{"line":45,"column":null}},"6":{"start":{"line":46,"column":8},"end":{"line":46,"column":null}},"7":{"start":{"line":49,"column":14},"end":{"line":49,"column":null}},"8":{"start":{"line":50,"column":8},"end":{"line":59,"column":null}},"9":{"start":{"line":51,"column":10},"end":{"line":58,"column":null}},"10":{"start":{"line":52,"column":12},"end":{"line":55,"column":null}},"11":{"start":{"line":57,"column":12},"end":{"line":57,"column":null}},"12":{"start":{"line":62,"column":14},"end":{"line":62,"column":null}},"13":{"start":{"line":63,"column":8},"end":{"line":74,"column":null}},"14":{"start":{"line":64,"column":10},"end":{"line":73,"column":null}},"15":{"start":{"line":65,"column":12},"end":{"line":70,"column":null}},"16":{"start":{"line":72,"column":12},"end":{"line":72,"column":null}},"17":{"start":{"line":77,"column":14},"end":{"line":77,"column":null}},"18":{"start":{"line":78,"column":8},"end":{"line":88,"column":null}},"19":{"start":{"line":79,"column":10},"end":{"line":87,"column":null}},"20":{"start":{"line":80,"column":12},"end":{"line":84,"column":null}},"21":{"start":{"line":86,"column":12},"end":{"line":86,"column":null}},"22":{"start":{"line":91,"column":14},"end":{"line":91,"column":null}},"23":{"start":{"line":92,"column":8},"end":{"line":102,"column":null}},"24":{"start":{"line":93,"column":10},"end":{"line":101,"column":null}},"25":{"start":{"line":94,"column":12},"end":{"line":98,"column":null}},"26":{"start":{"line":100,"column":12},"end":{"line":100,"column":null}},"27":{"start":{"line":105,"column":14},"end":{"line":105,"column":null}},"28":{"start":{"line":106,"column":8},"end":{"line":114,"column":null}},"29":{"start":{"line":107,"column":10},"end":{"line":113,"column":null}},"30":{"start":{"line":108,"column":12},"end":{"line":110,"column":null}},"31":{"start":{"line":112,"column":12},"end":{"line":112,"column":null}},"32":{"start":{"line":117,"column":14},"end":{"line":117,"column":null}},"33":{"start":{"line":118,"column":8},"end":{"line":128,"column":null}},"34":{"start":{"line":119,"column":10},"end":{"line":127,"column":null}},"35":{"start":{"line":120,"column":12},"end":{"line":124,"column":null}},"36":{"start":{"line":126,"column":12},"end":{"line":126,"column":null}},"37":{"start":{"line":131,"column":8},"end":{"line":143,"column":null}},"38":{"start":{"line":133,"column":10},"end":{"line":142,"column":null}},"39":{"start":{"line":145,"column":8},"end":{"line":145,"column":null}},"40":{"start":{"line":149,"column":4},"end":{"line":149,"column":null}}},"fnMap":{"0":{"name":"(anonymous_0)","decl":{"start":{"line":34,"column":38},"end":{"line":34,"column":39}},"loc":{"start":{"line":36,"column":25},"end":{"line":153,"column":null}},"line":36},"1":{"name":"(anonymous_1)","decl":{"start":{"line":37,"column":12},"end":{"line":37,"column":null}},"loc":{"start":{"line":37,"column":12},"end":{"line":150,"column":5}},"line":37},"2":{"name":"(anonymous_2)","decl":{"start":{"line":39,"column":32},"end":{"line":39,"column":null}},"loc":{"start":{"line":39,"column":32},"end":{"line":147,"column":null}},"line":39}},"branchMap":{"0":{"loc":{"start":{"line":50,"column":8},"end":{"line":59,"column":null}},"type":"if","locations":[{"start":{"line":50,"column":8},"end":{"line":59,"column":null}},{"start":{},"end":{}}],"line":50},"1":{"loc":{"start":{"line":63,"column":8},"end":{"line":74,"column":null}},"type":"if","locations":[{"start":{"line":63,"column":8},"end":{"line":74,"column":null}},{"start":{},"end":{}}],"line":63},"2":{"loc":{"start":{"line":63,"column":12},"end":{"line":63,"column":86}},"type":"binary-expr","locations":[{"start":{"line":63,"column":12},"end":{"line":63,"column":46}},{"start":{"line":63,"column":50},"end":{"line":63,"column":86}}],"line":63},"3":{"loc":{"start":{"line":78,"column":8},"end":{"line":88,"column":null}},"type":"if","locations":[{"start":{"line":78,"column":8},"end":{"line":88,"column":null}},{"start":{},"end":{}}],"line":78},"4":{"loc":{"start":{"line":92,"column":8},"end":{"line":102,"column":null}},"type":"if","locations":[{"start":{"line":92,"column":8},"end":{"line":102,"column":null}},{"start":{},"end":{}}],"line":92},"5":{"loc":{"start":{"line":106,"column":8},"end":{"line":114,"column":null}},"type":"if","locations":[{"start":{"line":106,"column":8},"end":{"line":114,"column":null}},{"start":{},"end":{}}],"line":106},"6":{"loc":{"start":{"line":106,"column":12},"end":{"line":106,"column":60}},"type":"binary-expr","locations":[{"start":{"line":106,"column":12},"end":{"line":106,"column":33}},{"start":{"line":106,"column":37},"end":{"line":106,"column":60}}],"line":106},"7":{"loc":{"start":{"line":118,"column":8},"end":{"line":128,"column":null}},"type":"if","locations":[{"start":{"line":118,"column":8},"end":{"line":128,"column":null}},{"start":{},"end":{}}],"line":118},"8":{"loc":{"start":{"line":131,"column":8},"end":{"line":143,"column":null}},"type":"if","locations":[{"start":{"line":131,"column":8},"end":{"line":143,"column":null}},{"start":{},"end":{}}],"line":131},"9":{"loc":{"start":{"line":138,"column":21},"end":{"line":138,"column":71}},"type":"binary-expr","locations":[{"start":{"line":138,"column":21},"end":{"line":138,"column":42}},{"start":{"line":138,"column":46},"end":{"line":138,"column":71}}],"line":138}},"s":{"0":1,"1":15,"2":14,"3":14,"4":14,"5":14,"6":14,"7":14,"8":14,"9":0,"10":0,"11":0,"12":13,"13":13,"14":5,"15":5,"16":0,"17":13,"18":13,"19":6,"20":6,"21":0,"22":13,"23":13,"24":0,"25":0,"26":0,"27":13,"28":13,"29":3,"30":3,"31":2,"32":13,"33":13,"34":1,"35":1,"36":1,"37":13,"38":6,"39":1,"40":14},"f":{"0":15,"1":14,"2":14},"b":{"0":[0,14],"1":[5,8],"2":[13,8],"3":[6,7],"4":[0,13],"5":[3,10],"6":[13,3],"7":[1,12],"8":[6,7],"9":[6,3]},"meta":{"lastBranch":10,"lastFunction":3,"lastStatement":41,"seen":{"s:34:13:153:Infinity":0,"f:34:38:34:39":0,"s:37:2:150:Infinity":1,"f:37:12:37:Infinity":1,"s:39:32:147:Infinity":2,"f:39:32:39:Infinity":2,"s:40:6:146:Infinity":3,"s:42:8:42:Infinity":4,"s:45:14:45:Infinity":5,"s:46:8:46:Infinity":6,"s:49:14:49:Infinity":7,"b:50:8:59:Infinity:undefined:undefined:undefined:undefined":0,"s:50:8:59:Infinity":8,"s:51:10:58:Infinity":9,"s:52:12:55:Infinity":10,"s:57:12:57:Infinity":11,"s:62:14:62:Infinity":12,"b:63:8:74:Infinity:undefined:undefined:undefined:undefined":1,"s:63:8:74:Infinity":13,"b:63:12:63:46:63:50:63:86":2,"s:64:10:73:Infinity":14,"s:65:12:70:Infinity":15,"s:72:12:72:Infinity":16,"s:77:14:77:Infinity":17,"b:78:8:88:Infinity:undefined:undefined:undefined:undefined":3,"s:78:8:88:Infinity":18,"s:79:10:87:Infinity":19,"s:80:12:84:Infinity":20,"s:86:12:86:Infinity":21,"s:91:14:91:Infinity":22,"b:92:8:102:Infinity:undefined:undefined:undefined:undefined":4,"s:92:8:102:Infinity":23,"s:93:10:101:Infinity":24,"s:94:12:98:Infinity":25,"s:100:12:100:Infinity":26,"s:105:14:105:Infinity":27,"b:106:8:114:Infinity:undefined:undefined:undefined:undefined":5,"s:106:8:114:Infinity":28,"b:106:12:106:33:106:37:106:60":6,"s:107:10:113:Infinity":29,"s:108:12:110:Infinity":30,"s:112:12:112:Infinity":31,"s:117:14:117:Infinity":32,"b:118:8:128:Infinity:undefined:undefined:undefined:undefined":7,"s:118:8:128:Infinity":33,"s:119:10:127:Infinity":34,"s:120:12:124:Infinity":35,"s:126:12:126:Infinity":36,"b:131:8:143:Infinity:undefined:undefined:undefined:undefined":8,"s:131:8:143:Infinity":37,"s:133:10:142:Infinity":38,"b:138:21:138:42:138:46:138:71":9,"s:145:8:145:Infinity":39,"s:149:4:149:Infinity":40}}}
,"/workspaces/spark-template/src/components/Breadcrumbs.tsx": {"path":"/workspaces/spark-template/src/components/Breadcrumbs.tsx","statementMap":{"0":{"start":{"line":20,"column":45},"end":{"line":20,"column":74}}},"fnMap":{"0":{"name":"Breadcrumbs","decl":{"start":{"line":13,"column":16},"end":{"line":13,"column":28}},"loc":{"start":{"line":13,"column":67},"end":{"line":32,"column":null}},"line":13},"1":{"name":"(anonymous_1)","decl":{"start":{"line":20,"column":39},"end":{"line":20,"column":45}},"loc":{"start":{"line":20,"column":45},"end":{"line":20,"column":74}},"line":20}},"branchMap":{"0":{"loc":{"start":{"line":20,"column":56},"end":{"line":20,"column":74}},"type":"binary-expr","locations":[{"start":{"line":20,"column":56},"end":{"line":20,"column":65}},{"start":{"line":20,"column":69},"end":{"line":20,"column":74}}],"line":20}},"s":{"0":3},"f":{"0":14,"1":3},"b":{"0":[3,0]},"meta":{"lastBranch":1,"lastFunction":2,"lastStatement":1,"seen":{"f:13:16:13:28":0,"f:20:39:20:45":1,"s:20:45:20:74":0,"b:20:56:20:65:20:69:20:74":0}}}
,"/workspaces/spark-template/src/components/ClickableCard.tsx": {"path":"/workspaces/spark-template/src/components/ClickableCard.tsx","statementMap":{"0":{"start":{"line":16,"column":13},"end":{"line":46,"column":null}},"1":{"start":{"line":18,"column":10},"end":{"line":25,"column":null}},"2":{"start":{"line":20,"column":8},"end":{"line":23,"column":null}},"3":{"start":{"line":21,"column":10},"end":{"line":21,"column":null}},"4":{"start":{"line":22,"column":10},"end":{"line":22,"column":null}},"5":{"start":{"line":49,"column":0},"end":{"line":49,"column":null}}},"fnMap":{"0":{"name":"(anonymous_0)","decl":{"start":{"line":17,"column":2},"end":{"line":17,"column":3}},"loc":{"start":{"line":17,"column":84},"end":{"line":46,"column":null}},"line":17},"1":{"name":"(anonymous_1)","decl":{"start":{"line":19,"column":6},"end":{"line":19,"column":7}},"loc":{"start":{"line":19,"column":7},"end":{"line":24,"column":null}},"line":19}},"branchMap":{"0":{"loc":{"start":{"line":17,"column":25},"end":{"line":17,"column":49}},"type":"default-arg","locations":[{"start":{"line":17,"column":45},"end":{"line":17,"column":49}}],"line":17},"1":{"loc":{"start":{"line":20,"column":8},"end":{"line":23,"column":null}},"type":"if","locations":[{"start":{"line":20,"column":8},"end":{"line":23,"column":null}},{"start":{},"end":{}}],"line":20},"2":{"loc":{"start":{"line":20,"column":12},"end":{"line":20,"column":48}},"type":"binary-expr","locations":[{"start":{"line":20,"column":12},"end":{"line":20,"column":33}},{"start":{"line":20,"column":33},"end":{"line":20,"column":48}}],"line":20},"3":{"loc":{"start":{"line":32,"column":10},"end":{"line":32,"column":null}},"type":"binary-expr","locations":[{"start":{"line":32,"column":10},"end":{"line":32,"column":31}},{"start":{"line":32,"column":31},"end":{"line":32,"column":null}}],"line":32}},"s":{"0":1,"1":12,"2":5,"3":2,"4":2,"5":1},"f":{"0":12,"1":5},"b":{"0":[12],"1":[2,3],"2":[5,4],"3":[12,11]},"meta":{"lastBranch":4,"lastFunction":2,"lastStatement":6,"seen":{"s:16:13:46:Infinity":0,"f:17:2:17:3":0,"b:17:45:17:49":0,"s:18:10:25:Infinity":1,"f:19:6:19:7":1,"b:20:8:23:Infinity:undefined:undefined:undefined:undefined":1,"s:20:8:23:Infinity":2,"b:20:12:20:33:20:33:20:48":2,"s:21:10:21:Infinity":3,"s:22:10:22:Infinity":4,"b:32:10:32:31:32:31:32:Infinity":3,"s:49:0:49:Infinity":5}}}
,"/workspaces/spark-template/src/components/ConsentBanner.tsx": {"path":"/workspaces/spark-template/src/components/ConsentBanner.tsx","statementMap":{"0":{"start":{"line":38,"column":50},"end":{"line":57,"column":null}},"1":{"start":{"line":63,"column":13},"end":{"line":233,"column":null}},"2":{"start":{"line":73,"column":3},"end":{"line":73,"column":null}},"3":{"start":{"line":75,"column":39},"end":{"line":79,"column":null}},"4":{"start":{"line":81,"column":8},"end":{"line":84,"column":null}},"5":{"start":{"line":82,"column":4},"end":{"line":82,"column":43}},"6":{"start":{"line":82,"column":35},"end":{"line":82,"column":41}},"7":{"start":{"line":83,"column":4},"end":{"line":83,"column":null}},"8":{"start":{"line":83,"column":29},"end":{"line":83,"column":null}},"9":{"start":{"line":86,"column":8},"end":{"line":89,"column":null}},"10":{"start":{"line":87,"column":4},"end":{"line":87,"column":null}},"11":{"start":{"line":88,"column":4},"end":{"line":88,"column":null}},"12":{"start":{"line":92,"column":2},"end":{"line":94,"column":null}},"13":{"start":{"line":93,"column":4},"end":{"line":93,"column":null}},"14":{"start":{"line":165,"column":63},"end":{"line":165,"column":null}},"15":{"start":{"line":197,"column":48},"end":{"line":197,"column":null}},"16":{"start":{"line":215,"column":16},"end":{"line":215,"column":null}},"17":{"start":{"line":243,"column":13},"end":{"line":260,"column":null}},"18":{"start":{"line":250,"column":27},"end":{"line":250,"column":null}},"19":{"start":{"line":270,"column":13},"end":{"line":293,"column":null}},"20":{"start":{"line":271,"column":36},"end":{"line":271,"column":null}},"21":{"start":{"line":273,"column":24},"end":{"line":282,"column":null}},"22":{"start":{"line":274,"column":4},"end":{"line":274,"column":null}},"23":{"start":{"line":274,"column":33},"end":{"line":274,"column":49}},"24":{"start":{"line":275,"column":20},"end":{"line":278,"column":null}},"25":{"start":{"line":280,"column":4},"end":{"line":280,"column":null}},"26":{"start":{"line":280,"column":31},"end":{"line":280,"column":54}},"27":{"start":{"line":281,"column":4},"end":{"line":281,"column":null}}},"fnMap":{"0":{"name":"(anonymous_0)","decl":{"start":{"line":63,"column":34},"end":{"line":63,"column":null}},"loc":{"start":{"line":63,"column":34},"end":{"line":233,"column":null}},"line":63},"1":{"name":"(anonymous_1)","decl":{"start":{"line":81,"column":35},"end":{"line":81,"column":36}},"loc":{"start":{"line":81,"column":63},"end":{"line":84,"column":5}},"line":81},"2":{"name":"(anonymous_2)","decl":{"start":{"line":83,"column":20},"end":{"line":83,"column":29}},"loc":{"start":{"line":83,"column":29},"end":{"line":83,"column":null}},"line":83},"3":{"name":"(anonymous_3)","decl":{"start":{"line":86,"column":44},"end":{"line":86,"column":null}},"loc":{"start":{"line":86,"column":44},"end":{"line":89,"column":5}},"line":86},"4":{"name":"(anonymous_4)","decl":{"start":{"line":165,"column":53},"end":{"line":165,"column":54}},"loc":{"start":{"line":165,"column":63},"end":{"line":165,"column":null}},"line":165},"5":{"name":"(anonymous_5)","decl":{"start":{"line":197,"column":35},"end":{"line":197,"column":36}},"loc":{"start":{"line":197,"column":48},"end":{"line":197,"column":null}},"line":197},"6":{"name":"(anonymous_6)","decl":{"start":{"line":214,"column":23},"end":{"line":214,"column":null}},"loc":{"start":{"line":214,"column":23},"end":{"line":216,"column":null}},"line":214},"7":{"name":"(anonymous_7)","decl":{"start":{"line":243,"column":38},"end":{"line":243,"column":39}},"loc":{"start":{"line":249,"column":1},"end":{"line":260,"column":null}},"line":249},"8":{"name":"(anonymous_8)","decl":{"start":{"line":270,"column":43},"end":{"line":270,"column":null}},"loc":{"start":{"line":270,"column":43},"end":{"line":293,"column":null}},"line":270},"9":{"name":"(anonymous_9)","decl":{"start":{"line":273,"column":24},"end":{"line":273,"column":null}},"loc":{"start":{"line":273,"column":24},"end":{"line":282,"column":null}},"line":273}},"branchMap":{"0":{"loc":{"start":{"line":82,"column":4},"end":{"line":82,"column":43}},"type":"if","locations":[{"start":{"line":82,"column":4},"end":{"line":82,"column":43}},{"start":{},"end":{}}],"line":82},"1":{"loc":{"start":{"line":92,"column":2},"end":{"line":94,"column":null}},"type":"if","locations":[{"start":{"line":92,"column":2},"end":{"line":94,"column":null}},{"start":{},"end":{}}],"line":92},"2":{"loc":{"start":{"line":92,"column":6},"end":{"line":92,"column":47}},"type":"binary-expr","locations":[{"start":{"line":92,"column":6},"end":{"line":92,"column":27}},{"start":{"line":92,"column":27},"end":{"line":92,"column":47}}],"line":92},"3":{"loc":{"start":{"line":165,"column":63},"end":{"line":165,"column":null}},"type":"binary-expr","locations":[{"start":{"line":165,"column":63},"end":{"line":165,"column":72}},{"start":{"line":165,"column":72},"end":{"line":165,"column":null}}],"line":165},"4":{"loc":{"start":{"line":244,"column":2},"end":{"line":244,"column":16}},"type":"default-arg","locations":[{"start":{"line":244,"column":14},"end":{"line":244,"column":16}}],"line":244},"5":{"loc":{"start":{"line":245,"column":2},"end":{"line":245,"column":29}},"type":"default-arg","locations":[{"start":{"line":245,"column":13},"end":{"line":245,"column":29}}],"line":245},"6":{"loc":{"start":{"line":274,"column":4},"end":{"line":274,"column":null}},"type":"if","locations":[{"start":{"line":274,"column":4},"end":{"line":274,"column":null}},{"start":{},"end":{}}],"line":274},"7":{"loc":{"start":{"line":276,"column":6},"end":{"line":276,"column":null}},"type":"binary-expr","locations":[{"start":{"line":276,"column":6},"end":{"line":276,"column":31}},{"start":{"line":276,"column":35},"end":{"line":276,"column":null}}],"line":276},"8":{"loc":{"start":{"line":277,"column":6},"end":{"line":277,"column":null}},"type":"binary-expr","locations":[{"start":{"line":277,"column":6},"end":{"line":277,"column":31}},{"start":{"line":277,"column":35},"end":{"line":277,"column":null}}],"line":277},"9":{"loc":{"start":{"line":280,"column":4},"end":{"line":280,"column":null}},"type":"if","locations":[{"start":{"line":280,"column":4},"end":{"line":280,"column":null}},{"start":{},"end":{}}],"line":280}},"s":{"0":1,"1":1,"2":16,"3":16,"4":16,"5":1,"6":0,"7":1,"8":1,"9":16,"10":1,"11":1,"12":16,"13":1,"14":0,"15":1,"16":0,"17":1,"18":3,"19":1,"20":5,"21":5,"22":5,"23":1,"24":4,"25":5,"26":1,"27":3},"f":{"0":16,"1":1,"2":1,"3":1,"4":0,"5":1,"6":0,"7":3,"8":5,"9":5},"b":{"0":[0,1],"1":[1,15],"2":[16,1],"3":[0,0],"4":[3],"5":[3],"6":[1,4],"7":[4,3],"8":[5,2],"9":[1,4]},"meta":{"lastBranch":10,"lastFunction":10,"lastStatement":28,"seen":{"s:38:50:57:Infinity":0,"s:63:13:233:Infinity":1,"f:63:34:63:Infinity":0,"s:73:3:73:Infinity":2,"s:75:39:79:Infinity":3,"s:81:8:84:Infinity":4,"f:81:35:81:36":1,"b:82:4:82:43:undefined:undefined:undefined:undefined":0,"s:82:4:82:43":5,"s:82:35:82:41":6,"s:83:4:83:Infinity":7,"f:83:20:83:29":2,"s:83:29:83:Infinity":8,"s:86:8:89:Infinity":9,"f:86:44:86:Infinity":3,"s:87:4:87:Infinity":10,"s:88:4:88:Infinity":11,"b:92:2:94:Infinity:undefined:undefined:undefined:undefined":1,"s:92:2:94:Infinity":12,"b:92:6:92:27:92:27:92:47":2,"s:93:4:93:Infinity":13,"f:165:53:165:54":4,"s:165:63:165:Infinity":14,"b:165:63:165:72:165:72:165:Infinity":3,"f:197:35:197:36":5,"s:197:48:197:Infinity":15,"f:214:23:214:Infinity":6,"s:215:16:215:Infinity":16,"s:243:13:260:Infinity":17,"f:243:38:243:39":7,"b:244:14:244:16":4,"b:245:13:245:29":5,"s:250:27:250:Infinity":18,"s:270:13:293:Infinity":19,"f:270:43:270:Infinity":8,"s:271:36:271:Infinity":20,"s:273:24:282:Infinity":21,"f:273:24:273:Infinity":9,"b:274:4:274:Infinity:undefined:undefined:undefined:undefined":6,"s:274:4:274:Infinity":22,"s:274:33:274:49":23,"s:275:20:278:Infinity":24,"b:276:6:276:31:276:35:276:Infinity":7,"b:277:6:277:31:277:35:277:Infinity":8,"b:280:4:280:Infinity:undefined:undefined:undefined:undefined":9,"s:280:4:280:Infinity":25,"s:280:31:280:54":26,"s:281:4:281:Infinity":27}}}
,"/workspaces/spark-template/src/components/Navigation.tsx": {"path":"/workspaces/spark-template/src/components/Navigation.tsx","statementMap":{"0":{"start":{"line":17,"column":13},"end":{"line":109,"column":null}},"1":{"start":{"line":18,"column":35},"end":{"line":18,"column":null}},"2":{"start":{"line":20,"column":8},"end":{"line":23,"column":null}},"3":{"start":{"line":21,"column":4},"end":{"line":21,"column":null}},"4":{"start":{"line":22,"column":4},"end":{"line":22,"column":null}},"5":{"start":{"line":30,"column":27},"end":{"line":30,"column":null}},"6":{"start":{"line":61,"column":31},"end":{"line":61,"column":null}},"7":{"start":{"line":93,"column":35},"end":{"line":93,"column":null}}},"fnMap":{"0":{"name":"(anonymous_0)","decl":{"start":{"line":17,"column":31},"end":{"line":17,"column":32}},"loc":{"start":{"line":17,"column":113},"end":{"line":109,"column":null}},"line":17},"1":{"name":"(anonymous_1)","decl":{"start":{"line":20,"column":37},"end":{"line":20,"column":38}},"loc":{"start":{"line":20,"column":38},"end":{"line":23,"column":5}},"line":20},"2":{"name":"(anonymous_2)","decl":{"start":{"line":30,"column":21},"end":{"line":30,"column":27}},"loc":{"start":{"line":30,"column":27},"end":{"line":30,"column":null}},"line":30},"3":{"name":"(anonymous_3)","decl":{"start":{"line":61,"column":25},"end":{"line":61,"column":31}},"loc":{"start":{"line":61,"column":31},"end":{"line":61,"column":null}},"line":61},"4":{"name":"(anonymous_4)","decl":{"start":{"line":93,"column":29},"end":{"line":93,"column":35}},"loc":{"start":{"line":93,"column":35},"end":{"line":93,"column":null}},"line":93}},"branchMap":{"0":{"loc":{"start":{"line":60,"column":25},"end":{"line":60,"column":null}},"type":"cond-expr","locations":[{"start":{"line":60,"column":51},"end":{"line":60,"column":63}},{"start":{"line":60,"column":63},"end":{"line":60,"column":null}}],"line":60},"1":{"loc":{"start":{"line":92,"column":29},"end":{"line":92,"column":null}},"type":"cond-expr","locations":[{"start":{"line":92,"column":55},"end":{"line":92,"column":67}},{"start":{"line":92,"column":67},"end":{"line":92,"column":null}}],"line":92}},"s":{"0":1,"1":14,"2":14,"3":2,"4":2,"5":1,"6":1,"7":0},"f":{"0":14,"1":2,"2":1,"3":1,"4":0},"b":{"0":[1,97],"1":[14,98]},"meta":{"lastBranch":2,"lastFunction":5,"lastStatement":8,"seen":{"s:17:13:109:Infinity":0,"f:17:31:17:32":0,"s:18:35:18:Infinity":1,"s:20:8:23:Infinity":2,"f:20:37:20:38":1,"s:21:4:21:Infinity":3,"s:22:4:22:Infinity":4,"f:30:21:30:27":2,"s:30:27:30:Infinity":5,"b:60:51:60:63:60:63:60:Infinity":0,"f:61:25:61:31":3,"s:61:31:61:Infinity":6,"b:92:55:92:67:92:67:92:Infinity":1,"f:93:29:93:35":4,"s:93:35:93:Infinity":7}}}
,"/workspaces/spark-template/src/components/PageHero.tsx": {"path":"/workspaces/spark-template/src/components/PageHero.tsx","statementMap":{},"fnMap":{"0":{"name":"PageHero","decl":{"start":{"line":24,"column":16},"end":{"line":24,"column":25}},"loc":{"start":{"line":34,"column":16},"end":{"line":66,"column":null}},"line":34}},"branchMap":{"0":{"loc":{"start":{"line":28,"column":2},"end":{"line":28,"column":25}},"type":"default-arg","locations":[{"start":{"line":28,"column":22},"end":{"line":28,"column":25}}],"line":28}},"s":{},"f":{"0":16},"b":{"0":[16]},"meta":{"lastBranch":1,"lastFunction":1,"lastStatement":0,"seen":{"f:24:16:24:25":0,"b:28:22:28:25":0}}}
,"/workspaces/spark-template/src/lib/analytics-config.ts": {"path":"/workspaces/spark-template/src/lib/analytics-config.ts","statementMap":{"0":{"start":{"line":23,"column":15},"end":{"line":23,"column":null}},"1":{"start":{"line":24,"column":2},"end":{"line":33,"column":null}},"2":{"start":{"line":26,"column":4},"end":{"line":31,"column":null}},"3":{"start":{"line":27,"column":23},"end":{"line":27,"column":null}},"4":{"start":{"line":28,"column":6},"end":{"line":30,"column":null}},"5":{"start":{"line":29,"column":8},"end":{"line":29,"column":null}},"6":{"start":{"line":32,"column":4},"end":{"line":32,"column":null}},"7":{"start":{"line":34,"column":2},"end":{"line":34,"column":null}},"8":{"start":{"line":77,"column":45},"end":{"line":118,"column":null}},"9":{"start":{"line":120,"column":41},"end":{"line":159,"column":null}},"10":{"start":{"line":161,"column":44},"end":{"line":200,"column":null}},"11":{"start":{"line":210,"column":14},"end":{"line":210,"column":null}},"12":{"start":{"line":212,"column":2},"end":{"line":219,"column":null}},"13":{"start":{"line":214,"column":6},"end":{"line":214,"column":null}},"14":{"start":{"line":216,"column":6},"end":{"line":216,"column":null}},"15":{"start":{"line":218,"column":6},"end":{"line":218,"column":null}},"16":{"start":{"line":226,"column":2},"end":{"line":226,"column":null}},"17":{"start":{"line":233,"column":2},"end":{"line":233,"column":null}},"18":{"start":{"line":240,"column":2},"end":{"line":240,"column":null}},"19":{"start":{"line":247,"column":2},"end":{"line":247,"column":null}},"20":{"start":{"line":254,"column":2},"end":{"line":254,"column":null}},"21":{"start":{"line":261,"column":2},"end":{"line":261,"column":null}},"22":{"start":{"line":268,"column":2},"end":{"line":268,"column":null}},"23":{"start":{"line":275,"column":2},"end":{"line":275,"column":null}},"24":{"start":{"line":292,"column":2},"end":{"line":301,"column":null}},"25":{"start":{"line":312,"column":37},"end":{"line":317,"column":null}},"26":{"start":{"line":323,"column":43},"end":{"line":328,"column":null}},"27":{"start":{"line":334,"column":37},"end":{"line":341,"column":null}},"28":{"start":{"line":346,"column":29},"end":{"line":356,"column":null}},"29":{"start":{"line":361,"column":32},"end":{"line":365,"column":null}}},"fnMap":{"0":{"name":"getEnvironment","decl":{"start":{"line":21,"column":9},"end":{"line":21,"column":null}},"loc":{"start":{"line":21,"column":9},"end":{"line":35,"column":null}},"line":21},"1":{"name":"getConfig","decl":{"start":{"line":209,"column":16},"end":{"line":209,"column":null}},"loc":{"start":{"line":209,"column":16},"end":{"line":220,"column":null}},"line":209},"2":{"name":"getAnalyticsConfig","decl":{"start":{"line":225,"column":16},"end":{"line":225,"column":null}},"loc":{"start":{"line":225,"column":16},"end":{"line":227,"column":null}},"line":225},"3":{"name":"getAppInsightsConfig","decl":{"start":{"line":232,"column":16},"end":{"line":232,"column":null}},"loc":{"start":{"line":232,"column":16},"end":{"line":234,"column":null}},"line":232},"4":{"name":"getGA4Config","decl":{"start":{"line":239,"column":16},"end":{"line":239,"column":null}},"loc":{"start":{"line":239,"column":16},"end":{"line":241,"column":null}},"line":239},"5":{"name":"getServerEventsConfig","decl":{"start":{"line":246,"column":16},"end":{"line":246,"column":null}},"loc":{"start":{"line":246,"column":16},"end":{"line":248,"column":null}},"line":246},"6":{"name":"getClarityConfig","decl":{"start":{"line":253,"column":16},"end":{"line":253,"column":null}},"loc":{"start":{"line":253,"column":16},"end":{"line":255,"column":null}},"line":253},"7":{"name":"getWebVitalsConfig","decl":{"start":{"line":260,"column":16},"end":{"line":260,"column":null}},"loc":{"start":{"line":260,"column":16},"end":{"line":262,"column":null}},"line":260},"8":{"name":"getCostControlConfig","decl":{"start":{"line":267,"column":16},"end":{"line":267,"column":null}},"loc":{"start":{"line":267,"column":16},"end":{"line":269,"column":null}},"line":267},"9":{"name":"getDataExportConfig","decl":{"start":{"line":274,"column":16},"end":{"line":274,"column":null}},"loc":{"start":{"line":274,"column":16},"end":{"line":276,"column":null}},"line":274},"10":{"name":"getFeatureFlagsConfig","decl":{"start":{"line":291,"column":16},"end":{"line":291,"column":null}},"loc":{"start":{"line":291,"column":16},"end":{"line":302,"column":null}},"line":291}},"branchMap":{"0":{"loc":{"start":{"line":24,"column":2},"end":{"line":33,"column":null}},"type":"if","locations":[{"start":{"line":24,"column":2},"end":{"line":33,"column":null}},{"start":{},"end":{}}],"line":24},"1":{"loc":{"start":{"line":26,"column":4},"end":{"line":31,"column":null}},"type":"if","locations":[{"start":{"line":26,"column":4},"end":{"line":31,"column":null}},{"start":{},"end":{}}],"line":26},"2":{"loc":{"start":{"line":28,"column":6},"end":{"line":30,"column":null}},"type":"if","locations":[{"start":{"line":28,"column":6},"end":{"line":30,"column":null}},{"start":{},"end":{}}],"line":28},"3":{"loc":{"start":{"line":28,"column":10},"end":{"line":28,"column":69}},"type":"binary-expr","locations":[{"start":{"line":28,"column":10},"end":{"line":28,"column":42}},{"start":{"line":28,"column":42},"end":{"line":28,"column":69}}],"line":28},"4":{"loc":{"start":{"line":83,"column":16},"end":{"line":83,"column":null}},"type":"binary-expr","locations":[{"start":{"line":83,"column":16},"end":{"line":83,"column":63}},{"start":{"line":83,"column":63},"end":{"line":83,"column":null}}],"line":83},"5":{"loc":{"start":{"line":126,"column":16},"end":{"line":126,"column":null}},"type":"binary-expr","locations":[{"start":{"line":126,"column":16},"end":{"line":126,"column":63}},{"start":{"line":126,"column":63},"end":{"line":126,"column":null}}],"line":126},"6":{"loc":{"start":{"line":137,"column":14},"end":{"line":137,"column":null}},"type":"binary-expr","locations":[{"start":{"line":137,"column":14},"end":{"line":137,"column":50}},{"start":{"line":137,"column":54},"end":{"line":137,"column":null}}],"line":137},"7":{"loc":{"start":{"line":156,"column":14},"end":{"line":156,"column":null}},"type":"binary-expr","locations":[{"start":{"line":156,"column":14},"end":{"line":156,"column":50}},{"start":{"line":156,"column":54},"end":{"line":156,"column":null}}],"line":156},"8":{"loc":{"start":{"line":167,"column":16},"end":{"line":167,"column":null}},"type":"binary-expr","locations":[{"start":{"line":167,"column":16},"end":{"line":167,"column":63}},{"start":{"line":167,"column":63},"end":{"line":167,"column":null}}],"line":167},"9":{"loc":{"start":{"line":178,"column":14},"end":{"line":178,"column":null}},"type":"binary-expr","locations":[{"start":{"line":178,"column":14},"end":{"line":178,"column":50}},{"start":{"line":178,"column":54},"end":{"line":178,"column":null}}],"line":178},"10":{"loc":{"start":{"line":197,"column":14},"end":{"line":197,"column":null}},"type":"binary-expr","locations":[{"start":{"line":197,"column":14},"end":{"line":197,"column":50}},{"start":{"line":197,"column":54},"end":{"line":197,"column":null}}],"line":197},"11":{"loc":{"start":{"line":212,"column":2},"end":{"line":219,"column":null}},"type":"switch","locations":[{"start":{"line":213,"column":4},"end":{"line":214,"column":null}},{"start":{"line":215,"column":4},"end":{"line":216,"column":null}},{"start":{"line":217,"column":4},"end":{"line":218,"column":null}}],"line":212}},"s":{"0":16,"1":16,"2":3,"3":3,"4":3,"5":2,"6":1,"7":13,"8":23,"9":23,"10":23,"11":16,"12":16,"13":1,"14":2,"15":13,"16":5,"17":1,"18":1,"19":1,"20":1,"21":1,"22":1,"23":1,"24":2,"25":23,"26":23,"27":23,"28":23,"29":23},"f":{"0":16,"1":16,"2":5,"3":1,"4":1,"5":1,"6":1,"7":1,"8":1,"9":1,"10":2},"b":{"0":[3,13],"1":[3,0],"2":[2,1],"3":[3,2],"4":[23,23],"5":[23,23],"6":[23,23],"7":[23,23],"8":[23,23],"9":[23,23],"10":[23,23],"11":[1,2,13]},"meta":{"lastBranch":12,"lastFunction":11,"lastStatement":30,"seen":{"f:21:9:21:Infinity":0,"s:23:15:23:Infinity":0,"b:24:2:33:Infinity:undefined:undefined:undefined:undefined":0,"s:24:2:33:Infinity":1,"b:26:4:31:Infinity:undefined:undefined:undefined:undefined":1,"s:26:4:31:Infinity":2,"s:27:23:27:Infinity":3,"b:28:6:30:Infinity:undefined:undefined:undefined:undefined":2,"s:28:6:30:Infinity":4,"b:28:10:28:42:28:42:28:69":3,"s:29:8:29:Infinity":5,"s:32:4:32:Infinity":6,"s:34:2:34:Infinity":7,"s:77:45:118:Infinity":8,"b:83:16:83:63:83:63:83:Infinity":4,"s:120:41:159:Infinity":9,"b:126:16:126:63:126:63:126:Infinity":5,"b:137:14:137:50:137:54:137:Infinity":6,"b:156:14:156:50:156:54:156:Infinity":7,"s:161:44:200:Infinity":10,"b:167:16:167:63:167:63:167:Infinity":8,"b:178:14:178:50:178:54:178:Infinity":9,"b:197:14:197:50:197:54:197:Infinity":10,"f:209:16:209:Infinity":1,"s:210:14:210:Infinity":11,"b:213:4:214:Infinity:215:4:216:Infinity:217:4:218:Infinity":11,"s:212:2:219:Infinity":12,"s:214:6:214:Infinity":13,"s:216:6:216:Infinity":14,"s:218:6:218:Infinity":15,"f:225:16:225:Infinity":2,"s:226:2:226:Infinity":16,"f:232:16:232:Infinity":3,"s:233:2:233:Infinity":17,"f:239:16:239:Infinity":4,"s:240:2:240:Infinity":18,"f:246:16:246:Infinity":5,"s:247:2:247:Infinity":19,"f:253:16:253:Infinity":6,"s:254:2:254:Infinity":20,"f:260:16:260:Infinity":7,"s:261:2:261:Infinity":21,"f:267:16:267:Infinity":8,"s:268:2:268:Infinity":22,"f:274:16:274:Infinity":9,"s:275:2:275:Infinity":23,"f:291:16:291:Infinity":10,"s:292:2:301:Infinity":24,"s:312:37:317:Infinity":25,"s:323:43:328:Infinity":26,"s:334:37:341:Infinity":27,"s:346:29:356:Infinity":28,"s:361:32:365:Infinity":29}}}
,"/workspaces/spark-template/src/lib/constants.ts": {"path":"/workspaces/spark-template/src/lib/constants.ts","statementMap":{"0":{"start":{"line":15,"column":36},"end":{"line":25,"column":null}},"1":{"start":{"line":30,"column":31},"end":{"line":38,"column":null}},"2":{"start":{"line":45,"column":31},"end":{"line":50,"column":null}},"3":{"start":{"line":56,"column":2},"end":{"line":56,"column":null}},"4":{"start":{"line":62,"column":2},"end":{"line":62,"column":null}},"5":{"start":{"line":67,"column":39},"end":{"line":67,"column":null}},"6":{"start":{"line":72,"column":33},"end":{"line":72,"column":null}}},"fnMap":{},"branchMap":{},"s":{"0":7,"1":7,"2":7,"3":7,"4":7,"5":7,"6":7},"f":{},"b":{},"meta":{"lastBranch":0,"lastFunction":0,"lastStatement":7,"seen":{"s:15:36:25:Infinity":0,"s:30:31:38:Infinity":1,"s:45:31:50:Infinity":2,"s:56:2:56:Infinity":3,"s:62:2:62:Infinity":4,"s:67:39:67:Infinity":5,"s:72:33:72:Infinity":6}}}
,"/workspaces/spark-template/src/lib/contact-config.ts": {"path":"/workspaces/spark-template/src/lib/contact-config.ts","statementMap":{"0":{"start":{"line":6,"column":29},"end":{"line":36,"column":null}},"1":{"start":{"line":42,"column":2},"end":{"line":47,"column":null}},"2":{"start":{"line":43,"column":4},"end":{"line":43,"column":null}},"3":{"start":{"line":44,"column":4},"end":{"line":44,"column":null}},"4":{"start":{"line":46,"column":4},"end":{"line":46,"column":null}},"5":{"start":{"line":54,"column":16},"end":{"line":54,"column":41}},"6":{"start":{"line":55,"column":2},"end":{"line":57,"column":null}},"7":{"start":{"line":56,"column":4},"end":{"line":56,"column":null}},"8":{"start":{"line":58,"column":2},"end":{"line":58,"column":null}}},"fnMap":{"0":{"name":"copyWhatsAppNumber","decl":{"start":{"line":41,"column":22},"end":{"line":41,"column":null}},"loc":{"start":{"line":41,"column":22},"end":{"line":48,"column":null}},"line":41},"1":{"name":"getEmailUrl","decl":{"start":{"line":53,"column":16},"end":{"line":53,"column":28}},"loc":{"start":{"line":53,"column":83},"end":{"line":59,"column":null}},"line":53}},"branchMap":{"0":{"loc":{"start":{"line":53,"column":28},"end":{"line":53,"column":65}},"type":"default-arg","locations":[{"start":{"line":53,"column":56},"end":{"line":53,"column":65}}],"line":53},"1":{"loc":{"start":{"line":55,"column":2},"end":{"line":57,"column":null}},"type":"if","locations":[{"start":{"line":55,"column":2},"end":{"line":57,"column":null}},{"start":{},"end":{}}],"line":55}},"s":{"0":1,"1":2,"2":2,"3":1,"4":1,"5":6,"6":6,"7":3,"8":3},"f":{"0":2,"1":6},"b":{"0":[6],"1":[3,3]},"meta":{"lastBranch":2,"lastFunction":2,"lastStatement":9,"seen":{"s:6:29:36:Infinity":0,"f:41:22:41:Infinity":0,"s:42:2:47:Infinity":1,"s:43:4:43:Infinity":2,"s:44:4:44:Infinity":3,"s:46:4:46:Infinity":4,"f:53:16:53:28":1,"b:53:56:53:65":0,"s:54:16:54:41":5,"b:55:2:57:Infinity:undefined:undefined:undefined:undefined":1,"s:55:2:57:Infinity":6,"s:56:4:56:Infinity":7,"s:58:2:58:Infinity":8}}}
,"/workspaces/spark-template/src/lib/feature-flags.ts": {"path":"/workspaces/spark-template/src/lib/feature-flags.ts","statementMap":{"0":{"start":{"line":23,"column":33},"end":{"line":28,"column":null}},"1":{"start":{"line":31,"column":47},"end":{"line":37,"column":null}},"2":{"start":{"line":54,"column":33},"end":{"line":54,"column":null}},"3":{"start":{"line":55,"column":39},"end":{"line":55,"column":null}},"4":{"start":{"line":61,"column":2},"end":{"line":61,"column":null}},"5":{"start":{"line":64,"column":19},"end":{"line":64,"column":null}},"6":{"start":{"line":65,"column":2},"end":{"line":67,"column":null}},"7":{"start":{"line":66,"column":4},"end":{"line":66,"column":null}},"8":{"start":{"line":69,"column":2},"end":{"line":69,"column":null}},"9":{"start":{"line":72,"column":2},"end":{"line":82,"column":null}},"10":{"start":{"line":73,"column":4},"end":{"line":73,"column":null}},"11":{"start":{"line":76,"column":4},"end":{"line":81,"column":null}},"12":{"start":{"line":77,"column":6},"end":{"line":79,"column":null}},"13":{"start":{"line":84,"column":2},"end":{"line":87,"column":null}},"14":{"start":{"line":86,"column":4},"end":{"line":86,"column":null}},"15":{"start":{"line":94,"column":2},"end":{"line":94,"column":null}},"16":{"start":{"line":94,"column":25},"end":{"line":94,"column":31}},"17":{"start":{"line":96,"column":2},"end":{"line":132,"column":null}},"18":{"start":{"line":97,"column":21},"end":{"line":101,"column":null}},"19":{"start":{"line":103,"column":4},"end":{"line":105,"column":null}},"20":{"start":{"line":104,"column":6},"end":{"line":104,"column":null}},"21":{"start":{"line":107,"column":17},"end":{"line":107,"column":null}},"22":{"start":{"line":110,"column":4},"end":{"line":122,"column":null}},"23":{"start":{"line":111,"column":6},"end":{"line":121,"column":null}},"24":{"start":{"line":112,"column":21},"end":{"line":112,"column":null}},"25":{"start":{"line":113,"column":22},"end":{"line":113,"column":null}},"26":{"start":{"line":115,"column":8},"end":{"line":120,"column":null}},"27":{"start":{"line":124,"column":4},"end":{"line":124,"column":null}},"28":{"start":{"line":126,"column":4},"end":{"line":129,"column":null}},"29":{"start":{"line":128,"column":6},"end":{"line":128,"column":null}},"30":{"start":{"line":131,"column":4},"end":{"line":131,"column":null}},"31":{"start":{"line":139,"column":2},"end":{"line":142,"column":null}},"32":{"start":{"line":140,"column":4},"end":{"line":140,"column":null}},"33":{"start":{"line":141,"column":4},"end":{"line":141,"column":null}},"34":{"start":{"line":149,"column":2},"end":{"line":149,"column":null}},"35":{"start":{"line":163,"column":15},"end":{"line":163,"column":null}},"36":{"start":{"line":164,"column":2},"end":{"line":164,"column":null}},"37":{"start":{"line":171,"column":2},"end":{"line":171,"column":null}},"38":{"start":{"line":178,"column":42},"end":{"line":178,"column":null}},"39":{"start":{"line":179,"column":2},"end":{"line":181,"column":null}},"40":{"start":{"line":180,"column":4},"end":{"line":180,"column":null}},"41":{"start":{"line":182,"column":2},"end":{"line":182,"column":null}},"42":{"start":{"line":198,"column":8},"end":{"line":198,"column":null}},"43":{"start":{"line":199,"column":8},"end":{"line":199,"column":null}},"44":{"start":{"line":202,"column":29},"end":{"line":202,"column":null}},"45":{"start":{"line":203,"column":2},"end":{"line":206,"column":null}},"46":{"start":{"line":205,"column":4},"end":{"line":205,"column":null}},"47":{"start":{"line":209,"column":43},"end":{"line":214,"column":null}},"48":{"start":{"line":215,"column":2},"end":{"line":215,"column":null}},"49":{"start":{"line":218,"column":2},"end":{"line":224,"column":null}},"50":{"start":{"line":226,"column":2},"end":{"line":229,"column":null}},"51":{"start":{"line":228,"column":4},"end":{"line":228,"column":null}},"52":{"start":{"line":240,"column":21},"end":{"line":240,"column":null}},"53":{"start":{"line":241,"column":2},"end":{"line":244,"column":null}},"54":{"start":{"line":242,"column":4},"end":{"line":242,"column":null}},"55":{"start":{"line":243,"column":4},"end":{"line":243,"column":null}},"56":{"start":{"line":247,"column":2},"end":{"line":252,"column":null}},"57":{"start":{"line":254,"column":2},"end":{"line":257,"column":null}},"58":{"start":{"line":256,"column":4},"end":{"line":256,"column":null}},"59":{"start":{"line":264,"column":2},"end":{"line":264,"column":null}},"60":{"start":{"line":280,"column":2},"end":{"line":282,"column":null}},"61":{"start":{"line":281,"column":4},"end":{"line":281,"column":null}},"62":{"start":{"line":285,"column":19},"end":{"line":285,"column":null}},"63":{"start":{"line":286,"column":2},"end":{"line":288,"column":null}},"64":{"start":{"line":287,"column":4},"end":{"line":287,"column":null}},"65":{"start":{"line":291,"column":8},"end":{"line":291,"column":null}},"66":{"start":{"line":292,"column":15},"end":{"line":292,"column":null}},"67":{"start":{"line":295,"column":28},"end":{"line":297,"column":null}},"68":{"start":{"line":297,"column":25},"end":{"line":297,"column":44}},"69":{"start":{"line":299,"column":19},"end":{"line":299,"column":null}},"70":{"start":{"line":300,"column":20},"end":{"line":300,"column":null}},"71":{"start":{"line":302,"column":2},"end":{"line":313,"column":null}},"72":{"start":{"line":302,"column":15},"end":{"line":302,"column":18}},"73":{"start":{"line":303,"column":19},"end":{"line":303,"column":39}},"74":{"start":{"line":304,"column":4},"end":{"line":304,"column":null}},"75":{"start":{"line":304,"column":31},"end":{"line":304,"column":39}},"76":{"start":{"line":305,"column":4},"end":{"line":305,"column":null}},"77":{"start":{"line":306,"column":4},"end":{"line":312,"column":null}},"78":{"start":{"line":307,"column":22},"end":{"line":307,"column":33}},"79":{"start":{"line":308,"column":6},"end":{"line":311,"column":null}},"80":{"start":{"line":309,"column":8},"end":{"line":309,"column":null}},"81":{"start":{"line":310,"column":8},"end":{"line":310,"column":null}},"82":{"start":{"line":316,"column":22},"end":{"line":316,"column":51}},"83":{"start":{"line":317,"column":2},"end":{"line":320,"column":null}},"84":{"start":{"line":318,"column":4},"end":{"line":318,"column":null}},"85":{"start":{"line":319,"column":4},"end":{"line":319,"column":null}},"86":{"start":{"line":323,"column":2},"end":{"line":323,"column":null}},"87":{"start":{"line":330,"column":13},"end":{"line":330,"column":null}},"88":{"start":{"line":331,"column":2},"end":{"line":335,"column":null}},"89":{"start":{"line":331,"column":15},"end":{"line":331,"column":18}},"90":{"start":{"line":332,"column":17},"end":{"line":332,"column":null}},"91":{"start":{"line":333,"column":4},"end":{"line":333,"column":null}},"92":{"start":{"line":334,"column":4},"end":{"line":334,"column":23}},"93":{"start":{"line":336,"column":2},"end":{"line":336,"column":null}},"94":{"start":{"line":343,"column":14},"end":{"line":343,"column":null}},"95":{"start":{"line":343,"column":39},"end":{"line":343,"column":46}},"96":{"start":{"line":344,"column":2},"end":{"line":344,"column":null}},"97":{"start":{"line":344,"column":26},"end":{"line":344,"column":null}},"98":{"start":{"line":360,"column":44},"end":{"line":364,"column":null}},"99":{"start":{"line":380,"column":28},"end":{"line":380,"column":30}},"100":{"start":{"line":382,"column":2},"end":{"line":384,"column":null}},"101":{"start":{"line":383,"column":4},"end":{"line":383,"column":null}},"102":{"start":{"line":386,"column":2},"end":{"line":388,"column":null}},"103":{"start":{"line":387,"column":4},"end":{"line":387,"column":null}},"104":{"start":{"line":390,"column":2},"end":{"line":399,"column":null}},"105":{"start":{"line":395,"column":19},"end":{"line":395,"column":109}},"106":{"start":{"line":396,"column":4},"end":{"line":398,"column":null}},"107":{"start":{"line":397,"column":6},"end":{"line":397,"column":null}},"108":{"start":{"line":401,"column":2},"end":{"line":404,"column":null}},"109":{"start":{"line":417,"column":29},"end":{"line":417,"column":null}},"110":{"start":{"line":417,"column":47},"end":{"line":417,"column":null}},"111":{"start":{"line":419,"column":2},"end":{"line":424,"column":null}},"112":{"start":{"line":421,"column":4},"end":{"line":421,"column":null}},"113":{"start":{"line":426,"column":2},"end":{"line":426,"column":null}},"114":{"start":{"line":440,"column":17},"end":{"line":440,"column":null}},"115":{"start":{"line":440,"column":35},"end":{"line":440,"column":null}},"116":{"start":{"line":442,"column":8},"end":{"line":444,"column":null}},"117":{"start":{"line":443,"column":4},"end":{"line":443,"column":null}},"118":{"start":{"line":446,"column":2},"end":{"line":446,"column":null}}},"fnMap":{"0":{"name":"initFeatureFlags","decl":{"start":{"line":60,"column":22},"end":{"line":60,"column":39}},"loc":{"start":{"line":60,"column":74},"end":{"line":88,"column":null}},"line":60},"1":{"name":"fetchFlags","decl":{"start":{"line":93,"column":15},"end":{"line":93,"column":null}},"loc":{"start":{"line":93,"column":15},"end":{"line":133,"column":null}},"line":93},"2":{"name":"stopFeatureFlags","decl":{"start":{"line":138,"column":16},"end":{"line":138,"column":null}},"loc":{"start":{"line":138,"column":16},"end":{"line":143,"column":null}},"line":138},"3":{"name":"getFeatureFlagsConfig","decl":{"start":{"line":148,"column":16},"end":{"line":148,"column":null}},"loc":{"start":{"line":148,"column":16},"end":{"line":150,"column":null}},"line":148},"4":{"name":"isFeatureEnabled","decl":{"start":{"line":162,"column":16},"end":{"line":162,"column":33}},"loc":{"start":{"line":162,"column":71},"end":{"line":165,"column":null}},"line":162},"5":{"name":"getFeatureFlag","decl":{"start":{"line":170,"column":16},"end":{"line":170,"column":31}},"loc":{"start":{"line":170,"column":47},"end":{"line":172,"column":null}},"line":170},"6":{"name":"getAllFlags","decl":{"start":{"line":177,"column":16},"end":{"line":177,"column":null}},"loc":{"start":{"line":177,"column":16},"end":{"line":183,"column":null}},"line":177},"7":{"name":"trackExperimentAssigned","decl":{"start":{"line":193,"column":16},"end":{"line":193,"column":null}},"loc":{"start":{"line":196,"column":42},"end":{"line":230,"column":null}},"line":196},"8":{"name":"trackExperimentExposed","decl":{"start":{"line":236,"column":16},"end":{"line":236,"column":null}},"loc":{"start":{"line":238,"column":42},"end":{"line":258,"column":null}},"line":238},"9":{"name":"getExperimentAssignment","decl":{"start":{"line":263,"column":16},"end":{"line":263,"column":40}},"loc":{"start":{"line":263,"column":60},"end":{"line":265,"column":null}},"line":263},"10":{"name":"assignExperimentVariant","decl":{"start":{"line":275,"column":16},"end":{"line":275,"column":null}},"loc":{"start":{"line":278,"column":20},"end":{"line":324,"column":null}},"line":278},"11":{"name":"(anonymous_11)","decl":{"start":{"line":297,"column":19},"end":{"line":297,"column":25}},"loc":{"start":{"line":297,"column":25},"end":{"line":297,"column":44}},"line":297},"12":{"name":"simpleHash","decl":{"start":{"line":329,"column":9},"end":{"line":329,"column":20}},"loc":{"start":{"line":329,"column":31},"end":{"line":337,"column":null}},"line":329},"13":{"name":"normalizeWeights","decl":{"start":{"line":342,"column":9},"end":{"line":342,"column":26}},"loc":{"start":{"line":342,"column":43},"end":{"line":345,"column":null}},"line":342},"14":{"name":"(anonymous_14)","decl":{"start":{"line":343,"column":29},"end":{"line":343,"column":30}},"loc":{"start":{"line":343,"column":39},"end":{"line":343,"column":46}},"line":343},"15":{"name":"(anonymous_15)","decl":{"start":{"line":344,"column":21},"end":{"line":344,"column":26}},"loc":{"start":{"line":344,"column":26},"end":{"line":344,"column":null}},"line":344},"16":{"name":"checkGuardrails","decl":{"start":{"line":370,"column":16},"end":{"line":370,"column":null}},"loc":{"start":{"line":378,"column":50},"end":{"line":405,"column":null}},"line":378},"17":{"name":"useFeatureFlag","decl":{"start":{"line":416,"column":16},"end":{"line":416,"column":31}},"loc":{"start":{"line":416,"column":69},"end":{"line":427,"column":null}},"line":416},"18":{"name":"(anonymous_18)","decl":{"start":{"line":417,"column":41},"end":{"line":417,"column":47}},"loc":{"start":{"line":417,"column":47},"end":{"line":417,"column":null}},"line":417},"19":{"name":"(anonymous_19)","decl":{"start":{"line":419,"column":12},"end":{"line":419,"column":null}},"loc":{"start":{"line":419,"column":12},"end":{"line":424,"column":5}},"line":419},"20":{"name":"useExperiment","decl":{"start":{"line":432,"column":16},"end":{"line":432,"column":null}},"loc":{"start":{"line":435,"column":20},"end":{"line":447,"column":null}},"line":435},"21":{"name":"(anonymous_21)","decl":{"start":{"line":440,"column":29},"end":{"line":440,"column":35}},"loc":{"start":{"line":440,"column":35},"end":{"line":440,"column":null}},"line":440},"22":{"name":"(anonymous_22)","decl":{"start":{"line":442,"column":36},"end":{"line":442,"column":null}},"loc":{"start":{"line":442,"column":36},"end":{"line":444,"column":5}},"line":442}},"branchMap":{"0":{"loc":{"start":{"line":60,"column":39},"end":{"line":60,"column":74}},"type":"default-arg","locations":[{"start":{"line":60,"column":72},"end":{"line":60,"column":74}}],"line":60},"1":{"loc":{"start":{"line":72,"column":2},"end":{"line":82,"column":null}},"type":"if","locations":[{"start":{"line":72,"column":2},"end":{"line":82,"column":null}},{"start":{},"end":{}}],"line":72},"2":{"loc":{"start":{"line":76,"column":4},"end":{"line":81,"column":null}},"type":"if","locations":[{"start":{"line":76,"column":4},"end":{"line":81,"column":null}},{"start":{},"end":{}}],"line":76},"3":{"loc":{"start":{"line":76,"column":8},"end":{"line":76,"column":62}},"type":"binary-expr","locations":[{"start":{"line":76,"column":8},"end":{"line":76,"column":30}},{"start":{"line":76,"column":34},"end":{"line":76,"column":62}}],"line":76},"4":{"loc":{"start":{"line":84,"column":2},"end":{"line":87,"column":null}},"type":"if","locations":[{"start":{"line":84,"column":2},"end":{"line":87,"column":null}},{"start":{},"end":{}}],"line":84},"5":{"loc":{"start":{"line":94,"column":2},"end":{"line":94,"column":null}},"type":"if","locations":[{"start":{"line":94,"column":2},"end":{"line":94,"column":null}},{"start":{},"end":{}}],"line":94},"6":{"loc":{"start":{"line":103,"column":4},"end":{"line":105,"column":null}},"type":"if","locations":[{"start":{"line":103,"column":4},"end":{"line":105,"column":null}},{"start":{},"end":{}}],"line":103},"7":{"loc":{"start":{"line":110,"column":4},"end":{"line":122,"column":null}},"type":"if","locations":[{"start":{"line":110,"column":4},"end":{"line":122,"column":null}},{"start":{},"end":{}}],"line":110},"8":{"loc":{"start":{"line":117,"column":19},"end":{"line":117,"column":null}},"type":"binary-expr","locations":[{"start":{"line":117,"column":19},"end":{"line":117,"column":32}},{"start":{"line":117,"column":36},"end":{"line":117,"column":null}}],"line":117},"9":{"loc":{"start":{"line":126,"column":4},"end":{"line":129,"column":null}},"type":"if","locations":[{"start":{"line":126,"column":4},"end":{"line":129,"column":null}},{"start":{},"end":{}}],"line":126},"10":{"loc":{"start":{"line":139,"column":2},"end":{"line":142,"column":null}},"type":"if","locations":[{"start":{"line":139,"column":2},"end":{"line":142,"column":null}},{"start":{},"end":{}}],"line":139},"11":{"loc":{"start":{"line":162,"column":51},"end":{"line":162,"column":71}},"type":"default-arg","locations":[{"start":{"line":162,"column":66},"end":{"line":162,"column":71}}],"line":162},"12":{"loc":{"start":{"line":164,"column":9},"end":{"line":164,"column":null}},"type":"binary-expr","locations":[{"start":{"line":164,"column":9},"end":{"line":164,"column":26}},{"start":{"line":164,"column":26},"end":{"line":164,"column":null}}],"line":164},"13":{"loc":{"start":{"line":171,"column":9},"end":{"line":171,"column":null}},"type":"binary-expr","locations":[{"start":{"line":171,"column":9},"end":{"line":171,"column":38}},{"start":{"line":171,"column":38},"end":{"line":171,"column":null}}],"line":171},"14":{"loc":{"start":{"line":196,"column":2},"end":{"line":196,"column":42}},"type":"default-arg","locations":[{"start":{"line":196,"column":40},"end":{"line":196,"column":42}}],"line":196},"15":{"loc":{"start":{"line":203,"column":2},"end":{"line":206,"column":null}},"type":"if","locations":[{"start":{"line":203,"column":2},"end":{"line":206,"column":null}},{"start":{},"end":{}}],"line":203},"16":{"loc":{"start":{"line":203,"column":6},"end":{"line":203,"column":72}},"type":"binary-expr","locations":[{"start":{"line":203,"column":6},"end":{"line":203,"column":28}},{"start":{"line":203,"column":28},"end":{"line":203,"column":72}}],"line":203},"17":{"loc":{"start":{"line":226,"column":2},"end":{"line":229,"column":null}},"type":"if","locations":[{"start":{"line":226,"column":2},"end":{"line":229,"column":null}},{"start":{},"end":{}}],"line":226},"18":{"loc":{"start":{"line":238,"column":2},"end":{"line":238,"column":42}},"type":"default-arg","locations":[{"start":{"line":238,"column":40},"end":{"line":238,"column":42}}],"line":238},"19":{"loc":{"start":{"line":241,"column":2},"end":{"line":244,"column":null}},"type":"if","locations":[{"start":{"line":241,"column":2},"end":{"line":244,"column":null}},{"start":{},"end":{}}],"line":241},"20":{"loc":{"start":{"line":254,"column":2},"end":{"line":257,"column":null}},"type":"if","locations":[{"start":{"line":254,"column":2},"end":{"line":257,"column":null}},{"start":{},"end":{}}],"line":254},"21":{"loc":{"start":{"line":264,"column":9},"end":{"line":264,"column":null}},"type":"binary-expr","locations":[{"start":{"line":264,"column":9},"end":{"line":264,"column":48}},{"start":{"line":264,"column":48},"end":{"line":264,"column":null}}],"line":264},"22":{"loc":{"start":{"line":280,"column":2},"end":{"line":282,"column":null}},"type":"if","locations":[{"start":{"line":280,"column":2},"end":{"line":282,"column":null}},{"start":{},"end":{}}],"line":280},"23":{"loc":{"start":{"line":286,"column":2},"end":{"line":288,"column":null}},"type":"if","locations":[{"start":{"line":286,"column":2},"end":{"line":288,"column":null}},{"start":{},"end":{}}],"line":286},"24":{"loc":{"start":{"line":295,"column":28},"end":{"line":297,"column":null}},"type":"cond-expr","locations":[{"start":{"line":296,"column":6},"end":{"line":296,"column":null}},{"start":{"line":297,"column":6},"end":{"line":297,"column":null}}],"line":295},"25":{"loc":{"start":{"line":304,"column":4},"end":{"line":304,"column":null}},"type":"if","locations":[{"start":{"line":304,"column":4},"end":{"line":304,"column":null}},{"start":{},"end":{}}],"line":304},"26":{"loc":{"start":{"line":306,"column":4},"end":{"line":312,"column":null}},"type":"if","locations":[{"start":{"line":306,"column":4},"end":{"line":312,"column":null}},{"start":{},"end":{}}],"line":306},"27":{"loc":{"start":{"line":308,"column":6},"end":{"line":311,"column":null}},"type":"if","locations":[{"start":{"line":308,"column":6},"end":{"line":311,"column":null}},{"start":{},"end":{}}],"line":308},"28":{"loc":{"start":{"line":317,"column":2},"end":{"line":320,"column":null}},"type":"if","locations":[{"start":{"line":317,"column":2},"end":{"line":320,"column":null}},{"start":{},"end":{}}],"line":317},"29":{"loc":{"start":{"line":323,"column":9},"end":{"line":323,"column":null}},"type":"binary-expr","locations":[{"start":{"line":323,"column":9},"end":{"line":323,"column":20}},{"start":{"line":323,"column":24},"end":{"line":323,"column":null}}],"line":323},"30":{"loc":{"start":{"line":378,"column":2},"end":{"line":378,"column":50}},"type":"default-arg","locations":[{"start":{"line":378,"column":32},"end":{"line":378,"column":50}}],"line":378},"31":{"loc":{"start":{"line":382,"column":2},"end":{"line":384,"column":null}},"type":"if","locations":[{"start":{"line":382,"column":2},"end":{"line":384,"column":null}},{"start":{},"end":{}}],"line":382},"32":{"loc":{"start":{"line":382,"column":6},"end":{"line":382,"column":90}},"type":"binary-expr","locations":[{"start":{"line":382,"column":6},"end":{"line":382,"column":41}},{"start":{"line":382,"column":41},"end":{"line":382,"column":90}}],"line":382},"33":{"loc":{"start":{"line":386,"column":2},"end":{"line":388,"column":null}},"type":"if","locations":[{"start":{"line":386,"column":2},"end":{"line":388,"column":null}},{"start":{},"end":{}}],"line":386},"34":{"loc":{"start":{"line":386,"column":6},"end":{"line":386,"column":90}},"type":"binary-expr","locations":[{"start":{"line":386,"column":6},"end":{"line":386,"column":42}},{"start":{"line":386,"column":42},"end":{"line":386,"column":90}}],"line":386},"35":{"loc":{"start":{"line":390,"column":2},"end":{"line":399,"column":null}},"type":"if","locations":[{"start":{"line":390,"column":2},"end":{"line":399,"column":null}},{"start":{},"end":{}}],"line":390},"36":{"loc":{"start":{"line":391,"column":4},"end":{"line":393,"column":null}},"type":"binary-expr","locations":[{"start":{"line":391,"column":4},"end":{"line":391,"column":null}},{"start":{"line":392,"column":4},"end":{"line":392,"column":null}},{"start":{"line":393,"column":4},"end":{"line":393,"column":null}}],"line":391},"37":{"loc":{"start":{"line":396,"column":4},"end":{"line":398,"column":null}},"type":"if","locations":[{"start":{"line":396,"column":4},"end":{"line":398,"column":null}},{"start":{},"end":{}}],"line":396},"38":{"loc":{"start":{"line":416,"column":49},"end":{"line":416,"column":69}},"type":"default-arg","locations":[{"start":{"line":416,"column":64},"end":{"line":416,"column":69}}],"line":416}},"s":{"0":1,"1":1,"2":1,"3":1,"4":40,"5":40,"6":40,"7":220,"8":40,"9":40,"10":2,"11":2,"12":0,"13":40,"14":3,"15":2,"16":0,"17":2,"18":2,"19":1,"20":0,"21":1,"22":1,"23":0,"24":0,"25":0,"26":0,"27":1,"28":1,"29":0,"30":1,"31":3,"32":0,"33":0,"34":2,"35":14,"36":14,"37":2,"38":1,"39":1,"40":13,"41":1,"42":18,"43":18,"44":18,"45":18,"46":0,"47":18,"48":18,"49":18,"50":18,"51":2,"52":6,"53":6,"54":1,"55":1,"56":5,"57":5,"58":1,"59":6,"60":21,"61":0,"62":21,"63":21,"64":3,"65":18,"66":18,"67":18,"68":27,"69":21,"70":21,"71":21,"72":21,"73":28,"74":28,"75":0,"76":28,"77":28,"78":18,"79":18,"80":18,"81":18,"82":0,"83":0,"84":0,"85":0,"86":0,"87":18,"88":18,"89":18,"90":913,"91":913,"92":913,"93":18,"94":4,"95":11,"96":4,"97":11,"98":1,"99":5,"100":5,"101":1,"102":5,"103":1,"104":5,"105":5,"106":5,"107":1,"108":5,"109":5,"110":3,"111":5,"112":4,"113":5,"114":4,"115":4,"116":4,"117":1,"118":4},"f":{"0":40,"1":2,"2":3,"3":2,"4":14,"5":2,"6":1,"7":18,"8":6,"9":6,"10":21,"11":27,"12":18,"13":4,"14":11,"15":11,"16":5,"17":5,"18":3,"19":4,"20":4,"21":4,"22":1},"b":{"0":[40],"1":[2,38],"2":[0,2],"3":[2,0],"4":[3,37],"5":[0,2],"6":[0,1],"7":[0,1],"8":[0,0],"9":[0,1],"10":[0,3],"11":[14],"12":[14,4],"13":[2,1],"14":[18],"15":[0,18],"16":[18,0],"17":[2,16],"18":[6],"19":[1,5],"20":[1,4],"21":[6,1],"22":[0,21],"23":[3,18],"24":[4,14],"25":[0,28],"26":[18,10],"27":[18,0],"28":[0,0],"29":[0,0],"30":[5],"31":[1,4],"32":[5,5],"33":[1,4],"34":[5,5],"35":[5,0],"36":[5,5,5],"37":[1,4],"38":[5]},"meta":{"lastBranch":39,"lastFunction":23,"lastStatement":119,"seen":{"s:23:33:28:Infinity":0,"s:31:47:37:Infinity":1,"s:54:33:54:Infinity":2,"s:55:39:55:Infinity":3,"f:60:22:60:39":0,"b:60:72:60:74":0,"s:61:2:61:Infinity":4,"s:64:19:64:Infinity":5,"s:65:2:67:Infinity":6,"s:66:4:66:Infinity":7,"s:69:2:69:Infinity":8,"b:72:2:82:Infinity:undefined:undefined:undefined:undefined":1,"s:72:2:82:Infinity":9,"s:73:4:73:Infinity":10,"b:76:4:81:Infinity:undefined:undefined:undefined:undefined":2,"s:76:4:81:Infinity":11,"b:76:8:76:30:76:34:76:62":3,"s:77:6:79:Infinity":12,"b:84:2:87:Infinity:undefined:undefined:undefined:undefined":4,"s:84:2:87:Infinity":13,"s:86:4:86:Infinity":14,"f:93:15:93:Infinity":1,"b:94:2:94:Infinity:undefined:undefined:undefined:undefined":5,"s:94:2:94:Infinity":15,"s:94:25:94:31":16,"s:96:2:132:Infinity":17,"s:97:21:101:Infinity":18,"b:103:4:105:Infinity:undefined:undefined:undefined:undefined":6,"s:103:4:105:Infinity":19,"s:104:6:104:Infinity":20,"s:107:17:107:Infinity":21,"b:110:4:122:Infinity:undefined:undefined:undefined:undefined":7,"s:110:4:122:Infinity":22,"s:111:6:121:Infinity":23,"s:112:21:112:Infinity":24,"s:113:22:113:Infinity":25,"s:115:8:120:Infinity":26,"b:117:19:117:32:117:36:117:Infinity":8,"s:124:4:124:Infinity":27,"b:126:4:129:Infinity:undefined:undefined:undefined:undefined":9,"s:126:4:129:Infinity":28,"s:128:6:128:Infinity":29,"s:131:4:131:Infinity":30,"f:138:16:138:Infinity":2,"b:139:2:142:Infinity:undefined:undefined:undefined:undefined":10,"s:139:2:142:Infinity":31,"s:140:4:140:Infinity":32,"s:141:4:141:Infinity":33,"f:148:16:148:Infinity":3,"s:149:2:149:Infinity":34,"f:162:16:162:33":4,"b:162:66:162:71":11,"s:163:15:163:Infinity":35,"s:164:2:164:Infinity":36,"b:164:9:164:26:164:26:164:Infinity":12,"f:170:16:170:31":5,"s:171:2:171:Infinity":37,"b:171:9:171:38:171:38:171:Infinity":13,"f:177:16:177:Infinity":6,"s:178:42:178:Infinity":38,"s:179:2:181:Infinity":39,"s:180:4:180:Infinity":40,"s:182:2:182:Infinity":41,"f:193:16:193:Infinity":7,"b:196:40:196:42":14,"s:198:8:198:Infinity":42,"s:199:8:199:Infinity":43,"s:202:29:202:Infinity":44,"b:203:2:206:Infinity:undefined:undefined:undefined:undefined":15,"s:203:2:206:Infinity":45,"b:203:6:203:28:203:28:203:72":16,"s:205:4:205:Infinity":46,"s:209:43:214:Infinity":47,"s:215:2:215:Infinity":48,"s:218:2:224:Infinity":49,"b:226:2:229:Infinity:undefined:undefined:undefined:undefined":17,"s:226:2:229:Infinity":50,"s:228:4:228:Infinity":51,"f:236:16:236:Infinity":8,"b:238:40:238:42":18,"s:240:21:240:Infinity":52,"b:241:2:244:Infinity:undefined:undefined:undefined:undefined":19,"s:241:2:244:Infinity":53,"s:242:4:242:Infinity":54,"s:243:4:243:Infinity":55,"s:247:2:252:Infinity":56,"b:254:2:257:Infinity:undefined:undefined:undefined:undefined":20,"s:254:2:257:Infinity":57,"s:256:4:256:Infinity":58,"f:263:16:263:40":9,"s:264:2:264:Infinity":59,"b:264:9:264:48:264:48:264:Infinity":21,"f:275:16:275:Infinity":10,"b:280:2:282:Infinity:undefined:undefined:undefined:undefined":22,"s:280:2:282:Infinity":60,"s:281:4:281:Infinity":61,"s:285:19:285:Infinity":62,"b:286:2:288:Infinity:undefined:undefined:undefined:undefined":23,"s:286:2:288:Infinity":63,"s:287:4:287:Infinity":64,"s:291:8:291:Infinity":65,"s:292:15:292:Infinity":66,"s:295:28:297:Infinity":67,"b:296:6:296:Infinity:297:6:297:Infinity":24,"f:297:19:297:25":11,"s:297:25:297:44":68,"s:299:19:299:Infinity":69,"s:300:20:300:Infinity":70,"s:302:2:313:Infinity":71,"s:302:15:302:18":72,"s:303:19:303:39":73,"b:304:4:304:Infinity:undefined:undefined:undefined:undefined":25,"s:304:4:304:Infinity":74,"s:304:31:304:39":75,"s:305:4:305:Infinity":76,"b:306:4:312:Infinity:undefined:undefined:undefined:undefined":26,"s:306:4:312:Infinity":77,"s:307:22:307:33":78,"b:308:6:311:Infinity:undefined:undefined:undefined:undefined":27,"s:308:6:311:Infinity":79,"s:309:8:309:Infinity":80,"s:310:8:310:Infinity":81,"s:316:22:316:51":82,"b:317:2:320:Infinity:undefined:undefined:undefined:undefined":28,"s:317:2:320:Infinity":83,"s:318:4:318:Infinity":84,"s:319:4:319:Infinity":85,"s:323:2:323:Infinity":86,"b:323:9:323:20:323:24:323:Infinity":29,"f:329:9:329:20":12,"s:330:13:330:Infinity":87,"s:331:2:335:Infinity":88,"s:331:15:331:18":89,"s:332:17:332:Infinity":90,"s:333:4:333:Infinity":91,"s:334:4:334:23":92,"s:336:2:336:Infinity":93,"f:342:9:342:26":13,"s:343:14:343:Infinity":94,"f:343:29:343:30":14,"s:343:39:343:46":95,"s:344:2:344:Infinity":96,"f:344:21:344:26":15,"s:344:26:344:Infinity":97,"s:360:44:364:Infinity":98,"f:370:16:370:Infinity":16,"b:378:32:378:50":30,"s:380:28:380:30":99,"b:382:2:384:Infinity:undefined:undefined:undefined:undefined":31,"s:382:2:384:Infinity":100,"b:382:6:382:41:382:41:382:90":32,"s:383:4:383:Infinity":101,"b:386:2:388:Infinity:undefined:undefined:undefined:undefined":33,"s:386:2:388:Infinity":102,"b:386:6:386:42:386:42:386:90":34,"s:387:4:387:Infinity":103,"b:390:2:399:Infinity:undefined:undefined:undefined:undefined":35,"s:390:2:399:Infinity":104,"b:391:4:391:Infinity:392:4:392:Infinity:393:4:393:Infinity":36,"s:395:19:395:109":105,"b:396:4:398:Infinity:undefined:undefined:undefined:undefined":37,"s:396:4:398:Infinity":106,"s:397:6:397:Infinity":107,"s:401:2:404:Infinity":108,"f:416:16:416:31":17,"b:416:64:416:69":38,"s:417:29:417:Infinity":109,"f:417:41:417:47":18,"s:417:47:417:Infinity":110,"s:419:2:424:Infinity":111,"f:419:12:419:Infinity":19,"s:421:4:421:Infinity":112,"s:426:2:426:Infinity":113,"f:432:16:432:Infinity":20,"s:440:17:440:Infinity":114,"f:440:29:440:35":21,"s:440:35:440:Infinity":115,"s:442:8:444:Infinity":116,"f:442:36:442:Infinity":22,"s:443:4:443:Infinity":117,"s:446:2:446:Infinity":118}}}
,"/workspaces/spark-template/src/lib/materials-data.ts": {"path":"/workspaces/spark-template/src/lib/materials-data.ts","statementMap":{"0":{"start":{"line":3,"column":37},"end":{"line":55,"column":null}},"1":{"start":{"line":57,"column":43},"end":{"line":177,"column":null}}},"fnMap":{},"branchMap":{},"s":{"0":2,"1":2},"f":{},"b":{},"meta":{"lastBranch":0,"lastFunction":0,"lastStatement":2,"seen":{"s:3:37:55:Infinity":0,"s:57:43:177:Infinity":1}}}
,"/workspaces/spark-template/src/lib/media-data.ts": {"path":"/workspaces/spark-template/src/lib/media-data.ts","statementMap":{"0":{"start":{"line":3,"column":42},"end":{"line":22,"column":null}},"1":{"start":{"line":24,"column":51},"end":{"line":49,"column":null}},"2":{"start":{"line":51,"column":50},"end":{"line":86,"column":null}}},"fnMap":{},"branchMap":{},"s":{"0":1,"1":1,"2":1},"f":{},"b":{},"meta":{"lastBranch":0,"lastFunction":0,"lastStatement":3,"seen":{"s:3:42:22:Infinity":0,"s:24:51:49:Infinity":1,"s:51:50:86:Infinity":2}}}
,"/workspaces/spark-template/src/lib/publications-data.ts": {"path":"/workspaces/spark-template/src/lib/publications-data.ts","statementMap":{"0":{"start":{"line":3,"column":43},"end":{"line":36,"column":null}},"1":{"start":{"line":38,"column":54},"end":{"line":87,"column":null}}},"fnMap":{},"branchMap":{},"s":{"0":1,"1":1},"f":{},"b":{},"meta":{"lastBranch":0,"lastFunction":0,"lastStatement":2,"seen":{"s:3:43:36:Infinity":0,"s:38:54:87:Infinity":1}}}
,"/workspaces/spark-template/src/lib/seed-data.ts": {"path":"/workspaces/spark-template/src/lib/seed-data.ts","statementMap":{"0":{"start":{"line":13,"column":26},"end":{"line":15,"column":null}},"1":{"start":{"line":18,"column":30},"end":{"line":18,"column":32}},"2":{"start":{"line":20,"column":2},"end":{"line":35,"column":null}},"3":{"start":{"line":21,"column":4},"end":{"line":34,"column":null}},"4":{"start":{"line":37,"column":2},"end":{"line":59,"column":null}},"5":{"start":{"line":38,"column":29},"end":{"line":51,"column":null}},"6":{"start":{"line":53,"column":4},"end":{"line":56,"column":null}},"7":{"start":{"line":54,"column":6},"end":{"line":54,"column":null}},"8":{"start":{"line":55,"column":6},"end":{"line":55,"column":null}},"9":{"start":{"line":58,"column":4},"end":{"line":58,"column":null}},"10":{"start":{"line":61,"column":2},"end":{"line":61,"column":null}}},"fnMap":{"0":{"name":"generateBiomaterialsProducts","decl":{"start":{"line":17,"column":22},"end":{"line":17,"column":null}},"loc":{"start":{"line":17,"column":22},"end":{"line":62,"column":null}},"line":17},"1":{"name":"(anonymous_1)","decl":{"start":{"line":20,"column":20},"end":{"line":20,"column":21}},"loc":{"start":{"line":20,"column":31},"end":{"line":35,"column":null}},"line":20},"2":{"name":"(anonymous_2)","decl":{"start":{"line":37,"column":23},"end":{"line":37,"column":24}},"loc":{"start":{"line":37,"column":37},"end":{"line":59,"column":null}},"line":37}},"branchMap":{"0":{"loc":{"start":{"line":33,"column":19},"end":{"line":33,"column":null}},"type":"cond-expr","locations":[{"start":{"line":33,"column":37},"end":{"line":33,"column":64}},{"start":{"line":33,"column":67},"end":{"line":33,"column":null}}],"line":33},"1":{"loc":{"start":{"line":50,"column":19},"end":{"line":50,"column":null}},"type":"cond-expr","locations":[{"start":{"line":50,"column":37},"end":{"line":50,"column":67}},{"start":{"line":50,"column":70},"end":{"line":50,"column":null}}],"line":50},"2":{"loc":{"start":{"line":53,"column":4},"end":{"line":56,"column":null}},"type":"if","locations":[{"start":{"line":53,"column":4},"end":{"line":56,"column":null}},{"start":{},"end":{}}],"line":53}},"s":{"0":1,"1":11,"2":11,"3":33,"4":11,"5":77,"6":77,"7":11,"8":11,"9":77,"10":11},"f":{"0":11,"1":33,"2":77},"b":{"0":[22,11],"1":[33,44],"2":[11,66]},"meta":{"lastBranch":3,"lastFunction":3,"lastStatement":11,"seen":{"s:13:26:15:Infinity":0,"f:17:22:17:Infinity":0,"s:18:30:18:32":1,"s:20:2:35:Infinity":2,"f:20:20:20:21":1,"s:21:4:34:Infinity":3,"b:33:37:33:64:33:67:33:Infinity":0,"s:37:2:59:Infinity":4,"f:37:23:37:24":2,"s:38:29:51:Infinity":5,"b:50:37:50:67:50:70:50:Infinity":1,"b:53:4:56:Infinity:undefined:undefined:undefined:undefined":2,"s:53:4:56:Infinity":6,"s:54:6:54:Infinity":7,"s:55:6:55:Infinity":8,"s:58:4:58:Infinity":9,"s:61:2:61:Infinity":10}}}
,"/workspaces/spark-template/src/lib/team-data.ts": {"path":"/workspaces/spark-template/src/lib/team-data.ts","statementMap":{"0":{"start":{"line":3,"column":41},"end":{"line":125,"column":null}}},"fnMap":{},"branchMap":{},"s":{"0":1},"f":{},"b":{},"meta":{"lastBranch":0,"lastFunction":0,"lastStatement":1,"seen":{"s:3:41:125:Infinity":0}}}
,"/workspaces/spark-template/src/lib/types.ts": {"path":"/workspaces/spark-template/src/lib/types.ts","statementMap":{},"fnMap":{},"branchMap":{},"s":{},"f":{},"b":{},"meta":{"lastBranch":0,"lastFunction":0,"lastStatement":0,"seen":{}}}
,"/workspaces/spark-template/src/lib/utils.ts": {"path":"/workspaces/spark-template/src/lib/utils.ts","statementMap":{"0":{"start":{"line":5,"column":2},"end":{"line":5,"column":null}}},"fnMap":{"0":{"name":"cn","decl":{"start":{"line":4,"column":16},"end":{"line":4,"column":19}},"loc":{"start":{"line":4,"column":42},"end":{"line":6,"column":null}},"line":4}},"branchMap":{},"s":{"0":2256},"f":{"0":2256},"b":{},"meta":{"lastBranch":0,"lastFunction":1,"lastStatement":1,"seen":{"f:4:16:4:19":0,"s:5:2:5:Infinity":0}}}
,"/workspaces/spark-template/src/lib/analytics/app-insights.ts": {"path":"/workspaces/spark-template/src/lib/analytics/app-insights.ts","statementMap":{"0":{"start":{"line":62,"column":47},"end":{"line":62,"column":null}},"1":{"start":{"line":63,"column":20},"end":{"line":63,"column":null}},"2":{"start":{"line":75,"column":2},"end":{"line":79,"column":null}},"3":{"start":{"line":77,"column":4},"end":{"line":77,"column":null}},"4":{"start":{"line":78,"column":4},"end":{"line":78,"column":null}},"5":{"start":{"line":81,"column":2},"end":{"line":85,"column":null}},"6":{"start":{"line":83,"column":4},"end":{"line":83,"column":null}},"7":{"start":{"line":84,"column":4},"end":{"line":84,"column":null}},"8":{"start":{"line":88,"column":2},"end":{"line":99,"column":null}},"9":{"start":{"line":90,"column":4},"end":{"line":90,"column":null}},"10":{"start":{"line":93,"column":4},"end":{"line":97,"column":null}},"11":{"start":{"line":94,"column":6},"end":{"line":96,"column":null}},"12":{"start":{"line":95,"column":8},"end":{"line":95,"column":null}},"13":{"start":{"line":98,"column":4},"end":{"line":98,"column":null}},"14":{"start":{"line":101,"column":2},"end":{"line":101,"column":null}},"15":{"start":{"line":108,"column":2},"end":{"line":162,"column":null}},"16":{"start":{"line":112,"column":19},"end":{"line":112,"column":null}},"17":{"start":{"line":112,"column":89},"end":{"line":112,"column":null}},"18":{"start":{"line":114,"column":4},"end":{"line":118,"column":null}},"19":{"start":{"line":116,"column":6},"end":{"line":116,"column":null}},"20":{"start":{"line":117,"column":6},"end":{"line":117,"column":null}},"21":{"start":{"line":120,"column":36},"end":{"line":120,"column":null}},"22":{"start":{"line":121,"column":10},"end":{"line":121,"column":null}},"23":{"start":{"line":123,"column":24},"end":{"line":138,"column":null}},"24":{"start":{"line":140,"column":4},"end":{"line":140,"column":null}},"25":{"start":{"line":143,"column":4},"end":{"line":143,"column":null}},"26":{"start":{"line":144,"column":4},"end":{"line":144,"column":null}},"27":{"start":{"line":146,"column":4},"end":{"line":146,"column":null}},"28":{"start":{"line":147,"column":4},"end":{"line":147,"column":null}},"29":{"start":{"line":148,"column":4},"end":{"line":148,"column":null}},"30":{"start":{"line":151,"column":4},"end":{"line":151,"column":null}},"31":{"start":{"line":154,"column":4},"end":{"line":154,"column":null}},"32":{"start":{"line":157,"column":4},"end":{"line":157,"column":null}},"33":{"start":{"line":161,"column":4},"end":{"line":161,"column":null}},"34":{"start":{"line":174,"column":2},"end":{"line":183,"column":null}},"35":{"start":{"line":175,"column":4},"end":{"line":175,"column":null}},"36":{"start":{"line":175,"column":33},"end":{"line":175,"column":39}},"37":{"start":{"line":177,"column":4},"end":{"line":182,"column":null}},"38":{"start":{"line":186,"column":2},"end":{"line":196,"column":null}},"39":{"start":{"line":187,"column":4},"end":{"line":187,"column":null}},"40":{"start":{"line":187,"column":33},"end":{"line":187,"column":39}},"41":{"start":{"line":189,"column":18},"end":{"line":191,"column":null}},"42":{"start":{"line":193,"column":4},"end":{"line":195,"column":null}},"43":{"start":{"line":210,"column":2},"end":{"line":210,"column":null}},"44":{"start":{"line":210,"column":55},"end":{"line":210,"column":61}},"45":{"start":{"line":212,"column":2},"end":{"line":219,"column":null}},"46":{"start":{"line":229,"column":2},"end":{"line":229,"column":null}},"47":{"start":{"line":229,"column":55},"end":{"line":229,"column":61}},"48":{"start":{"line":231,"column":2},"end":{"line":234,"column":null}},"49":{"start":{"line":244,"column":2},"end":{"line":244,"column":null}},"50":{"start":{"line":244,"column":55},"end":{"line":244,"column":61}},"51":{"start":{"line":246,"column":2},"end":{"line":253,"column":null}},"52":{"start":{"line":264,"column":2},"end":{"line":264,"column":null}},"53":{"start":{"line":264,"column":55},"end":{"line":264,"column":61}},"54":{"start":{"line":266,"column":2},"end":{"line":270,"column":null}},"55":{"start":{"line":281,"column":2},"end":{"line":281,"column":null}},"56":{"start":{"line":281,"column":55},"end":{"line":281,"column":61}},"57":{"start":{"line":283,"column":2},"end":{"line":287,"column":null}},"58":{"start":{"line":298,"column":2},"end":{"line":298,"column":null}},"59":{"start":{"line":305,"column":2},"end":{"line":307,"column":null}},"60":{"start":{"line":306,"column":4},"end":{"line":306,"column":null}},"61":{"start":{"line":314,"column":22},"end":{"line":314,"column":null}},"62":{"start":{"line":315,"column":2},"end":{"line":315,"column":null}},"63":{"start":{"line":315,"column":21},"end":{"line":315,"column":30}},"64":{"start":{"line":317,"column":2},"end":{"line":320,"column":null}},"65":{"start":{"line":324,"column":16},"end":{"line":324,"column":null}},"66":{"start":{"line":325,"column":2},"end":{"line":325,"column":null}},"67":{"start":{"line":326,"column":2},"end":{"line":326,"column":null}},"68":{"start":{"line":326,"column":32},"end":{"line":326,"column":65}},"69":{"start":{"line":337,"column":2},"end":{"line":337,"column":null}},"70":{"start":{"line":337,"column":55},"end":{"line":337,"column":61}},"71":{"start":{"line":339,"column":2},"end":{"line":377,"column":null}},"72":{"start":{"line":341,"column":6},"end":{"line":345,"column":null}},"73":{"start":{"line":346,"column":6},"end":{"line":346,"column":null}},"74":{"start":{"line":349,"column":6},"end":{"line":352,"column":null}},"75":{"start":{"line":353,"column":6},"end":{"line":353,"column":null}},"76":{"start":{"line":357,"column":6},"end":{"line":363,"column":null}},"77":{"start":{"line":366,"column":6},"end":{"line":375,"column":null}},"78":{"start":{"line":367,"column":8},"end":{"line":374,"column":null}},"79":{"start":{"line":376,"column":6},"end":{"line":376,"column":null}},"80":{"start":{"line":388,"column":2},"end":{"line":388,"column":null}},"81":{"start":{"line":395,"column":2},"end":{"line":395,"column":null}},"82":{"start":{"line":399,"column":0},"end":{"line":407,"column":null}},"83":{"start":{"line":400,"column":2},"end":{"line":406,"column":null}},"84":{"start":{"line":402,"column":4},"end":{"line":402,"column":null}},"85":{"start":{"line":403,"column":4},"end":{"line":403,"column":null}},"86":{"start":{"line":404,"column":4},"end":{"line":404,"column":null}},"87":{"start":{"line":405,"column":4},"end":{"line":405,"column":null}}},"fnMap":{"0":{"name":"initAppInsights","decl":{"start":{"line":74,"column":22},"end":{"line":74,"column":38}},"loc":{"start":{"line":74,"column":63},"end":{"line":102,"column":null}},"line":74},"1":{"name":"(anonymous_1)","decl":{"start":{"line":93,"column":47},"end":{"line":93,"column":null}},"loc":{"start":{"line":93,"column":47},"end":{"line":97,"column":null}},"line":93},"2":{"name":"loadAppInsights","decl":{"start":{"line":107,"column":15},"end":{"line":107,"column":31}},"loc":{"start":{"line":107,"column":56},"end":{"line":163,"column":null}},"line":107},"3":{"name":"(anonymous_3)","decl":{"start":{"line":112,"column":89},"end":{"line":112,"column":null}},"loc":{"start":{"line":112,"column":89},"end":{"line":112,"column":null}},"line":112},"4":{"name":"setupErrorTracking","decl":{"start":{"line":172,"column":9},"end":{"line":172,"column":null}},"loc":{"start":{"line":172,"column":9},"end":{"line":197,"column":null}},"line":172},"5":{"name":"(anonymous_5)","decl":{"start":{"line":174,"column":35},"end":{"line":174,"column":36}},"loc":{"start":{"line":174,"column":36},"end":{"line":183,"column":null}},"line":174},"6":{"name":"(anonymous_6)","decl":{"start":{"line":186,"column":48},"end":{"line":186,"column":49}},"loc":{"start":{"line":186,"column":49},"end":{"line":196,"column":null}},"line":186},"7":{"name":"trackAppInsightsPageView","decl":{"start":{"line":206,"column":16},"end":{"line":206,"column":null}},"loc":{"start":{"line":208,"column":42},"end":{"line":220,"column":null}},"line":208},"8":{"name":"trackAppInsightsEvent","decl":{"start":{"line":225,"column":16},"end":{"line":225,"column":null}},"loc":{"start":{"line":227,"column":42},"end":{"line":235,"column":null}},"line":227},"9":{"name":"trackException","decl":{"start":{"line":240,"column":16},"end":{"line":240,"column":null}},"loc":{"start":{"line":242,"column":42},"end":{"line":254,"column":null}},"line":242},"10":{"name":"trackMetric","decl":{"start":{"line":259,"column":16},"end":{"line":259,"column":null}},"loc":{"start":{"line":262,"column":42},"end":{"line":271,"column":null}},"line":262},"11":{"name":"trackTrace","decl":{"start":{"line":276,"column":16},"end":{"line":276,"column":null}},"loc":{"start":{"line":279,"column":42},"end":{"line":288,"column":null}},"line":279},"12":{"name":"getOperationId","decl":{"start":{"line":297,"column":16},"end":{"line":297,"column":null}},"loc":{"start":{"line":297,"column":16},"end":{"line":299,"column":null}},"line":297},"13":{"name":"setOperationName","decl":{"start":{"line":304,"column":16},"end":{"line":304,"column":33}},"loc":{"start":{"line":304,"column":45},"end":{"line":308,"column":null}},"line":304},"14":{"name":"getCorrelationHeaders","decl":{"start":{"line":313,"column":16},"end":{"line":313,"column":null}},"loc":{"start":{"line":313,"column":16},"end":{"line":321,"column":null}},"line":313},"15":{"name":"generateSpanId","decl":{"start":{"line":323,"column":9},"end":{"line":323,"column":null}},"loc":{"start":{"line":323,"column":9},"end":{"line":327,"column":null}},"line":323},"16":{"name":"(anonymous_16)","decl":{"start":{"line":326,"column":27},"end":{"line":32
[...]
":470,"column":null}},"107":{"start":{"line":471,"column":24},"end":{"line":471,"column":null}},"108":{"start":{"line":471,"column":46},"end":{"line":471,"column":null}},"109":{"start":{"line":473,"column":2},"end":{"line":482,"column":null}},"110":{"start":{"line":474,"column":4},"end":{"line":481,"column":null}},"111":{"start":{"line":494,"column":2},"end":{"line":496,"column":null}},"112":{"start":{"line":495,"column":4},"end":{"line":495,"column":null}},"113":{"start":{"line":507,"column":2},"end":{"line":507,"column":null}}},"fnMap":{"0":{"name":"getRating","decl":{"start":{"line":89,"column":9},"end":{"line":89,"column":null}},"loc":{"start":{"line":91,"column":15},"end":{"line":102,"column":null}},"line":91},"1":{"name":"reportMetric","decl":{"start":{"line":111,"column":9},"end":{"line":111,"column":22}},"loc":{"start":{"line":111,"column":45},"end":{"line":151,"column":null}},"line":111},"2":{"name":"handleLCP","decl":{"start":{"line":160,"column":9},"end":{"line":160,"column":19}},"loc":{"start":{"line":160,"column":118},"end":{"line":174,"column":null}},"line":160},"3":{"name":"handleINP","decl":{"start":{"line":179,"column":9},"end":{"line":179,"column":19}},"loc":{"start":{"line":179,"column":118},"end":{"line":193,"column":null}},"line":179},"4":{"name":"handleCLS","decl":{"start":{"line":198,"column":9},"end":{"line":198,"column":19}},"loc":{"start":{"line":198,"column":118},"end":{"line":212,"column":null}},"line":198},"5":{"name":"handleFCP","decl":{"start":{"line":217,"column":9},"end":{"line":217,"column":19}},"loc":{"start":{"line":217,"column":118},"end":{"line":231,"column":null}},"line":217},"6":{"name":"handleTTFB","decl":{"start":{"line":236,"column":9},"end":{"line":236,"column":20}},"loc":{"start":{"line":236,"column":119},"end":{"line":250,"column":null}},"line":236},"7":{"name":"initWebVitals","decl":{"start":{"line":261,"column":22},"end":{"line":261,"column":36}},"loc":{"start":{"line":261,"column":74},"end":{"line":290,"column":null}},"line":261},"8":{"name":"(anonymous_8)","decl":{"start":{"line":276,"column":49},"end":{"line":276,"column":null}},"loc":{"start":{"line":276,"column":49},"end":{"line":282,"column":null}},"line":276},"9":{"name":"(anonymous_9)","decl":{"start":{"line":278,"column":32},"end":{"line":278,"column":33}},"loc":{"start":{"line":278,"column":33},"end":{"line":280,"column":null}},"line":278},"10":{"name":"loadWebVitals","decl":{"start":{"line":295,"column":15},"end":{"line":295,"column":null}},"loc":{"start":{"line":295,"column":15},"end":{"line":359,"column":null}},"line":295},"11":{"name":"(anonymous_11)","decl":{"start":{"line":299,"column":63},"end":{"line":299,"column":null}},"loc":{"start":{"line":299,"column":63},"end":{"line":302,"column":null}},"line":299},"12":{"name":"reportCustomMetric","decl":{"start":{"line":368,"column":16},"end":{"line":368,"column":null}},"loc":{"start":{"line":371,"column":42},"end":{"line":382,"column":null}},"line":371},"13":{"name":"reportLongTask","decl":{"start":{"line":387,"column":16},"end":{"line":387,"column":null}},"loc":{"start":{"line":389,"column":42},"end":{"line":399,"column":null}},"line":389},"14":{"name":"startLongTaskObserver","decl":{"start":{"line":410,"column":16},"end":{"line":410,"column":38}},"loc":{"start":{"line":410,"column":52},"end":{"line":435,"column":null}},"line":410},"15":{"name":"(anonymous_15)","decl":{"start":{"line":420,"column":47},"end":{"line":420,"column":48}},"loc":{"start":{"line":420,"column":48},"end":{"line":429,"column":null}},"line":420},"16":{"name":"stopLongTaskObserver","decl":{"start":{"line":440,"column":16},"end":{"line":440,"column":null}},"loc":{"start":{"line":440,"column":16},"end":{"line":445,"column":null}},"line":440},"17":{"name":"getResourceTimings","decl":{"start":{"line":454,"column":16},"end":{"line":454,"column":null}},"loc":{"start":{"line":454,"column":16},"end":{"line":460,"column":null}},"line":454},"18":{"name":"reportSlowResources","decl":{"start":{"line":465,"column":16},"end":{"line":465,"column":36}},"loc":{"start":{"line":465,"column":54},"end":{"line":483,"column":null}},"line":465},"19":{"name":"(anonymous_19)","decl":{"start":{"line":471,"column":41},"end":{"line":471,"column":46}},"loc":{"start":{"line":471,"column":46},"end":{"line":471,"column":null}},"line":471},"20":{"name":"useWebVitals","decl":{"start":{"line":492,"column":16},"end":{"line":492,"column":29}},"loc":{"start":{"line":492,"column":67},"end":{"line":497,"column":null}},"line":492},"21":{"name":"getWebVitalsConfig","decl":{"start":{"line":506,"column":16},"end":{"line":506,"column":null}},"loc":{"start":{"line":506,"column":16},"end":{"line":508,"column":null}},"line":506}},"branchMap":{"0":{"loc":{"start":{"line":93,"column":21},"end":{"line":93,"column":74}},"type":"binary-expr","locations":[{"start":{"line":93,"column":21},"end":{"line":93,"column":46}},{"start":{"line":93,"column":50},"end":{"line":93,"column":74}}],"line":93},"1":{"loc":{"start":{"line":95,"column":2},"end":{"line":97,"column":null}},"type":"if","locations":[{"start":{"line":95,"column":2},"end":{"line":97,"column":null}},{"start":{},"end":{}}],"line":95},"2":{"loc":{"start":{"line":98,"column":2},"end":{"line":100,"column":null}},"type":"if","locations":[{"start":{"line":98,"column":2},"end":{"line":100,"column":null}},{"start":{},"end":{}}],"line":98},"3":{"loc":{"start":{"line":113,"column":2},"end":{"line":115,"column":null}},"type":"if","locations":[{"start":{"line":113,"column":2},"end":{"line":115,"column":null}},{"start":{},"end":{}}],"line":113},"4":{"loc":{"start":{"line":119,"column":2},"end":{"line":121,"column":null}},"type":"if","locations":[{"start":{"line":119,"column":2},"end":{"line":121,"column":null}},{"start":{},"end":{}}],"line":119},"5":{"loc":{"start":{"line":119,"column":6},"end":{"line":119,"column":66}},"type":"binary-expr","locations":[{"start":{"line":119,"column":6},"end":{"line":119,"column":30}},{"start":{"line":119,"column":34},"end":{"line":119,"column":66}}],"line":119},"6":{"loc":{"start":{"line":138,"column":2},"end":{"line":140,"column":null}},"type":"if","locations":[{"start":{"line":138,"column":2},"end":{"line":140,"column":null}},{"start":{},"end":{}}],"line":138},"7":{"loc":{"start":{"line":138,"column":6},"end":{"line":138,"column":52}},"type":"binary-expr","locations":[{"start":{"line":138,"column":6},"end":{"line":138,"column":30}},{"start":{"line":138,"column":34},"end":{"line":138,"column":52}}],"line":138},"8":{"loc":{"start":{"line":261,"column":36},"end":{"line":261,"column":74}},"type":"default-arg","locations":[{"start":{"line":261,"column":72},"end":{"line":261,"column":74}}],"line":261},"9":{"loc":{"start":{"line":263,"column":4},"end":{"line":265,"column":null}},"type":"if","locations":[{"start":{"line":263,"column":4},"end":{"line":265,"column":null}},{"start":{},"end":{}}],"line":263},"10":{"loc":{"start":{"line":269,"column":4},"end":{"line":271,"column":null}},"type":"if","locations":[{"start":{"line":269,"column":4},"end":{"line":271,"column":null}},{"start":{},"end":{}}],"line":269},"11":{"loc":{"start":{"line":274,"column":4},"end":{"line":284,"column":null}},"type":"if","locations":[{"start":{"line":274,"column":4},"end":{"line":284,"column":null}},{"start":{},"end":{}}],"line":274},"12":{"loc":{"start":{"line":277,"column":8},"end":{"line":281,"column":null}},"type":"if","locations":[{"start":{"line":277,"column":8},"end":{"line":281,"column":null}},{"start":{},"end":{}}],"line":277},"13":{"loc":{"start":{"line":277,"column":8},"end":{"line":277,"column":53}},"type":"binary-expr","locations":[{"start":{"line":277,"column":8},"end":{"line":277,"column":37}},{"start":{"line":277,"column":37},"end":{"line":277,"column":53}}],"line":277},"14":{"loc":{"start":{"line":304,"column":4},"end":{"line":307,"column":null}},"type":"if","locations":[{"start":{"line":304,"column":4},"end":{"line":307,"column":null}},{"start":{},"end":{}}],"line":304},"15":{"loc":{"start":{"line":315,"column":6},"end":{"line":317,"column":null}},"type":"if","locations":[{"start":{"line":315,"column":6},"end":{"line":317,"column":null}},{"start":{},"end":{}}],"line":315},"16":{"loc":{"start":{"line":315,"column":10},"end":{"line":315,"column":68}},"type":"binary-expr","locations":[{"start":{"line":315,"column":10},"end":{"line":315,"column":25}},{"start":{"line":315,"column":29},"end":{"line":315,"column":68}}],"line":315},"17":{"loc":{"start":{"line":323,"column":6},"end":{"line":325,"column":null}},"type":"if","locations":[{"start":{"line":323,"column":6},"end":{"line":325,"column":null}},{"start":{},"end":{}}],"line":323},"18":{"loc":{"start":{"line":323,"column":10},"end":{"line":323,"column":68}},"type":"binary-expr","locations":[{"start":{"line":323,"column":10},"end":{"line":323,"column":25}},{"start":{"line":323,"column":29},"end":{"line":323,"column":68}}],"line":323},"19":{"loc":{"start":{"line":331,"column":6},"end":{"line":333,"column":null}},"type":"if","locations":[{"start":{"line":331,"column":6},"end":{"line":333,"column":null}},{"start":{},"end":{}}],"line":331},"20":{"loc":{"start":{"line":331,"column":10},"end":{"line":331,"column":68}},"type":"binary-expr","locations":[{"start":{"line":331,"column":10},"end":{"line":331,"column":25}},{"start":{"line":331,"column":29},"end":{"line":331,"column":68}}],"line":331},"21":{"loc":{"start":{"line":339,"column":6},"end":{"line":341,"column":null}},"type":"if","locations":[{"start":{"line":339,"column":6},"end":{"line":341,"column":null}},{"start":{},"end":{}}],"line":339},"22":{"loc":{"start":{"line":339,"column":10},"end":{"line":339,"column":68}},"type":"binary-expr","locations":[{"start":{"line":339,"column":10},"end":{"line":339,"column":25}},{"start":{"line":339,"column":29},"end":{"line":339,"column":68}}],"line":339},"23":{"loc":{"start":{"line":347,"column":6},"end":{"line":349,"column":null}},"type":"if","locations":[{"start":{"line":347,"column":6},"end":{"line":349,"column":null}},{"start":{},"end":{}}],"line":347},"24":{"loc":{"start":{"line":347,"column":10},"end":{"line":347,"column":70}},"type":"binary-expr","locations":[{"start":{"line":347,"column":10},"end":{"line":347,"column":26}},{"start":{"line":347,"column":30},"end":{"line":347,"column":70}}],"line":347},"25":{"loc":{"start":{"line":371,"column":2},"end":{"line":371,"column":42}},"type":"default-arg","locations":[{"start":{"line":371,"column":40},"end":{"line":371,"column":42}}],"line":371},"26":{"loc":{"start":{"line":373,"column":2},"end":{"line":375,"column":null}},"type":"if","locations":[{"start":{"line":373,"column":2},"end":{"line":375,"column":null}},{"start":{},"end":{}}],"line":373},"27":{"loc":{"start":{"line":389,"column":2},"end":{"line":389,"column":42}},"type":"default-arg","locations":[{"start":{"line":389,"column":40},"end":{"line":389,"column":42}}],"line":389},"28":{"loc":{"start":{"line":391,"column":2},"end":{"line":393,"column":null}},"type":"if","locations":[{"start":{"line":391,"column":2},"end":{"line":393,"column":null}},{"start":{},"end":{}}],"line":391},"29":{"loc":{"start":{"line":410,"column":38},"end":{"line":410,"column":52}},"type":"default-arg","locations":[{"start":{"line":410,"column":50},"end":{"line":410,"column":52}}],"line":410},"30":{"loc":{"start":{"line":411,"column":2},"end":{"line":413,"column":null}},"type":"if","locations":[{"start":{"line":411,"column":2},"end":{"line":413,"column":null}},{"start":{},"end":{}}],"line":411},"31":{"loc":{"start":{"line":415,"column":2},"end":{"line":417,"column":null}},"type":"if","locations":[{"start":{"line":415,"column":2},"end":{"line":417,"column":null}},{"start":{},"end":{}}],"line":415},"32":{"loc":{"start":{"line":422,"column":8},"end":{"line":427,"column":null}},"type":"if","locations":[{"start":{"line":422,"column":8},"end":{"line":427,"column":null}},{"start":{},"end":{}}],"line":422},"33":{"loc":{"start":{"line":441,"column":2},"end":{"line":444,"column":null}},"type":"if","locations":[{"start":{"line":441,"column":2},"end":{"line":444,"column":null}},{"start":{},"end":{}}],"line":441},"34":{"loc":{"start":{"line":455,"column":2},"end":{"line":457,"column":null}},"type":"if","locations":[{"start":{"line":455,"column":2},"end":{"line":457,"column":null}},{"start":{},"end":{}}],"line":455},"35":{"loc":{"start":{"line":465,"column":36},"end":{"line":465,"column":54}},"type":"default-arg","locations":[{"start":{"line":465,"column":50},"end":{"line":465,"column":54}}],"line":465},"36":{"loc":{"start":{"line":466,"column":2},"end":{"line":468,"column":null}},"type":"if","locations":[{"start":{"line":466,"column":2},"end":{"line":468,"column":null}},{"start":{},"end":{}}],"line":466},"37":{"loc":{"start":{"line":492,"column":29},"end":{"line":492,"column":67}},"type":"default-arg","locations":[{"start":{"line":492,"column":65},"end":{"line":492,"column":67}}],"line":492},"38":{"loc":{"start":{"line":494,"column":2},"end":{"line":496,"column":null}},"type":"if","locations":[{"start":{"line":494,"column":2},"end":{"line":496,"column":null}},{"start":{},"end":{}}],"line":494}},"s":{"0":2,"1":2,"2":2,"3":2,"4":10,"5":10,"6":10,"7":0,"8":0,"9":0,"10":5,"11":0,"12":5,"13":5,"14":0,"15":5,"16":5,"17":5,"18":5,"19":0,"20":5,"21":5,"22":1,"23":1,"24":0,"25":1,"26":1,"27":0,"28":1,"29":1,"30":0,"31":1,"32":1,"33":0,"34":1,"35":1,"36":0,"37":18,"38":18,"39":17,"40":1,"41":1,"42":0,"43":1,"44":0,"45":0,"46":0,"47":0,"48":0,"49":1,"50":0,"51":1,"52":1,"53":0,"54":0,"55":1,"56":0,"57":0,"58":1,"59":1,"60":1,"61":1,"62":0,"63":1,"64":1,"65":1,"66":0,"67":1,"68":1,"69":1,"70":0,"71":1,"72":1,"73":1,"74":0,"75":1,"76":1,"77":1,"78":0,"79":1,"80":0,"81":6,"82":1,"83":5,"84":3,"85":1,"86":2,"87":2,"88":9,"89":2,"90":7,"91":3,"92":4,"93":4,"94":0,"95":0,"96":0,"97":4,"98":6,"99":4,"100":4,"101":8,"102":2,"103":6,"104":5,"105":1,"106":4,"107":4,"108":4,"109":4,"110":1,"111":1,"112":1,"113":6},"f":{"0":10,"1":5,"2":1,"3":1,"4":1,"5":1,"6":1,"7":18,"8":0,"9":0,"10":1,"11":0,"12":6,"13":3,"14":9,"15":0,"16":6,"17":8,"18":5,"19":4,"20":1,"21":6},"b":{"0":[10,10],"1":[10,0],"2":[0,0],"3":[0,5],"4":[0,5],"5":[5,5],"6":[0,5],"7":[5,0],"8":[18],"9":[17,1],"10":[0,1],"11":[0,1],"12":[0,0],"13":[0,0],"14":[0,1],"15":[1,0],"16":[1,1],"17":[1,0],"18":[1,1],"19":[1,0],"20":[1,1],"21":[1,0],"22":[1,1],"23":[1,0],"24":[1,1],"25":[6],"26":[1,5],"27":[3],"28":[1,2],"29":[9],"30":[2,7],"31":[3,4],"32":[0,0],"33":[4,2],"34":[2,6],"35":[5],"36":[1,4],"37":[1],"38":[1,0]},"meta":{"lastBranch":39,"lastFunction":22,"lastStatement":114,"seen":{"s:61:27:67:Infinity":0,"s:73:30:77:Infinity":1,"s:79:20:79:Infinity":2,"s:80:24:80:Infinity":3,"f:89:9:89:Infinity":0,"s:93:21:93:74":4,"b:93:21:93:46:93:50:93:74":0,"b:95:2:97:Infinity:undefined:undefined:undefined:undefined":1,"s:95:2:97:Infinity":5,"s:96:4:96:Infinity":6,"b:98:2:100:Infinity:undefined:undefined:undefined:undefined":2,"s:98:2:100:Infinity":7,"s:99:4:99:Infinity":8,"s:101:2:101:Infinity":9,"f:111:9:111:22":1,"b:113:2:115:Infinity:undefined:undefined:undefined:undefined":3,"s:113:2:115:Infinity":10,"s:114:4:114:Infinity":11,"s:118:20:118:49":12,"b:119:2:121:Infinity:undefined:undefined:undefined:undefined":4,"s:119:2:121:Infinity":13,"b:119:6:119:30:119:34:119:66":5,"s:120:4:120:Infinity":14,"s:122:2:122:Infinity":15,"s:125:17:125:Infinity":16,"s:128:46:135:Infinity":17,"b:138:2:140:Infinity:undefined:undefined:undefined:undefined":6,"s:138:2:140:Infinity":18,"b:138:6:138:30:138:34:138:52":7,"s:139:4:139:Infinity":19,"s:143:2:147:Infinity":20,"s:150:2:150:Infinity":21,"f:160:9:160:19":2,"s:161:2:173:Infinity":22,"s:162:4:170:Infinity":23,"s:172:4:172:Infinity":24,"f:179:9:179:19":3,"s:180:2:192:Infinity":25,"s:181:4:189:Infinity":26,"s:191:4:191:Infinity":27,"f:198:9:198:19":4,"s:199:2:211:Infinity":28,"s:200:4:208:Infinity":29,"s:210:4:210:Infinity":30,"f:217:9:217:19":5,"s:218:2:230:Infinity":31,"s:219:4:227:Infinity":32,"s:229:4:229:Infinity":33,"f:236:9:236:20":6,"s:237:2:249:Infinity":34,"s:238:4:246:Infinity":35,"s:248:4:248:Infinity":36,"f:261:22:261:36":7,"b:261:72:261:74":8,"s:262:2:289:Infinity":37,"b:263:4:265:Infinity:undefined:undefined:undefined:undefined":9,"s:263:4:265:Infinity":38,"s:264:6:264:Infinity":39,"s:267:4:267:Infinity":40,"b:269:4:271:Infinity:undefined:undefined:undefined:undefined":10,"s:269:4:271:Infinity":41,"s:270:6:270:Infinity":42,"b:274:4:284:Infinity:undefined:undefined:undefined:undefined":11,"s:274:4:284:Infinity":43,"s:276:6:282:Infinity":44,"f:276:49:276:Infinity":8,"b:277:8:281:Infinity:undefined:undefined:undefined:undefined":12,"s:277:8:281:Infinity":45,"b:277:8:277:37:277:37:277:53":13,"s:278:10:280:Infinity":46,"f:278:32:278:33":9,"s:279:12:279:Infinity":47,"s:283:6:283:Infinity":48,"s:286:4:286:Infinity":49,"s:288:4:288:Infinity":50,"f:295:15:295:Infinity":10,"s:296:2:358:Infinity":51,"s:299:22:302:Infinity":52,"f:299:63:299:Infinity":11,"s:300:6:300:Infinity":53,"s:301:6:301:Infinity":54,"b:304:4:307:Infinity:undefined:undefined:undefined:undefined":14,"s:304:4:307:Infinity":55,"s:305:6:305:Infinity":56,"s:306:6:306:Infinity":57,"s:309:26:311:Infinity":58,"s:314:4:320:Infinity":59,"b:315:6:317:Infinity:undefined:undefined:undefined:undefined":15,"s:315:6:317:Infinity":60,"b:315:10:315:25:315:29:315:68":16,"s:316:8:316:Infinity":61,"s:319:6:319:Infinity":62,"s:322:4:328:Infinity":63,"b:323:6:325:Infinity:undefined:undefined:undefined:undefined":17,"s:323:6:325:Infinity":64,"b:323:10:323:25:323:29:323:68":18,"s:324:8:324:Infinity":65,"s:327:6:327:Infinity":66,"s:330:4:336:Infinity":67,"b:331:6:333:Infinity:undefined:undefined:undefined:undefined":19,"s:331:6:333:Infinity":68,"b:331:10:331:25:331:29:331:68":20,"s:332:8:332:Infinity":69,"s:335:6:335:Infinity":70,"s:338:4:344:Infinity":71,"b:339:6:341:Infinity:undefined:undefined:undefined:undefined":21,"s:339:6:341:Infinity":72,"b:339:10:339:25:339:29:339:68":22,"s:340:8:340:Infinity":73,"s:343:6:343:Infinity":74,"s:346:4:352:Infinity":75,"b:347:6:349:Infinity:undefined:undefined:undefined:undefined":23,"s:347:6:349:Infinity":76,"b:347:10:347:26:347:30:347:70":24,"s:348:8:348:Infinity":77,"s:351:6:351:Infinity":78,"s:354:4:354:Infinity":79,"s:357:4:357:Infinity":80,"f:368:16:368:Infinity":12,"b:371:40:371:42":25,"b:373:2:375:Infinity:undefined:undefined:undefined:undefined":26,"s:373:2:375:Infinity":81,"s:374:4:374:Infinity":82,"s:377:2:381:Infinity":83,"f:387:16:387:Infinity":13,"b:389:40:389:42":27,"b:391:2:393:Infinity:undefined:undefined:undefined:undefined":28,"s:391:2:393:Infinity":84,"s:392:4:392:Infinity":85,"s:395:2:398:Infinity":86,"s:405:51:405:Infinity":87,"f:410:16:410:38":14,"b:410:50:410:52":29,"b:411:2:413:Infinity:undefined:undefined:undefined:undefined":30,"s:411:2:413:Infinity":88,"s:412:4:412:Infinity":89,"b:415:2:417:Infinity:undefined:undefined:undefined:undefined":31,"s:415:2:417:Infinity":90,"s:416:4:416:Infinity":91,"s:419:2:434:Infinity":92,"s:420:4:429:Infinity":93,"f:420:47:420:48":15,"s:421:6:428:Infinity":94,"b:422:8:427:Infinity:undefined:undefined:undefined:undefined":32,"s:422:8:427:Infinity":95,"s:423:10:426:Infinity":96,"s:431:4:431:Infinity":97,"f:440:16:440:Infinity":16,"b:441:2:444:Infinity:undefined:undefined:undefined:undefined":33,"s:441:2:444:Infinity":98,"s:442:4:442:Infinity":99,"s:443:4:443:Infinity":100,"f:454:16:454:Infinity":17,"b:455:2:457:Infinity:undefined:undefined:undefined:undefined":34,"s:455:2:457:Infinity":101,"s:456:4:456:Infinity":102,"s:459:2:459:Infinity":103,"f:465:16:465:36":18,"b:465:50:465:54":35,"b:466:2:468:Infinity:undefined:undefined:undefined:undefined":36,"s:466:2:468:Infinity":104,"s:467:4:467:Infinity":105,"s:470:20:470:Infinity":106,"s:471:24:471:Infinity":107,"f:471:41:471:46":19,"s:471:46:471:Infinity":108,"s:473:2:482:Infinity":109,"s:474:4:481:Infinity":110,"f:492:16:492:29":20,"b:492:65:492:67":37,"b:494:2:496:Infinity:undefined:undefined:undefined:undefined":38,"s:494:2:496:Infinity":111,"s:495:4:495:Infinity":112,"f:506:16:506:Infinity":21,"s:507:2:507:Infinity":113}}}
}
