TN:
SF:src/ErrorFallback.tsx
FN:41,(anonymous_0)
FNF:1
FNH:1
FNDA:10,(anonymous_0)
DA:41,1
DA:44,10
LF:2
LH:2
BRDA:44,0,0,0
BRDA:44,0,1,10
BRF:2
BRH:1
end_of_record
TN:
SF:src/components/AnalyticsProvider.tsx
FN:34,(anonymous_0)
FN:37,(anonymous_1)
FN:39,(anonymous_2)
FNF:3
FNH:3
FNDA:15,(anonymous_0)
FNDA:14,(anonymous_1)
FNDA:14,(anonymous_2)
DA:34,1
DA:37,15
DA:39,14
DA:40,14
DA:42,14
DA:45,14
DA:46,14
DA:49,14
DA:50,14
DA:51,0
DA:52,0
DA:57,0
DA:62,13
DA:63,13
DA:64,5
DA:65,5
DA:72,0
DA:77,13
DA:78,13
DA:79,6
DA:80,6
DA:86,0
DA:91,13
DA:92,13
DA:93,0
DA:94,0
DA:100,0
DA:105,13
DA:106,13
DA:107,3
DA:108,3
DA:112,2
DA:117,13
DA:118,13
DA:119,1
DA:120,1
DA:126,1
DA:131,13
DA:133,6
DA:145,1
DA:149,14
LF:41
LH:33
BRDA:50,0,0,0
BRDA:50,0,1,14
BRDA:63,1,0,5
BRDA:63,1,1,8
BRDA:63,2,0,13
BRDA:63,2,1,8
BRDA:78,3,0,6
BRDA:78,3,1,7
BRDA:92,4,0,0
BRDA:92,4,1,13
BRDA:106,5,0,3
BRDA:106,5,1,10
BRDA:106,6,0,13
BRDA:106,6,1,3
BRDA:118,7,0,1
BRDA:118,7,1,12
BRDA:131,8,0,6
BRDA:131,8,1,7
BRDA:138,9,0,6
BRDA:138,9,1,3
BRF:20
BRH:18
end_of_record
TN:
SF:src/components/Breadcrumbs.tsx
FN:50,Breadcrumbs
FN:57,(anonymous_1)
FNF:2
FNH:2
FNDA:14,Breadcrumbs
FNDA:3,(anonymous_1)
DA:57,3
LF:1
LH:1
BRDA:57,0,0,3
BRDA:57,0,1,0
BRF:2
BRH:1
end_of_record
TN:
SF:src/components/ClickableCard.tsx
FN:47,(anonymous_0)
FN:49,(anonymous_1)
FNF:2
FNH:2
FNDA:12,(anonymous_0)
FNDA:5,(anonymous_1)
DA:46,1
DA:48,12
DA:50,5
DA:51,2
DA:52,2
DA:79,1
LF:6
LH:6
BRDA:47,0,0,12
BRDA:50,1,0,2
BRDA:50,1,1,3
BRDA:50,2,0,5
BRDA:50,2,1,4
BRDA:62,3,0,12
BRDA:62,3,1,11
BRF:7
BRH:7
end_of_record
TN:
SF:src/components/ConsentBanner.tsx
FN:63,(anonymous_0)
FN:81,(anonymous_1)
FN:83,(anonymous_2)
FN:86,(anonymous_3)
FN:165,(anonymous_4)
FN:197,(anonymous_5)
FN:214,(anonymous_6)
FN:243,(anonymous_7)
FN:270,(anonymous_8)
FN:273,(anonymous_9)
FNF:10
FNH:8
FNDA:16,(anonymous_0)
FNDA:1,(anonymous_1)
FNDA:1,(anonymous_2)
FNDA:1,(anonymous_3)
FNDA:0,(anonymous_4)
FNDA:1,(anonymous_5)
FNDA:0,(anonymous_6)
FNDA:3,(anonymous_7)
FNDA:5,(anonymous_8)
FNDA:5,(anonymous_9)
DA:38,1
DA:63,1
DA:73,16
DA:75,16
DA:81,16
DA:82,1
DA:83,1
DA:86,16
DA:87,1
DA:88,1
DA:92,16
DA:93,1
DA:165,0
DA:197,1
DA:215,0
DA:243,1
DA:250,3
DA:270,1
DA:271,5
DA:273,5
DA:274,5
DA:275,4
DA:280,5
DA:281,3
LF:24
LH:22
BRDA:82,0,0,0
BRDA:82,0,1,1
BRDA:92,1,0,1
BRDA:92,1,1,15
BRDA:92,2,0,16
BRDA:92,2,1,1
BRDA:165,3,0,0
BRDA:165,3,1,0
BRDA:244,4,0,3
BRDA:245,5,0,3
BRDA:274,6,0,1
BRDA:274,6,1,4
BRDA:276,7,0,4
BRDA:276,7,1,3
BRDA:277,8,0,5
BRDA:277,8,1,2
BRDA:280,9,0,1
BRDA:280,9,1,4
BRF:18
BRH:15
end_of_record
TN:
SF:src/components/Navigation.tsx
FN:56,(anonymous_0)
FN:59,(anonymous_1)
FN:69,(anonymous_2)
FN:100,(anonymous_3)
FN:132,(anonymous_4)
FNF:5
FNH:4
FNDA:14,(anonymous_0)
FNDA:2,(anonymous_1)
FNDA:1,(anonymous_2)
FNDA:1,(anonymous_3)
FNDA:0,(anonymous_4)
DA:56,1
DA:57,14
DA:59,14
DA:60,2
DA:61,2
DA:69,1
DA:100,1
DA:132,0
LF:8
LH:7
BRDA:99,0,0,1
BRDA:99,0,1,97
BRDA:131,1,0,14
BRDA:131,1,1,98
BRF:4
BRH:4
end_of_record
TN:
SF:src/components/PageHero.tsx
FN:61,PageHero
FNF:1
FNH:1
FNDA:16,PageHero
LF:0
LH:0
BRDA:65,0,0,16
BRF:1
BRH:1
end_of_record
TN:
SF:src/lib/analytics-config.ts
FN:21,getEnvironment
FN:209,getConfig
FN:225,getAnalyticsConfig
FN:232,getAppInsightsConfig
FN:239,getGA4Config
FN:246,getServerEventsConfig
FN:253,getClarityConfig
FN:260,getWebVitalsConfig
FN:267,getCostControlConfig
FN:274,getDataExportConfig
FN:291,getFeatureFlagsConfig
FNF:11
FNH:11
FNDA:16,getEnvironment
FNDA:16,getConfig
FNDA:5,getAnalyticsConfig
FNDA:1,getAppInsightsConfig
FNDA:1,getGA4Config
FNDA:1,getServerEventsConfig
FNDA:1,getClarityConfig
FNDA:1,getWebVitalsConfig
FNDA:1,getCostControlConfig
FNDA:1,getDataExportConfig
FNDA:2,getFeatureFlagsConfig
DA:23,16
DA:24,16
DA:26,3
DA:27,3
DA:28,3
DA:29,2
DA:32,1
DA:34,13
DA:77,23
DA:120,23
DA:161,23
DA:210,16
DA:212,16
DA:214,1
DA:216,2
DA:218,13
DA:226,5
DA:233,1
DA:240,1
DA:247,1
DA:254,1
DA:261,1
DA:268,1
DA:275,1
DA:292,2
DA:312,23
DA:323,23
DA:334,23
DA:346,23
DA:361,23
LF:30
LH:30
BRDA:24,0,0,3
BRDA:24,0,1,13
BRDA:26,1,0,3
BRDA:26,1,1,0
BRDA:28,2,0,2
BRDA:28,2,1,1
BRDA:28,3,0,3
BRDA:28,3,1,2
BRDA:83,4,0,23
BRDA:83,4,1,23
BRDA:126,5,0,23
BRDA:126,5,1,23
BRDA:137,6,0,23
BRDA:137,6,1,23
BRDA:156,7,0,23
BRDA:156,7,1,23
BRDA:167,8,0,23
BRDA:167,8,1,23
BRDA:178,9,0,23
BRDA:178,9,1,23
BRDA:197,10,0,23
BRDA:197,10,1,23
BRDA:212,11,0,1
BRDA:212,11,1,2
BRDA:212,11,2,13
BRF:25
BRH:24
end_of_record
TN:
SF:src/lib/constants.ts
FNF:0
FNH:0
DA:26,8
DA:41,8
DA:56,8
DA:67,8
DA:73,8
DA:78,8
DA:83,8
DA:92,8
DA:97,8
DA:102,8
LF:10
LH:10
BRF:0
BRH:0
end_of_record
TN:
SF:src/lib/contact-config.ts
FN:72,copyWhatsAppNumber
FN:94,getEmailUrl
FNF:2
FNH:2
FNDA:2,copyWhatsAppNumber
FNDA:6,getEmailUrl
DA:14,1
DA:73,2
DA:74,2
DA:75,1
DA:77,1
DA:95,6
DA:96,6
DA:97,3
DA:99,3
LF:9
LH:9
BRDA:94,0,0,6
BRDA:96,1,0,3
BRDA:96,1,1,3
BRF:3
BRH:3
end_of_record
TN:
SF:src/lib/feature-flags.ts
FN:60,initFeatureFlags
FN:93,fetchFlags
FN:138,stopFeatureFlags
FN:148,getFeatureFlagsConfig
FN:162,isFeatureEnabled
FN:170,getFeatureFlag
FN:177,getAllFlags
FN:193,trackExperimentAssigned
FN:236,trackExperimentExposed
FN:263,getExperimentAssignment
FN:275,assignExperimentVariant
FN:297,(anonymous_11)
FN:329,simpleHash
FN:342,normalizeWeights
FN:343,(anonymous_14)
FN:344,(anonymous_15)
FN:370,checkGuardrails
FN:416,useFeatureFlag
FN:417,(anonymous_18)
FN:419,(anonymous_19)
FN:432,useExperiment
FN:440,(anonymous_21)
FN:442,(anonymous_22)
FNF:23
FNH:23
FNDA:59,initFeatureFlags
FNDA:9,fetchFlags
FNDA:6,stopFeatureFlags
FNDA:2,getFeatureFlagsConfig
FNDA:18,isFeatureEnabled
FNDA:4,getFeatureFlag
FNDA:1,getAllFlags
FNDA:29,trackExperimentAssigned
FNDA:6,trackExperimentExposed
FNDA:8,getExperimentAssignment
FNDA:33,assignExperimentVariant
FNDA:43,(anonymous_11)
FNDA:27,simpleHash
FNDA:5,normalizeWeights
FNDA:14,(anonymous_14)
FNDA:14,(anonymous_15)
FNDA:10,checkGuardrails
FNDA:5,useFeatureFlag
FNDA:3,(anonymous_18)
FNDA:4,(anonymous_19)
FNDA:4,useExperiment
FNDA:4,(anonymous_21)
FNDA:1,(anonymous_22)
DA:23,1
DA:31,1
DA:54,1
DA:55,1
DA:61,59
DA:64,59
DA:65,59
DA:66,316
DA:69,59
DA:72,59
DA:73,9
DA:76,9
DA:77,1
DA:84,59
DA:86,4
DA:94,9
DA:96,9
DA:97,9
DA:103,8
DA:104,1
DA:107,7
DA:110,7
DA:111,6
DA:112,6
DA:113,6
DA:115,6
DA:124,7
DA:126,7
DA:128,1
DA:131,2
DA:139,6
DA:140,1
DA:141,1
DA:149,2
DA:163,18
DA:164,18
DA:171,4
DA:178,1
DA:179,1
DA:180,13
DA:182,1
DA:198,29
DA:199,29
DA:202,29
DA:203,29
DA:205,1
DA:209,28
DA:215,28
DA:218,28
DA:226,28
DA:228,2
DA:240,6
DA:241,6
DA:242,1
DA:243,1
DA:247,5
DA:254,5
DA:256,1
DA:264,8
DA:280,33
DA:281,1
DA:285,32
DA:286,32
DA:287,5
DA:291,27
DA:292,27
DA:295,27
DA:297,43
DA:299,33
DA:300,33
DA:302,33
DA:303,42
DA:304,42
DA:305,42
DA:306,42
DA:307,27
DA:308,27
DA:309,27
DA:310,27
DA:316,0
DA:317,0
DA:318,0
DA:319,0
DA:323,0
DA:330,27
DA:331,27
DA:332,1390
DA:333,1390
DA:334,1390
DA:336,27
DA:343,14
DA:344,14
DA:360,1
DA:380,10
DA:382,10
DA:383,2
DA:386,10
DA:387,2
DA:390,10
DA:395,7
DA:396,7
DA:397,2
DA:401,10
DA:417,5
DA:419,5
DA:421,4
DA:426,5
DA:440,4
DA:442,4
DA:443,1
DA:446,4
LF:111
LH:106
BRDA:60,0,0,59
BRDA:72,1,0,9
BRDA:72,1,1,50
BRDA:76,2,0,1
BRDA:76,2,1,8
BRDA:76,3,0,9
BRDA:76,3,1,1
BRDA:84,4,0,4
BRDA:84,4,1,55
BRDA:94,5,0,0
BRDA:94,5,1,9
BRDA:103,6,0,1
BRDA:103,6,1,7
BRDA:110,7,0,6
BRDA:110,7,1,1
BRDA:117,8,0,6
BRDA:117,8,1,1
BRDA:126,9,0,1
BRDA:126,9,1,6
BRDA:139,10,0,1
BRDA:139,10,1,5
BRDA:162,11,0,18
BRDA:164,12,0,18
BRDA:164,12,1,4
BRDA:171,13,0,4
BRDA:171,13,1,1
BRDA:196,14,0,29
BRDA:203,15,0,1
BRDA:203,15,1,28
BRDA:203,16,0,29
BRDA:203,16,1,2
BRDA:226,17,0,2
BRDA:226,17,1,26
BRDA:238,18,0,6
BRDA:241,19,0,1
BRDA:241,19,1,5
BRDA:254,20,0,1
BRDA:254,20,1,4
BRDA:264,21,0,8
BRDA:264,21,1,1
BRDA:280,22,0,1
BRDA:280,22,1,32
BRDA:286,23,0,5
BRDA:286,23,1,27
BRDA:295,24,0,5
BRDA:295,24,1,22
BRDA:304,25,0,0
BRDA:304,25,1,42
BRDA:306,26,0,27
BRDA:306,26,1,15
BRDA:308,27,0,27
BRDA:308,27,1,0
BRDA:317,28,0,0
BRDA:317,28,1,0
BRDA:323,29,0,0
BRDA:323,29,1,0
BRDA:378,30,0,10
BRDA:382,31,0,2
BRDA:382,31,1,8
BRDA:382,32,0,10
BRDA:382,32,1,6
BRDA:386,33,0,2
BRDA:386,33,1,8
BRDA:386,34,0,10
BRDA:386,34,1,7
BRDA:390,35,0,7
BRDA:390,35,1,3
BRDA:391,36,0,10
BRDA:391,36,1,8
BRDA:391,36,2,8
BRDA:396,37,0,2
BRDA:396,37,1,5
BRDA:416,38,0,5
BRF:73
BRH:66
end_of_record
TN:
SF:src/lib/materials-data.ts
FNF:0
FNH:0
DA:18,2
DA:72,2
LF:2
LH:2
BRF:0
BRH:0
end_of_record
TN:
SF:src/lib/media-data.ts
FNF:0
FNH:0
DA:18,1
DA:39,1
DA:66,1
LF:3
LH:3
BRF:0
BRH:0
end_of_record
TN:
SF:src/lib/publications-data.ts
FNF:0
FNH:0
DA:18,1
DA:53,1
LF:2
LH:2
BRF:0
BRH:0
end_of_record
TN:
SF:src/lib/seed-data.ts
FN:36,generateBiomaterialsProducts
FN:39,(anonymous_1)
FN:56,(anonymous_2)
FNF:3
FNH:3
FNDA:11,generateBiomaterialsProducts
FNDA:33,(anonymous_1)
FNDA:77,(anonymous_2)
DA:23,1
DA:37,11
DA:39,11
DA:40,33
DA:56,11
DA:57,77
DA:72,77
DA:73,11
DA:74,11
DA:77,77
DA:80,11
LF:11
LH:11
BRDA:52,0,0,22
BRDA:52,0,1,11
BRDA:69,1,0,33
BRDA:69,1,1,44
BRDA:72,2,0,11
BRDA:72,2,1,66
BRF:6
BRH:6
end_of_record
TN:
SF:src/lib/team-data.ts
FNF:0
FNH:0
DA:18,1
LF:1
LH:1
BRF:0
BRH:0
end_of_record
TN:
SF:src/lib/types.ts
FNF:0
FNH:0
LF:0
LH:0
BRF:0
BRH:0
end_of_record
TN:
SF:src/lib/utils.ts
FN:33,cn
FNF:1
FNH:1
FNDA:2256,cn
DA:34,2256
LF:1
LH:1
BRF:0
BRH:0
end_of_record
TN:
SF:src/lib/analytics/app-insights.ts
FN:74,initAppInsights
FN:93,(anonymous_1)
FN:107,loadAppInsights
FN:112,(anonymous_3)
FN:172,setupErrorTracking
FN:174,(anonymous_5)
FN:186,(anonymous_6)
FN:206,trackAppInsightsPageView
FN:225,trackAppInsightsEvent
FN:240,trackException
FN:259,trackMetric
FN:276,trackTrace
FN:297,getOperationId
FN:304,setOperationName
FN:313,getCorrelationHeaders
FN:323,generateSpanId
FN:326,(anonymous_16)
FN:336,handleAnalyticsEvent
FN:387,flushAppInsights
FN:394,isAppInsightsInitialized
FN:400,(anonymous_20)
FNF:21
FNH:17
FNDA:5,initAppInsights
FNDA:26,(anonymous_1)
FNDA:4,loadAppInsights
FNDA:0,(anonymous_3)
FNDA:4,setupErrorTracking
FNDA:0,(anonymous_5)
FNDA:0,(anonymous_6)
FNDA:5,trackAppInsightsPageView
FNDA:5,trackAppInsightsEvent
FNDA:5,trackException
FNDA:4,trackMetric
FNDA:7,trackTrace
FNDA:5,getOperationId
FNDA:2,setOperationName
FNDA:2,getCorrelationHeaders
FNDA:1,generateSpanId
FNDA:8,(anonymous_16)
FNDA:0,handleAnalyticsEvent
FNDA:13,flushAppInsights
FNDA:2,isAppInsightsInitialized
FNDA:11,(anonymous_20)
DA:62,2
DA:63,2
DA:75,5
DA:77,2
DA:78,2
DA:81,3
DA:83,1
DA:84,1
DA:88,2
DA:90,1
DA:93,1
DA:94,26
DA:95,3
DA:98,1
DA:101,1
DA:108,4
DA:112,4
DA:114,4
DA:116,0
DA:117,0
DA:120,4
DA:121,4
DA:123,4
DA:140,4
DA:143,4
DA:144,4
DA:146,4
DA:147,4
DA:148,4
DA:151,4
DA:154,4
DA:157,4
DA:161,0
DA:174,4
DA:175,0
DA:177,0
DA:186,4
DA:187,0
DA:189,0
DA:193,0
DA:210,5
DA:212,1
DA:229,5
DA:231,1
DA:244,5
DA:246,1
DA:264,4
DA:266,1
DA:281,7
DA:283,1
DA:298,5
DA:305,2
DA:306,1
DA:314,2
DA:315,2
DA:317,1
DA:324,1
DA:325,1
DA:326,8
DA:337,0
DA:339,0
DA:341,0
DA:346,0
DA:349,0
DA:353,0
DA:357,0
DA:366,0
DA:367,0
DA:376,0
DA:388,13
DA:395,2
DA:399,2
DA:400,2
DA:402,11
DA:403,11
DA:404,11
DA:405,11
LF:77
LH:59
BRDA:75,0,0,2
BRDA:75,0,1,3
BRDA:81,1,0,1
BRDA:81,1,1,2
BRDA:81,2,0,3
BRDA:81,2,1,1
BRDA:88,3,0,1
BRDA:88,3,1,1
BRDA:94,4,0,3
BRDA:94,4,1,23
BRDA:94,5,0,26
BRDA:94,5,1,23
BRDA:114,6,0,0
BRDA:114,6,1,4
BRDA:127,7,0,4
BRDA:127,7,1,4
BRDA:128,8,0,4
BRDA:128,8,1,4
BRDA:129,9,0,4
BRDA:129,9,1,4
BRDA:130,10,0,4
BRDA:130,10,1,4
BRDA:131,11,0,4
BRDA:131,11,1,4
BRDA:132,12,0,4
BRDA:132,12,1,4
BRDA:133,13,0,4
BRDA:133,13,1,4
BRDA:134,14,0,4
BRDA:134,14,1,4
BRDA:175,15,0,0
BRDA:175,15,1,0
BRDA:177,16,0,0
BRDA:177,16,1,0
BRDA:187,17,0,0
BRDA:187,17,1,0
BRDA:189,18,0,0
BRDA:189,18,1,0
BRDA:208,19,0,5
BRDA:210,20,0,4
BRDA:210,20,1,1
BRDA:210,21,0,5
BRDA:210,21,1,1
BRDA:227,22,0,5
BRDA:229,23,0,4
BRDA:229,23,1,1
BRDA:229,24,0,5
BRDA:229,24,1,1
BRDA:242,25,0,5
BRDA:244,26,0,4
BRDA:244,26,1,1
BRDA:244,27,0,5
BRDA:244,27,1,1
BRDA:262,28,0,4
BRDA:264,29,0,3
BRDA:264,29,1,1
BRDA:264,30,0,4
BRDA:264,30,1,1
BRDA:278,31,0,7
BRDA:279,32,0,7
BRDA:281,33,0,6
BRDA:281,33,1,1
BRDA:281,34,0,7
BRDA:281,34,1,1
BRDA:298,35,0,5
BRDA:298,35,1,3
BRDA:305,36,0,1
BRDA:305,36,1,1
BRDA:315,37,0,1
BRDA:315,37,1,1
BRDA:337,38,0,0
BRDA:337,38,1,0
BRDA:337,39,0,0
BRDA:337,39,1,0
BRDA:339,40,0,0
BRDA:339,40,1,0
BRDA:339,40,2,0
BRDA:366,41,0,0
BRDA:366,41,1,0
BRDA:399,42,0,2
BRDA:399,42,1,0
BRF:81
BRH:62
end_of_record
TN:
SF:src/lib/analytics/attribution.ts
FN:26,extractUTMFromURL
FN:43,hasUTMInURL
FN:45,(anonymous_2)
FN:63,getStoredUTM
FN:86,saveUTM
FN:114,captureUTM
FN:222,getUTM
FN:237,clearUTM
FN:249,getUTMForEvent
FNF:9
FNH:9
FNDA:65,extractUTMFromURL
FNDA:5,hasUTMInURL
FNDA:12,(anonymous_2)
FNDA:108,getStoredUTM
FNDA:18,saveUTM
FNDA:65,captureUTM
FNDA:43,getUTM
FNDA:3,clearUTM
FNDA:39,getUTMForEvent
DA:14,9
DA:15,9
DA:27,65
DA:28,65
DA:30,65
DA:31,325
DA:32,325
DA:33,25
DA:37,65
DA:44,5
DA:45,12
DA:64,108
DA:66,108
DA:67,108
DA:68,2
DA:72,106
DA:73,106
DA:74,7
DA:80,99
DA:87,18
DA:88,18
DA:90,18
DA:91,4
DA:93,14
DA:115,65
DA:116,65
DA:117,65
DA:120,65
DA:121,56
DA:123,1
DA:131,55
DA:133,11
DA:140,11
DA:141,11
DA:150,44
DA:151,1
DA:160,52
DA:161,3
DA:168,3
DA:169,3
DA:177,49
DA:178,5
DA:179,4
DA:186,4
DA:187,4
DA:196,1
DA:197,1
DA:207,44
DA:208,1
DA:216,43
DA:223,43
DA:224,43
DA:226,4
DA:238,3
DA:239,3
DA:240,3
DA:250,39
DA:251,39
DA:253,2
LF:59
LH:59
BRDA:32,0,0,25
BRDA:32,0,1,300
BRDA:67,1,0,2
BRDA:67,1,1,106
BRDA:73,2,0,7
BRDA:73,2,1,99
BRDA:90,3,0,4
BRDA:90,3,1,14
BRDA:114,4,0,65
BRDA:120,5,0,56
BRDA:120,5,1,9
BRDA:121,6,0,1
BRDA:121,6,1,55
BRDA:121,7,0,56
BRDA:121,7,1,2
BRDA:131,8,0,11
BRDA:131,8,1,44
BRDA:131,9,0,55
BRDA:131,9,1,12
BRDA:150,10,0,1
BRDA:150,10,1,43
BRDA:160,11,0,3
BRDA:160,11,1,49
BRDA:160,12,0,52
BRDA:160,12,1,4
BRDA:177,13,0,5
BRDA:177,13,1,44
BRDA:178,14,0,4
BRDA:178,14,1,1
BRDA:196,15,0,1
BRDA:196,15,1,0
BRDA:207,16,0,1
BRDA:207,16,1,43
BRDA:224,17,0,39
BRDA:224,17,1,4
BRDA:251,18,0,37
BRDA:251,18,1,2
BRF:37
BRH:36
end_of_record
TN:
SF:src/lib/analytics/consent.ts
FN:24,getConsentState
FN:50,saveConsentState
FN:78,clearNonEssentialCookies
FN:81,(anonymous_3)
FN:92,(anonymous_4)
FN:118,canTrack
FN:137,hasAnyTrackingConsent
FN:144,getConsentVersion
FN:156,acceptAllConsent
FN:176,acceptNecessaryOnly
FN:197,updateConsent
FN:226,withdrawConsent
FN:245,migrateConsentState
FN:266,getCookie
FN:271,setCookie
FN:286,getConsentAuditLog
FNF:16
FNH:16
FNDA:323,getConsentState
FNDA:512,saveConsentState
FNDA:169,clearNonEssentialCookies
FNDA:172,(anonymous_3)
FNDA:845,(anonymous_4)
FNDA:246,canTrack
FNDA:3,hasAnyTrackingConsent
FNDA:38,getConsentVersion
FNDA:416,acceptAllConsent
FNDA:79,acceptNecessaryOnly
FNDA:7,updateConsent
FNDA:75,withdrawConsent
FNDA:290,migrateConsentState
FNDA:323,getCookie
FNDA:512,setCookie
FNDA:3,getConsentAuditLog
DA:14,13
DA:15,13
DA:25,323
DA:27,323
DA:28,323
DA:29,275
DA:30,275
DA:34,48
DA:35,48
DA:36,16
DA:37,16
DA:41,1
DA:44,33
DA:51,512
DA:52,512
DA:58,512
DA:61,512
DA:64,512
DA:67,512
DA:71,1
DA:79,169
DA:81,169
DA:82,172
DA:83,172
DA:85,6
DA:86,6
DA:91,169
DA:92,169
DA:93,845
DA:94,845
DA:95,845
DA:120,246
DA:121,1
DA:124,245
DA:127,245
DA:128,19
DA:131,226
DA:138,3
DA:145,38
DA:146,38
DA:157,416
DA:169,416
DA:170,416
DA:177,79
DA:189,79
DA:190,79
DA:191,79
DA:198,7
DA:200,7
DA:213,7
DA:216,7
DA:217,5
DA:220,7
DA:227,75
DA:230,75
DA:233,75
DA:235,75
DA:248,290
DA:267,323
DA:268,323
DA:272,512
DA:273,512
DA:275,512
DA:276,512
DA:287,3
DA:289,3
LF:66
LH:66
BRDA:28,0,0,275
BRDA:28,0,1,48
BRDA:35,1,0,16
BRDA:35,1,1,32
BRDA:82,2,0,172
BRDA:82,2,1,0
BRDA:83,3,0,6
BRDA:83,3,1,166
BRDA:83,4,0,172
BRDA:83,4,1,168
BRDA:120,5,0,1
BRDA:120,5,1,245
BRDA:127,6,0,19
BRDA:127,6,1,226
BRDA:138,7,0,3
BRDA:138,7,1,2
BRDA:216,8,0,5
BRDA:216,8,1,2
BRDA:216,9,0,7
BRDA:216,9,1,5
BRDA:249,10,0,290
BRDA:249,10,1,1
BRDA:250,11,0,290
BRDA:250,11,1,1
BRDA:253,12,0,290
BRDA:253,12,1,1
BRDA:254,13,0,290
BRDA:254,13,1,1
BRDA:257,14,0,290
BRDA:257,14,1,1
BRDA:258,15,0,290
BRDA:258,15,1,1
BRDA:268,16,0,275
BRDA:268,16,1,48
BRDA:268,17,0,275
BRDA:268,17,1,0
BRDA:275,18,0,511
BRDA:275,18,1,1
BRF:38
BRH:36
end_of_record
TN:
SF:src/lib/analytics/cost-control.ts
FN:116,createInitialMetrics
FN:139,loadMetrics
FN:169,saveMetrics
FN:184,shouldAllowEvent
FN:265,recordEventSent
FN:280,calculateSamplingRate
FN:310,getEstimatedCosts
FN:341,getUsageMetrics
FN:348,getThrottlingStatus
FN:395,initCostControls
FN:415,updateCostControlConfig
FN:422,resetSessionMetrics
FN:431,getCostControlConfig
FN:442,withCostControl
FN:446,(anonymous_14)
FNF:15
FNH:15
FNDA:2,createInitialMetrics
FNDA:85,loadMetrics
FNDA:50,saveMetrics
FNDA:27,shouldAllowEvent
FNDA:520,recordEventSent
FNDA:25,calculateSamplingRate
FNDA:4,getEstimatedCosts
FNDA:17,getUsageMetrics
FNDA:6,getThrottlingStatus
FNDA:85,initCostControls
FNDA:2,updateCostControlConfig
FNDA:7,resetSessionMetrics
FNDA:4,getCostControlConfig
FNDA:8,withCostControl
FNDA:7,(anonymous_14)
DA:80,2
DA:106,2
DA:107,2
DA:113,2
DA:114,2
DA:117,2
DA:134,2
DA:140,85
DA:141,85
DA:142,85
DA:143,7
DA:146,7
DA:147,7
DA:149,7
DA:150,1
DA:151,1
DA:154,7
DA:155,1
DA:156,1
DA:159,7
DA:170,50
DA:171,50
DA:185,27
DA:186,1
DA:190,26
DA:191,1
DA:195,25
DA:196,25
DA:197,0
DA:198,0
DA:202,25
DA:203,25
DA:206,25
DA:211,27
DA:212,11
DA:213,9
DA:214,9
DA:219,16
DA:220,5
DA:221,3
DA:222,3
DA:227,13
DA:228,1
DA:229,1
DA:230,1
DA:235,12
DA:236,1
DA:237,1
DA:238,1
DA:243,11
DA:244,11
DA:245,1
DA:246,1
DA:247,1
DA:252,10
DA:253,2
DA:254,1
DA:255,1
DA:259,9
DA:266,520
DA:267,520
DA:268,520
DA:269,520
DA:272,520
DA:273,50
DA:282,25
DA:285,25
DA:286,25
DA:287,25
DA:289,25
DA:292,25
DA:293,5
DA:294,20
DA:296,0
DA:297,0
DA:300,25
DA:317,4
DA:318,4
DA:321,4
DA:322,4
DA:323,4
DA:325,4
DA:342,17
DA:359,6
DA:396,85
DA:399,85
DA:402,85
DA:404,85
DA:406,3
DA:408,3
DA:416,2
DA:423,7
DA:424,7
DA:425,7
DA:432,4
DA:446,8
DA:447,7
DA:449,7
DA:450,3
DA:452,1
DA:454,3
DA:457,4
DA:459,4
DA:460,2
DA:463,4
LF:105
LH:101
BRDA:123,0,0,2
BRDA:123,0,1,0
BRDA:142,1,0,7
BRDA:142,1,1,78
BRDA:146,2,0,7
BRDA:146,2,1,0
BRDA:149,3,0,1
BRDA:149,3,1,6
BRDA:154,4,0,1
BRDA:154,4,1,6
BRDA:185,5,0,1
BRDA:185,5,1,26
BRDA:190,6,0,1
BRDA:190,6,1,25
BRDA:196,7,0,0
BRDA:196,7,1,25
BRDA:206,8,0,25
BRDA:206,8,1,4
BRDA:211,9,0,11
BRDA:211,9,1,16
BRDA:212,10,0,9
BRDA:212,10,1,2
BRDA:219,11,0,5
BRDA:219,11,1,11
BRDA:220,12,0,3
BRDA:220,12,1,2
BRDA:227,13,0,1
BRDA:227,13,1,12
BRDA:228,14,0,1
BRDA:228,14,1,0
BRDA:235,15,0,1
BRDA:235,15,1,11
BRDA:236,16,0,1
BRDA:236,16,1,0
BRDA:244,17,0,1
BRDA:244,17,1,10
BRDA:245,18,0,1
BRDA:245,18,1,0
BRDA:252,19,0,2
BRDA:252,19,1,8
BRDA:252,20,0,10
BRDA:252,20,1,5
BRDA:253,21,0,1
BRDA:253,21,1,1
BRDA:272,22,0,50
BRDA:272,22,1,470
BRDA:292,23,0,5
BRDA:292,23,1,20
BRDA:294,24,0,0
BRDA:294,24,1,20
BRDA:360,25,0,6
BRDA:360,25,1,5
BRDA:395,26,0,85
BRDA:404,27,0,3
BRDA:404,27,1,82
BRDA:449,28,0,3
BRDA:449,28,1,4
BRDA:450,29,0,1
BRDA:450,29,1,2
BRDA:459,30,0,2
BRDA:459,30,1,2
BRF:61
BRH:54
end_of_record
TN:
SF:src/lib/analytics/data-export.ts
FN:117,generateEventId
FN:124,generateBatchId
FN:131,getContext
FN:150,getPartitions
FN:164,transformEventForExport
FN:198,bufferEvent
FN:219,flushEvents
FN:246,sendBatch
FN:288,(anonymous_8)
FN:299,storeFailedBatch
FN:317,retryFailedBatches
FN:342,initDataExport
FN:359,(anonymous_12)
FN:364,(anonymous_13)
FN:384,stopDataExport
FN:397,getExportConfig
FN:404,getBufferSize
FNF:17
FNH:14
FNDA:3,generateEventId
FNDA:10,generateBatchId
FNDA:4,getContext
FNDA:4,getPartitions
FNDA:4,transformEventForExport
FNDA:12,bufferEvent
FNDA:53,flushEvents
FNDA:13,sendBatch
FNDA:0,(anonymous_8)
FNDA:0,storeFailedBatch
FNDA:26,retryFailedBatches
FNDA:22,initDataExport
FNDA:0,(anonymous_12)
FNDA:18,(anonymous_13)
FNDA:30,stopDataExport
FNDA:6,getExportConfig
FNDA:7,getBufferSize
DA:91,2
DA:105,2
DA:106,2
DA:107,2
DA:108,2
DA:118,3
DA:125,10
DA:132,4
DA:151,4
DA:168,4
DA:169,4
DA:172,4
DA:173,4
DA:175,4
DA:199,12
DA:200,1
DA:203,11
DA:205,11
DA:207,1
DA:211,11
DA:212,1
DA:220,53
DA:221,43
DA:224,10
DA:225,10
DA:227,10
DA:235,10
DA:237,1
DA:240,10
DA:247,13
DA:250,13
DA:251,4
DA:252,4
DA:254,4
DA:255,1
DA:257,0
DA:259,1
DA:264,12
DA:265,12
DA:274,11
DA:275,0
DA:278,11
DA:280,1
DA:283,1
DA:286,1
DA:287,1
DA:288,1
DA:291,0
DA:300,0
DA:301,0
DA:302,0
DA:305,0
DA:306,0
DA:307,0
DA:318,26
DA:319,26
DA:320,26
DA:321,22
DA:324,4
DA:325,4
DA:327,4
DA:328,3
DA:343,22
DA:344,0
DA:347,22
DA:349,22
DA:350,2
DA:354,20
DA:355,20
DA:359,20
DA:360,0
DA:364,20
DA:365,18
DA:366,18
DA:371,20
DA:373,20
DA:375,20
DA:377,1
DA:385,30
DA:386,20
DA:387,20
DA:390,30
DA:391,30
DA:398,6
DA:405,7
DA:438,2
DA:440,2
LF:87
LH:76
BRDA:152,0,0,4
BRDA:152,0,1,0
BRDA:172,1,0,1
BRDA:172,1,1,3
BRDA:173,2,0,3
BRDA:173,2,1,1
BRDA:176,3,0,4
BRDA:176,3,1,0
BRDA:199,4,0,1
BRDA:199,4,1,11
BRDA:199,5,0,12
BRDA:199,5,1,11
BRDA:205,6,0,1
BRDA:205,6,1,10
BRDA:211,7,0,1
BRDA:211,7,1,10
BRDA:220,8,0,43
BRDA:220,8,1,10
BRDA:235,9,0,1
BRDA:235,9,1,9
BRDA:246,10,0,13
BRDA:250,11,0,4
BRDA:250,11,1,9
BRDA:250,12,0,13
BRDA:250,12,1,4
BRDA:254,13,0,1
BRDA:254,13,1,3
BRDA:255,14,0,0
BRDA:255,14,1,1
BRDA:274,15,0,0
BRDA:274,15,1,11
BRDA:278,16,0,1
BRDA:278,16,1,10
BRDA:286,17,0,1
BRDA:286,17,1,0
BRDA:302,18,0,0
BRDA:302,18,1,0
BRDA:305,19,0,0
BRDA:305,19,1,0
BRDA:320,20,0,22
BRDA:320,20,1,4
BRDA:342,21,0,22
BRDA:343,22,0,0
BRDA:343,22,1,22
BRDA:349,23,0,2
BRDA:349,23,1,20
BRDA:354,24,0,20
BRDA:354,24,1,0
BRDA:365,25,0,18
BRDA:365,25,1,0
BRDA:375,26,0,1
BRDA:375,26,1,19
BRDA:385,27,0,20
BRDA:385,27,1,10
BRF:54
BRH:42
end_of_record
TN:
SF:src/lib/analytics/ga4.ts
FN:59,initGA4
FN:76,gtag
FN:96,(anonymous_2)
FN:115,loadGA4Script
FN:116,(anonymous_4)
FN:126,(anonymous_5)
FN:133,(anonymous_6)
FN:144,configureGA4
FN:180,updateGA4Consent
FN:204,setGA4ConsentDefaults
FN:224,trackGA4PageView
FN:242,trackGA4Event
FN:260,trackGA4Conversion
FN:285,trackGA4FormSubmit
FN:300,trackGA4Download
FN:315,trackGA4VideoStart
FN:330,trackGA4Search
FN:347,handleAnalyticsEvent
FN:390,markAsInternalTraffic
FN:408,isInternalTraffic
FN:423,isGA4Initialized
FN:431,resetGA4ForTesting
FN:439,(anonymous_22)
FNF:23
FNH:15
FNDA:5,initGA4
FNDA:0,gtag
FNDA:0,(anonymous_2)
FNDA:0,loadGA4Script
FNDA:0,(anonymous_4)
FNDA:0,(anonymous_5)
FNDA:0,(anonymous_6)
FNDA:0,configureGA4
FNDA:8,updateGA4Consent
FNDA:2,setGA4ConsentDefaults
FNDA:4,trackGA4PageView
FNDA:19,trackGA4Event
FNDA:5,trackGA4Conversion
FNDA:3,trackGA4FormSubmit
FNDA:3,trackGA4Download
FNDA:3,trackGA4VideoStart
FNDA:3,trackGA4Search
FNDA:0,handleAnalyticsEvent
FNDA:4,markAsInternalTraffic
FNDA:3,isInternalTraffic
FNDA:2,isGA4Initialized
FNDA:86,resetGA4ForTesting
FNDA:8,(anonymous_22)
DA:46,2
DA:47,2
DA:48,2
DA:60,5
DA:62,0
DA:63,0
DA:66,5
DA:68,5
DA:69,5
DA:72,0
DA:75,0
DA:76,5
DA:77,0
DA:82,5
DA:85,5
DA:88,5
DA:89,0
DA:90,0
DA:93,0
DA:96,0
DA:97,0
DA:98,0
DA:99,0
DA:100,0
DA:103,0
DA:106,0
DA:109,0
DA:116,0
DA:117,0
DA:118,0
DA:119,0
DA:122,0
DA:123,0
DA:124,0
DA:126,0
DA:127,0
DA:129,0
DA:130,0
DA:133,0
DA:134,0
DA:137,0
DA:145,0
DA:147,0
DA:149,0
DA:151,0
DA:163,0
DA:170,0
DA:181,8
DA:182,8
DA:184,8
DA:195,8
DA:205,2
DA:229,4
DA:231,3
DA:246,19
DA:249,14
DA:254,14
DA:267,5
DA:269,4
DA:290,3
DA:305,3
DA:320,3
DA:334,3
DA:348,0
DA:350,0
DA:352,0
DA:358,0
DA:362,0
DA:367,0
DA:368,0
DA:373,0
DA:378,0
DA:391,4
DA:398,4
DA:399,4
DA:409,3
DA:410,3
DA:412,1
DA:424,2
DA:432,86
DA:433,86
DA:434,86
DA:438,2
DA:439,2
DA:441,8
LF:85
LH:40
BRDA:60,0,0,0
BRDA:60,0,1,5
BRDA:66,1,0,5
BRDA:66,1,1,0
BRDA:75,2,0,0
BRDA:75,2,1,0
BRDA:88,3,0,0
BRDA:88,3,1,0
BRDA:97,4,0,0
BRDA:97,4,1,0
BRDA:97,5,0,0
BRDA:97,5,1,0
BRDA:117,6,0,0
BRDA:117,6,1,0
BRDA:145,7,0,0
BRDA:145,7,1,0
BRDA:153,8,0,0
BRDA:153,8,1,0
BRDA:159,9,0,0
BRDA:159,9,1,0
BRDA:185,10,0,0
BRDA:185,10,1,8
BRDA:186,11,0,0
BRDA:186,11,1,8
BRDA:187,12,0,0
BRDA:187,12,1,8
BRDA:188,13,0,0
BRDA:188,13,1,8
BRDA:190,14,0,0
BRDA:190,14,1,8
BRDA:227,15,0,4
BRDA:229,16,0,1
BRDA:229,16,1,3
BRDA:244,17,0,19
BRDA:246,18,0,5
BRDA:246,18,1,14
BRDA:265,19,0,5
BRDA:267,20,0,1
BRDA:267,20,1,4
BRDA:323,21,0,3
BRDA:323,21,1,2
BRDA:348,22,0,0
BRDA:348,22,1,0
BRDA:350,23,0,0
BRDA:350,23,1,0
BRDA:350,23,2,0
BRDA:424,24,0,2
BRDA:424,24,1,0
BRDA:438,25,0,2
BRDA:438,25,1,0
BRF:50
BRH:20
end_of_record
TN:
SF:src/lib/analytics/hooks.ts
FN:67,useConsent
FN:68,(anonymous_1)
FN:72,(anonymous_2)
FN:73,(anonymous_3)
FN:83,(anonymous_4)
FN:90,(anonymous_5)
FN:96,(anonymous_6)
FN:102,(anonymous_7)
FN:108,(anonymous_8)
FN:113,(anonymous_9)
FN:119,(anonymous_10)
FN:123,(anonymous_11)
FN:136,(anonymous_12)
FN:137,(anonymous_13)
FN:173,useAnalytics
FN:174,(anonymous_15)
FN:177,(anonymous_16)
FN:178,(anonymous_17)
FN:183,(anonymous_18)
FN:211,usePageTracking
FN:215,(anonymous_20)
FN:242,useAnalyticsInit
FN:243,(anonymous_22)
FN:265,useTrackEvent
FN:270,(anonymous_24)
FN:297,useConversionTracking
FN:301,(anonymous_26)
FN:306,(anonymous_27)
FNF:28
FNH:28
FNDA:19,useConsent
FNDA:12,(anonymous_1)
FNDA:12,(anonymous_2)
FNDA:4,(anonymous_3)
FNDA:4,(anonymous_4)
FNDA:12,(anonymous_5)
FNDA:1,(anonymous_6)
FNDA:1,(anonymous_7)
FNDA:1,(anonymous_8)
FNDA:1,(anonymous_9)
FNDA:1,(anonymous_10)
FNDA:16,(anonymous_11)
FNDA:1,(anonymous_12)
FNDA:1,(anonymous_13)
FNDA:7,useAnalytics
FNDA:6,(anonymous_15)
FNDA:6,(anonymous_16)
FNDA:2,(anonymous_17)
FNDA:6,(anonymous_18)
FNDA:10,usePageTracking
FNDA:10,(anonymous_20)
FNDA:4,useAnalyticsInit
FNDA:2,(anonymous_22)
FNDA:4,useTrackEvent
FNDA:2,(anonymous_24)
FNDA:7,useConversionTracking
FNDA:5,(anonymous_26)
FNDA:3,(anonymous_27)
DA:68,19
DA:69,19
DA:72,19
DA:73,12
DA:74,4
DA:75,2
DA:76,2
DA:83,12
DA:84,4
DA:87,12
DA:88,12
DA:90,12
DA:91,12
DA:92,12
DA:96,19
DA:97,1
DA:98,1
DA:99,1
DA:102,19
DA:103,1
DA:104,1
DA:105,1
DA:108,19
DA:109,1
DA:110,1
DA:113,19
DA:114,1
DA:115,1
DA:116,1
DA:119,19
DA:120,1
DA:123,19
DA:124,16
DA:127,19
DA:136,1
DA:137,1
DA:174,7
DA:177,7
DA:178,6
DA:179,2
DA:182,6
DA:183,6
DA:186,7
DA:215,10
DA:216,10
DA:217,10
DA:219,1
DA:243,4
DA:244,2
DA:271,2
DA:301,7
DA:302,5
DA:305,7
DA:307,3
DA:308,3
DA:309,3
DA:310,2
DA:316,7
LF:58
LH:58
BRDA:74,0,0,2
BRDA:74,0,1,2
BRDA:74,1,0,4
BRDA:74,1,1,3
BRDA:213,2,0,10
BRDA:242,3,0,4
BRDA:267,4,0,4
BRDA:270,5,0,2
BRDA:306,6,0,3
BRDA:309,7,0,2
BRDA:309,7,1,1
BRF:11
BRH:11
end_of_record
TN:
SF:src/lib/analytics/identity.ts
FN:25,generateAnonymousId
FN:31,(anonymous_1)
FN:41,generateSessionId
FN:67,getOrCreateAnonymousId
FN:108,getTodayKey
FN:116,getOrCreateSession
FN:178,getIdentity
FN:194,getAnonymousId
FN:201,getSessionId
FN:209,refreshSession
FN:225,resetSession
FN:237,clearIdentity
FN:253,isStorageAvailable
FN:282,getIdentityWithFallback
FNF:14
FNH:14
FNDA:96,generateAnonymousId
FNDA:31,(anonymous_1)
FNDA:98,generateSessionId
FNDA:137,getOrCreateAnonymousId
FNDA:112,getTodayKey
FNDA:112,getOrCreateSession
FNDA:65,getIdentity
FNDA:72,getAnonymousId
FNDA:44,getSessionId
FNDA:4,refreshSession
FNDA:3,resetSession
FNDA:6,clearIdentity
FNDA:50,isStorageAvailable
FNDA:47,getIdentityWithFallback
DA:14,9
DA:15,9
DA:26,96
DA:27,95
DA:31,1
DA:32,31
DA:33,31
DA:34,31
DA:42,98
DA:43,98
DA:44,98
DA:68,137
DA:69,137
DA:71,137
DA:72,46
DA:73,46
DA:76,46
DA:77,43
DA:85,94
DA:86,94
DA:87,94
DA:88,94
DA:90,94
DA:96,94
DA:97,94
DA:102,94
DA:109,112
DA:110,112
DA:117,112
DA:118,112
DA:120,112
DA:121,112
DA:123,112
DA:124,21
DA:125,21
DA:126,21
DA:129,21
DA:131,18
DA:133,17
DA:137,17
DA:138,17
DA:139,17
DA:140,17
DA:149,95
DA:150,95
DA:152,95
DA:159,95
DA:160,95
DA:165,95
DA:179,65
DA:180,65
DA:182,65
DA:195,72
DA:202,44
DA:210,4
DA:211,4
DA:212,4
DA:213,3
DA:214,3
DA:215,3
DA:226,3
DA:227,3
DA:231,3
DA:238,6
DA:239,6
DA:240,6
DA:254,50
DA:256,50
DA:257,50
DA:259,50
DA:260,50
DA:261,50
DA:262,50
DA:264,1
DA:267,50
DA:268,50
DA:269,50
DA:270,50
DA:272,1
DA:275,50
DA:283,47
DA:285,47
DA:286,45
DA:290,2
DA:291,2
LF:85
LH:85
BRDA:26,0,0,95
BRDA:26,0,1,1
BRDA:26,1,0,96
BRDA:26,1,1,96
BRDA:33,2,0,30
BRDA:33,2,1,1
BRDA:71,3,0,46
BRDA:71,3,1,91
BRDA:76,4,0,43
BRDA:76,4,1,3
BRDA:110,5,0,112
BRDA:110,5,1,0
BRDA:123,6,0,21
BRDA:123,6,1,91
BRDA:129,7,0,18
BRDA:129,7,1,3
BRDA:131,8,0,17
BRDA:131,8,1,1
BRDA:131,9,0,18
BRDA:131,9,1,18
BRDA:138,10,0,17
BRDA:138,10,1,1
BRDA:139,11,0,17
BRDA:139,11,1,1
BRDA:178,12,0,65
BRDA:194,13,0,72
BRDA:201,14,0,44
BRDA:212,15,0,3
BRDA:212,15,1,1
BRDA:282,16,0,47
BRDA:285,17,0,45
BRDA:285,17,1,2
BRDA:285,18,0,47
BRDA:285,18,1,46
BRF:34
BRH:33
end_of_record
TN:
SF:src/lib/analytics/index.ts
FNF:0
FNH:0
LF:0
LH:0
BRF:0
BRH:0
end_of_record
TN:
SF:src/lib/analytics/schemas.ts
FN:205,validateEvent
FN:216,(anonymous_1)
FN:230,validateSpecificEvent
FN:254,(anonymous_3)
FN:268,validateAndWrap
FN:285,getRequiredProperties
FN:319,hasRequiredProperties
FN:324,(anonymous_7)
FNF:8
FNH:8
FNDA:4,validateEvent
FNDA:2,(anonymous_1)
FNDA:3,validateSpecificEvent
FNDA:2,(anonymous_3)
FNDA:2,validateAndWrap
FNDA:14,getRequiredProperties
FNDA:5,hasRequiredProperties
FNDA:68,(anonymous_7)
DA:18,2
DA:61,2
DA:72,2
DA:81,2
DA:95,2
DA:108,2
DA:120,2
DA:132,2
DA:145,2
DA:158,2
DA:170,2
DA:186,2
DA:206,4
DA:208,4
DA:209,2
DA:216,2
DA:217,2
DA:220,2
DA:234,3
DA:236,3
DA:237,1
DA:244,2
DA:246,2
DA:247,1
DA:254,1
DA:255,2
DA:258,1
DA:269,2
DA:271,2
DA:287,14
DA:303,14
DA:313,14
DA:323,5
DA:324,68
DA:326,5
LF:35
LH:35
BRDA:208,0,0,2
BRDA:208,0,1,2
BRDA:236,1,0,1
BRDA:236,1,1,2
BRDA:246,2,0,1
BRDA:246,2,1,1
BRDA:313,3,0,14
BRDA:313,3,1,1
BRF:8
BRH:8
end_of_record
TN:
SF:src/lib/analytics/seo.ts
FN:145,updatePageMeta
FN:182,updateMetaTag
FN:201,updateOGMetaTag
FN:220,updateOGTags
FN:234,updateTwitterTags
FN:247,updateLinkTag
FN:266,addStructuredData
FN:291,addOrganizationSchema
FN:301,addProductSchema
FN:311,addArticleSchema
FN:324,addBreadcrumbSchema
FN:329,(anonymous_11)
FN:347,configureRedirects
FN:354,checkRedirect
FN:374,executeRedirect
FN:401,trackPageIndexability
FN:425,trackOutboundLink
FN:450,setupOutboundLinkTracking
FN:451,(anonymous_18)
FN:514,setPageMetadata
FN:528,usePageSEO
FNF:21
FNH:21
FNDA:12,updatePageMeta
FNDA:43,updateMetaTag
FNDA:32,updateOGMetaTag
FNDA:4,updateOGTags
FNDA:1,updateTwitterTags
FNDA:1,updateLinkTag
FNDA:7,addStructuredData
FNDA:2,addOrganizationSchema
FNDA:1,addProductSchema
FNDA:2,addArticleSchema
FNDA:2,addBreadcrumbSchema
FNDA:5,(anonymous_11)
FNDA:4,configureRedirects
FNDA:3,checkRedirect
FNDA:2,executeRedirect
FNDA:3,trackPageIndexability
FNDA:12,trackOutboundLink
FNDA:4,setupOutboundLinkTracking
FNDA:6,(anonymous_18)
FNDA:2,setPageMetadata
FNDA:2,usePageSEO
DA:128,2
DA:147,12
DA:148,7
DA:152,12
DA:153,12
DA:154,12
DA:157,12
DA:158,1
DA:162,12
DA:163,4
DA:167,12
DA:168,1
DA:172,12
DA:173,0
DA:174,0
DA:183,43
DA:184,32
DA:187,11
DA:189,11
DA:190,10
DA:191,10
DA:192,10
DA:195,11
DA:202,32
DA:203,5
DA:206,27
DA:208,27
DA:209,27
DA:210,27
DA:211,27
DA:214,27
DA:221,4
DA:222,4
DA:223,4
DA:224,4
DA:225,4
DA:226,4
DA:227,4
DA:228,4
DA:235,1
DA:236,1
DA:237,1
DA:238,1
DA:239,1
DA:240,1
DA:241,1
DA:248,1
DA:250,1
DA:251,1
DA:252,1
DA:253,1
DA:256,1
DA:269,7
DA:274,7
DA:275,7
DA:276,7
DA:277,7
DA:280,7
DA:281,7
DA:282,0
DA:285,7
DA:292,2
DA:302,1
DA:315,2
DA:327,2
DA:329,5
DA:342,2
DA:348,4
DA:355,3
DA:357,3
DA:358,5
DA:359,2
DA:360,2
DA:361,1
DA:363,3
DA:364,1
DA:368,1
DA:376,2
DA:377,0
DA:387,2
DA:388,1
DA:390,1
DA:402,3
DA:403,3
DA:406,0
DA:407,0
DA:409,3
DA:410,3
DA:412,3
DA:426,12
DA:427,12
DA:430,0
DA:431,0
DA:432,0
DA:434,0
DA:435,0
DA:451,4
DA:452,6
DA:453,6
DA:455,6
DA:456,6
DA:468,2
DA:515,2
DA:516,2
DA:517,1
DA:529,2
DA:530,0
DA:533,2
DA:538,2
LF:109
LH:97
BRDA:147,0,0,7
BRDA:147,0,1,5
BRDA:157,1,0,1
BRDA:157,1,1,11
BRDA:162,2,0,4
BRDA:162,2,1,8
BRDA:167,3,0,1
BRDA:167,3,1,11
BRDA:172,4,0,0
BRDA:172,4,1,12
BRDA:183,5,0,32
BRDA:183,5,1,11
BRDA:189,6,0,10
BRDA:189,6,1,1
BRDA:202,7,0,5
BRDA:202,7,1,27
BRDA:208,8,0,27
BRDA:208,8,1,0
BRDA:221,9,0,4
BRDA:221,9,1,4
BRDA:222,10,0,4
BRDA:222,10,1,4
BRDA:223,11,0,4
BRDA:223,11,1,0
BRDA:224,12,0,4
BRDA:224,12,1,4
BRDA:224,12,2,4
BRDA:225,13,0,4
BRDA:225,13,1,3
BRDA:227,14,0,4
BRDA:227,14,1,3
BRDA:228,15,0,4
BRDA:228,15,1,4
BRDA:235,16,0,1
BRDA:235,16,1,0
BRDA:236,17,0,1
BRDA:236,17,1,0
BRDA:238,18,0,1
BRDA:238,18,1,1
BRDA:239,19,0,1
BRDA:239,19,1,1
BRDA:240,20,0,1
BRDA:240,20,1,1
BRDA:250,21,0,1
BRDA:250,21,1,0
BRDA:277,22,0,7
BRDA:277,22,1,0
BRDA:281,23,0,0
BRDA:281,23,1,7
BRDA:313,24,0,2
BRDA:358,25,0,2
BRDA:358,25,1,3
BRDA:360,26,0,1
BRDA:360,26,1,1
BRDA:363,27,0,1
BRDA:363,27,1,2
BRDA:376,28,0,0
BRDA:376,28,1,2
BRDA:387,29,0,1
BRDA:387,29,1,1
BRDA:402,30,0,3
BRDA:402,30,1,0
BRDA:407,31,0,0
BRDA:407,31,1,0
BRDA:426,32,0,12
BRDA:426,32,1,0
BRDA:434,33,0,0
BRDA:434,33,1,0
BRDA:455,34,0,6
BRDA:455,34,1,0
BRDA:516,35,0,1
BRDA:516,35,1,1
BRDA:529,36,0,0
BRDA:529,36,1,2
BRF:74
BRH:57
end_of_record
TN:
SF:src/lib/analytics/session-replay.ts
FN:125,initClarity
FN:133,(anonymous_1)
FN:147,loadClarity
FN:162,(anonymous_3)
FN:172,(anonymous_4)
FN:197,applyPrivacySettings
FN:226,isSessionSelected
FN:248,forceEnableReplay
FN:266,tagSession
FN:277,markReplayEvent
FN:288,identifyReplayUser
FN:305,enableReplayOnError
FN:316,getClaritySessionUrl
FN:337,addMaskSelector
FN:346,addBlockSelector
FN:355,pauseReplay
FN:364,resumeReplay
FN:377,handleConsentWithdrawn
FN:398,initSessionReplay
FN:410,getReplayConfig
FN:417,getSessionReplayConfig
FN:424,isReplayActive
FN:431,resetSessionReplayForTesting
FNF:23
FNH:20
FNDA:28,initClarity
FNDA:2,(anonymous_1)
FNDA:25,loadClarity
FNDA:0,(anonymous_3)
FNDA:0,(anonymous_4)
FNDA:0,applyPrivacySettings
FNDA:25,isSessionSelected
FNDA:6,forceEnableReplay
FNDA:4,tagSession
FNDA:2,markReplayEvent
FNDA:1,identifyReplayUser
FNDA:2,enableReplayOnError
FNDA:4,getClaritySessionUrl
FNDA:2,addMaskSelector
FNDA:2,addBlockSelector
FNDA:4,pauseReplay
FNDA:4,resumeReplay
FNDA:4,handleConsentWithdrawn
FNDA:28,initSessionReplay
FNDA:19,getReplayConfig
FNDA:18,getSessionReplayConfig
FNDA:3,isReplayActive
FNDA:115,resetSessionReplayForTesting
DA:58,2
DA:108,2
DA:109,2
DA:110,2
DA:126,28
DA:127,3
DA:131,25
DA:133,2
DA:134,2
DA:135,2
DA:138,2
DA:141,23
DA:149,25
DA:150,22
DA:152,3
DA:154,22
DA:157,3
DA:158,0
DA:162,3
DA:163,0
DA:164,0
DA:168,25
DA:169,25
DA:170,25
DA:172,25
DA:173,0
DA:176,0
DA:179,0
DA:180,0
DA:181,0
DA:185,0
DA:187,0
DA:191,25
DA:198,0
DA:199,0
DA:203,0
DA:205,0
DA:206,0
DA:207,0
DA:209,0
DA:210,0
DA:211,0
DA:213,0
DA:214,0
DA:215,0
DA:227,25
DA:228,0
DA:232,25
DA:233,25
DA:234,4
DA:235,4
DA:239,21
DA:240,21
DA:242,21
DA:249,6
DA:250,6
DA:253,6
DA:255,2
DA:267,4
DA:268,4
DA:271,0
DA:278,2
DA:279,2
DA:282,0
DA:289,1
DA:290,1
DA:294,0
DA:307,2
DA:310,2
DA:317,4
DA:318,4
DA:322,0
DA:323,0
DA:324,0
DA:327,0
DA:338,2
DA:339,1
DA:347,2
DA:348,1
DA:356,4
DA:357,2
DA:365,4
DA:366,2
DA:378,4
DA:379,3
DA:381,4
DA:382,4
DA:383,4
DA:387,2
DA:388,2
DA:399,28
DA:402,28
DA:403,26
DA:411,19
DA:418,18
DA:425,3
DA:432,115
DA:433,115
DA:434,115
DA:454,2
LF:100
LH:70
BRDA:126,0,0,3
BRDA:126,0,1,25
BRDA:131,1,0,2
BRDA:131,1,1,23
BRDA:134,2,0,2
BRDA:134,2,1,0
BRDA:134,3,0,2
BRDA:134,3,1,2
BRDA:149,4,0,22
BRDA:149,4,1,3
BRDA:150,5,0,3
BRDA:150,5,1,19
BRDA:157,6,0,0
BRDA:157,6,1,3
BRDA:162,7,0,3
BRDA:162,7,1,0
BRDA:163,8,0,0
BRDA:163,8,1,0
BRDA:179,9,0,0
BRDA:179,9,1,0
BRDA:185,10,0,0
BRDA:185,10,1,0
BRDA:198,11,0,0
BRDA:198,11,1,0
BRDA:203,12,0,0
BRDA:203,12,1,0
BRDA:203,12,2,0
BRDA:227,13,0,0
BRDA:227,13,1,25
BRDA:233,14,0,4
BRDA:233,14,1,21
BRDA:253,15,0,2
BRDA:253,15,1,4
BRDA:267,16,0,4
BRDA:267,16,1,0
BRDA:267,17,0,4
BRDA:267,17,1,0
BRDA:278,18,0,2
BRDA:278,18,1,0
BRDA:278,19,0,2
BRDA:278,19,1,0
BRDA:289,20,0,1
BRDA:289,20,1,0
BRDA:289,21,0,1
BRDA:289,21,1,0
BRDA:317,22,0,4
BRDA:317,22,1,0
BRDA:317,23,0,4
BRDA:317,23,1,0
BRDA:323,24,0,0
BRDA:323,24,1,0
BRDA:338,25,0,1
BRDA:338,25,1,1
BRDA:347,26,0,1
BRDA:347,26,1,1
BRDA:356,27,0,2
BRDA:356,27,1,2
BRDA:365,28,0,2
BRDA:365,28,1,2
BRDA:378,29,0,3
BRDA:378,29,1,1
BRDA:387,30,0,2
BRDA:387,30,1,0
BRDA:398,31,0,28
BRDA:402,32,0,26
BRDA:402,32,1,2
BRDA:425,33,0,3
BRDA:425,33,1,0
BRDA:425,33,2,0
BRF:69
BRH:41
end_of_record
TN:
SF:src/lib/analytics/tracker.ts
FN:42,debugLog
FN:56,initAnalytics
FN:94,getAnalyticsConfig
FN:105,getDeviceClass
FN:115,getStandardProperties
FN:166,track
FN:234,page
FN:280,conversion
FN:330,trackOnce
FN:340,trackOnceWithKey
FN:351,hasFired
FN:358,resetFiredEvents
FN:365,resetForTesting
FN:384,registerDestination
FN:391,sendToDestinations
FN:405,sendToServer
FN:439,handleConsentWithdrawn
FNF:17
FNH:16
FNDA:159,debugLog
FNDA:42,initAnalytics
FNDA:3,getAnalyticsConfig
FNDA:36,getDeviceClass
FNDA:36,getStandardProperties
FNDA:78,track
FNDA:13,page
FNDA:11,conversion
FNDA:8,trackOnce
FNDA:4,trackOnceWithKey
FNDA:4,hasFired
FNDA:0,resetFiredEvents
FNDA:42,resetForTesting
FNDA:34,registerDestination
FNDA:36,sendToDestinations
FNDA:8,sendToServer
FNDA:69,handleConsentWithdrawn
DA:28,8
DA:29,8
DA:33,8
DA:36,8
DA:43,159
DA:45,132
DA:57,42
DA:60,42
DA:61,42
DA:62,42
DA:63,40
DA:67,42
DA:68,42
DA:72,42
DA:74,42
DA:77,42
DA:78,2
DA:79,2
DA:80,2
DA:81,1
DA:82,1
DA:83,1
DA:88,42
DA:95,3
DA:106,36
DA:107,36
DA:108,35
DA:109,34
DA:116,36
DA:117,36
DA:119,36
DA:176,78
DA:177,47
DA:178,47
DA:182,31
DA:183,78
DA:184,2
DA:185,2
DA:189,29
DA:190,78
DA:191,5
DA:192,5
DA:196,24
DA:197,1
DA:198,1
DA:202,23
DA:212,23
DA:213,12
DA:217,23
DA:220,23
DA:222,23
DA:239,13
DA:240,7
DA:241,7
DA:245,6
DA:246,1
DA:247,1
DA:251,5
DA:262,5
DA:265,5
DA:268,5
DA:270,5
DA:286,11
DA:287,1
DA:288,1
DA:292,10
DA:293,10
DA:294,2
DA:295,2
DA:299,8
DA:311,8
DA:314,8
DA:317,8
DA:318,8
DA:320,8
DA:334,8
DA:345,4
DA:352,4
DA:359,0
DA:366,42
DA:367,42
DA:368,42
DA:369,42
DA:370,42
DA:371,42
DA:379,8
DA:385,34
DA:392,36
DA:393,33
DA:394,33
DA:397,1
DA:406,8
DA:408,8
DA:410,8
DA:412,8
DA:428,1
DA:441,69
DA:443,69
DA:447,8
DA:448,8
DA:455,8
LF:101
LH:100
BRDA:43,0,0,132
BRDA:43,0,1,27
BRDA:56,1,0,42
BRDA:60,2,0,42
BRDA:60,2,1,0
BRDA:62,3,0,40
BRDA:62,3,1,2
BRDA:67,4,0,42
BRDA:67,4,1,0
BRDA:68,5,0,42
BRDA:68,5,1,42
BRDA:79,6,0,2
BRDA:79,6,1,0
BRDA:80,7,0,1
BRDA:80,7,1,1
BRDA:82,8,0,1
BRDA:82,8,1,0
BRDA:107,9,0,1
BRDA:107,9,1,35
BRDA:108,10,0,1
BRDA:108,10,1,34
BRDA:168,11,0,78
BRDA:169,12,0,78
BRDA:176,13,0,47
BRDA:176,13,1,31
BRDA:182,14,0,31
BRDA:182,14,1,29
BRDA:183,15,0,2
BRDA:183,15,1,76
BRDA:189,16,0,29
BRDA:189,16,1,22
BRDA:190,17,0,5
BRDA:190,17,1,73
BRDA:190,18,0,78
BRDA:190,18,1,17
BRDA:196,19,0,1
BRDA:196,19,1,23
BRDA:196,20,0,24
BRDA:196,20,1,1
BRDA:212,21,0,12
BRDA:212,21,1,11
BRDA:236,22,0,13
BRDA:239,23,0,7
BRDA:239,23,1,6
BRDA:245,24,0,1
BRDA:245,24,1,5
BRDA:283,25,0,11
BRDA:286,26,0,1
BRDA:286,26,1,10
BRDA:293,27,0,2
BRDA:293,27,1,8
BRDA:332,28,0,8
BRDA:343,29,0,4
BRDA:406,30,0,0
BRDA:406,30,1,8
BRDA:410,31,0,8
BRDA:410,31,1,8
BRDA:447,32,0,8
BRDA:447,32,1,0
BRF:59
BRH:53
end_of_record
TN:
SF:src/lib/analytics/types.ts
FNF:0
FNH:0
DA:46,14
DA:90,14
DA:202,14
LF:3
LH:3
BRF:0
BRH:0
end_of_record
TN:
SF:src/lib/analytics/web-vitals.ts
FN:89,getRating
FN:111,reportMetric
FN:160,handleLCP
FN:179,handleINP
FN:198,handleCLS
FN:217,handleFCP
FN:236,handleTTFB
FN:261,initWebVitals
FN:276,(anonymous_8)
FN:278,(anonymous_9)
FN:295,loadWebVitals
FN:299,(anonymous_11)
FN:368,reportCustomMetric
FN:387,reportLongTask
FN:410,startLongTaskObserver
FN:420,(anonymous_15)
FN:440,stopLongTaskObserver
FN:454,getResourceTimings
FN:465,reportSlowResources
FN:471,(anonymous_19)
FN:492,useWebVitals
FN:506,getWebVitalsConfig
FNF:22
FNH:18
FNDA:10,getRating
FNDA:5,reportMetric
FNDA:1,handleLCP
FNDA:1,handleINP
FNDA:1,handleCLS
FNDA:1,handleFCP
FNDA:1,handleTTFB
FNDA:18,initWebVitals
FNDA:0,(anonymous_8)
FNDA:0,(anonymous_9)
FNDA:1,loadWebVitals
FNDA:0,(anonymous_11)
FNDA:6,reportCustomMetric
FNDA:3,reportLongTask
FNDA:9,startLongTaskObserver
FNDA:0,(anonymous_15)
FNDA:6,stopLongTaskObserver
FNDA:8,getResourceTimings
FNDA:5,reportSlowResources
FNDA:4,(anonymous_19)
FNDA:1,useWebVitals
FNDA:6,getWebVitalsConfig
DA:61,2
DA:73,2
DA:79,2
DA:80,2
DA:93,10
DA:95,10
DA:96,10
DA:98,0
DA:99,0
DA:101,0
DA:113,5
DA:114,0
DA:118,5
DA:119,5
DA:120,0
DA:122,5
DA:125,5
DA:128,5
DA:138,5
DA:139,0
DA:143,5
DA:150,5
DA:161,1
DA:162,1
DA:172,0
DA:180,1
DA:181,1
DA:191,0
DA:199,1
DA:200,1
DA:210,0
DA:218,1
DA:219,1
DA:229,0
DA:237,1
DA:238,1
DA:248,0
DA:262,18
DA:263,18
DA:264,17
DA:267,1
DA:269,1
DA:270,0
DA:274,1
DA:276,0
DA:277,0
DA:278,0
DA:279,0
DA:283,0
DA:286,1
DA:288,0
DA:296,1
DA:299,1
DA:300,0
DA:301,0
DA:304,1
DA:305,0
DA:306,0
DA:309,1
DA:314,1
DA:315,1
DA:316,1
DA:319,0
DA:322,1
DA:323,1
DA:324,1
DA:327,0
DA:330,1
DA:331,1
DA:332,1
DA:335,0
DA:338,1
DA:339,1
DA:340,1
DA:343,0
DA:346,1
DA:347,1
DA:348,1
DA:351,0
DA:354,1
DA:357,0
DA:373,6
DA:374,1
DA:377,5
DA:391,3
DA:392,1
DA:395,2
DA:405,2
DA:411,9
DA:412,2
DA:415,7
DA:416,3
DA:419,4
DA:420,4
DA:421,0
DA:422,0
DA:423,0
DA:431,4
DA:441,6
DA:442,4
DA:443,4
DA:455,8
DA:456,2
DA:459,6
DA:466,5
DA:467,1
DA:470,4
DA:471,4
DA:473,4
DA:474,1
DA:494,1
DA:495,1
DA:507,6
LF:113
LH:82
BRDA:93,0,0,10
BRDA:93,0,1,10
BRDA:95,1,0,10
BRDA:95,1,1,0
BRDA:98,2,0,0
BRDA:98,2,1,0
BRDA:113,3,0,0
BRDA:113,3,1,5
BRDA:119,4,0,0
BRDA:119,4,1,5
BRDA:119,5,0,5
BRDA:119,5,1,5
BRDA:138,6,0,0
BRDA:138,6,1,5
BRDA:138,7,0,5
BRDA:138,7,1,0
BRDA:261,8,0,18
BRDA:263,9,0,17
BRDA:263,9,1,1
BRDA:269,10,0,0
BRDA:269,10,1,1
BRDA:274,11,0,0
BRDA:274,11,1,1
BRDA:277,12,0,0
BRDA:277,12,1,0
BRDA:277,13,0,0
BRDA:277,13,1,0
BRDA:304,14,0,0
BRDA:304,14,1,1
BRDA:315,15,0,1
BRDA:315,15,1,0
BRDA:315,16,0,1
BRDA:315,16,1,1
BRDA:323,17,0,1
BRDA:323,17,1,0
BRDA:323,18,0,1
BRDA:323,18,1,1
BRDA:331,19,0,1
BRDA:331,19,1,0
BRDA:331,20,0,1
BRDA:331,20,1,1
BRDA:339,21,0,1
BRDA:339,21,1,0
BRDA:339,22,0,1
BRDA:339,22,1,1
BRDA:347,23,0,1
BRDA:347,23,1,0
BRDA:347,24,0,1
BRDA:347,24,1,1
BRDA:371,25,0,6
BRDA:373,26,0,1
BRDA:373,26,1,5
BRDA:389,27,0,3
BRDA:391,28,0,1
BRDA:391,28,1,2
BRDA:410,29,0,9
BRDA:411,30,0,2
BRDA:411,30,1,7
BRDA:415,31,0,3
BRDA:415,31,1,4
BRDA:422,32,0,0
BRDA:422,32,1,0
BRDA:441,33,0,4
BRDA:441,33,1,2
BRDA:455,34,0,2
BRDA:455,34,1,6
BRDA:465,35,0,5
BRDA:466,36,0,1
BRDA:466,36,1,4
BRDA:492,37,0,1
BRDA:494,38,0,1
BRDA:494,38,1,0
BRF:72
BRH:50
end_of_record
